[2026-02-28T10:24:05.766] [DEBUG] MongoDatabase - Logger initilized init(/media/udo/Exchange/Dokumente/Development/Node/cismdatabase/lib/foundation/Base.js:15:21)
[2026-02-28T10:24:06.557] [INFO] MongoDatabase - getQuestion: Getting random question ... getQuestion(/media/udo/Exchange/Dokumente/Development/Node/cismdatabase/lib/database/MongoDatabase.js:135:21)
[2026-02-28T10:24:06.666] [DEBUG] MongoDatabase - Logger initilized init(/media/udo/Exchange/Dokumente/Development/Node/cismdatabase/lib/foundation/Base.js:15:21)
[2026-02-28T10:24:07.194] [INFO] MongoDatabase - spec_getQuestionFull: Getting the full question object for question with ID: 69a2b437910bcdf7c56b3074 spec_getQuestionFull(/media/udo/Exchange/Dokumente/Development/Node/cismdatabase/lib/database/MongoDatabase.js:317:21)
[2026-02-28T10:24:07.604] [INFO] MongoDatabase - spec_calculateTestResult: Calculating test result for test with ID: 69a2b437910bcdf7c56b3079 spec_calculateTestResult(/media/udo/Exchange/Dokumente/Development/Node/cismdatabase/lib/database/MongoDatabase.js:296:21)
[2026-02-28T10:24:08.628] [INFO] MongoDatabase - spec_getTestResult: Getting test results for period from Sat Feb 28 2026 00:00:00 GMT+0100 (Mitteleuropäische Normalzeit) to Sat Feb 28 2026 23:59:59 GMT+0100 (Mitteleuropäische Normalzeit) spec_getTestResult(/media/udo/Exchange/Dokumente/Development/Node/cismdatabase/lib/database/MongoDatabase.js:152:21)
[2026-02-28T10:24:09.454] [INFO] MongoDatabase - getQuestion: Getting random question ... getQuestion(/media/udo/Exchange/Dokumente/Development/Node/cismdatabase/lib/database/MongoDatabase.js:135:21)
[2026-02-28T10:24:45.461] [DEBUG] MongoDatabase - Logger initilized init(/media/udo/Exchange/Dokumente/Development/Node/cismdatabase/lib/foundation/Base.js:15:21)
[2026-02-28T10:24:45.960] [INFO] MongoDatabase - getQuestion: Getting random question ... getQuestion(/media/udo/Exchange/Dokumente/Development/Node/cismdatabase/lib/database/MongoDatabase.js:135:21)
[2026-02-28T10:24:46.696] [DEBUG] MongoDatabase - Logger initilized init(/media/udo/Exchange/Dokumente/Development/Node/cismdatabase/lib/foundation/Base.js:15:21)
[2026-02-28T10:24:47.601] [INFO] MongoDatabase - spec_getQuestionFull: Getting the full question object for question with ID: 69a2b45fb621f2388455a1d2 spec_getQuestionFull(/media/udo/Exchange/Dokumente/Development/Node/cismdatabase/lib/database/MongoDatabase.js:317:21)
[2026-02-28T10:24:47.759] [INFO] MongoDatabase - spec_calculateTestResult: Calculating test result for test with ID: 69a2b45fb621f2388455a1d7 spec_calculateTestResult(/media/udo/Exchange/Dokumente/Development/Node/cismdatabase/lib/database/MongoDatabase.js:296:21)
[2026-02-28T10:24:48.391] [INFO] MongoDatabase - spec_getTestResult: Getting test results for period from Sat Feb 28 2026 00:00:00 GMT+0100 (Mitteleuropäische Normalzeit) to Sat Feb 28 2026 23:59:59 GMT+0100 (Mitteleuropäische Normalzeit) spec_getTestResult(/media/udo/Exchange/Dokumente/Development/Node/cismdatabase/lib/database/MongoDatabase.js:152:21)
[2026-02-28T10:24:49.122] [INFO] MongoDatabase - getQuestion: Getting random question ... getQuestion(/media/udo/Exchange/Dokumente/Development/Node/cismdatabase/lib/database/MongoDatabase.js:135:21)
[2026-02-28T10:26:13.254] [DEBUG] MongoDatabase - Logger initilized init(/media/udo/Exchange/Dokumente/Development/Node/cismdatabase/lib/foundation/Base.js:15:21)
[2026-02-28T10:26:13.591] [INFO] MongoDatabase - getQuestion: Getting random question ... getQuestion(/media/udo/Exchange/Dokumente/Development/Node/cismdatabase/lib/database/MongoDatabase.js:135:21)
[2026-02-28T10:26:14.225] [DEBUG] MongoDatabase - Logger initilized init(/media/udo/Exchange/Dokumente/Development/Node/cismdatabase/lib/foundation/Base.js:15:21)
[2026-02-28T10:26:14.997] [INFO] MongoDatabase - spec_getQuestionFull: Getting the full question object for question with ID: 69a2b4b66bb28c5d0e95b133 spec_getQuestionFull(/media/udo/Exchange/Dokumente/Development/Node/cismdatabase/lib/database/MongoDatabase.js:317:21)
[2026-02-28T10:26:15.074] [INFO] MongoDatabase - spec_calculateTestResult: Calculating test result for test with ID: 69a2b4b76bb28c5d0e95b138 spec_calculateTestResult(/media/udo/Exchange/Dokumente/Development/Node/cismdatabase/lib/database/MongoDatabase.js:296:21)
[2026-02-28T10:26:15.437] [INFO] MongoDatabase - spec_getTestResult: Getting test results for period from Sat Feb 28 2026 00:00:00 GMT+0100 (Mitteleuropäische Normalzeit) to Sat Feb 28 2026 23:59:59 GMT+0100 (Mitteleuropäische Normalzeit) spec_getTestResult(/media/udo/Exchange/Dokumente/Development/Node/cismdatabase/lib/database/MongoDatabase.js:152:21)
[2026-02-28T10:26:16.316] [INFO] MongoDatabase - getQuestion: Getting random question ... getQuestion(/media/udo/Exchange/Dokumente/Development/Node/cismdatabase/lib/database/MongoDatabase.js:135:21)
[2026-02-28T10:26:20.447] [DEBUG] MongoDatabase - Logger initilized init(/media/udo/Exchange/Dokumente/Development/Node/cismdatabase/lib/foundation/Base.js:15:21)
[2026-02-28T10:26:20.944] [INFO] MongoDatabase - getQuestion: Getting random question ... getQuestion(/media/udo/Exchange/Dokumente/Development/Node/cismdatabase/lib/database/MongoDatabase.js:135:21)
[2026-02-28T10:26:21.212] [DEBUG] MongoDatabase - Logger initilized init(/media/udo/Exchange/Dokumente/Development/Node/cismdatabase/lib/foundation/Base.js:15:21)
[2026-02-28T10:26:21.630] [INFO] MongoDatabase - spec_getQuestionFull: Getting the full question object for question with ID: 69a2b4bd1810a89641d6ee12 spec_getQuestionFull(/media/udo/Exchange/Dokumente/Development/Node/cismdatabase/lib/database/MongoDatabase.js:317:21)
[2026-02-28T10:26:21.743] [INFO] MongoDatabase - spec_calculateTestResult: Calculating test result for test with ID: 69a2b4bd1810a89641d6ee17 spec_calculateTestResult(/media/udo/Exchange/Dokumente/Development/Node/cismdatabase/lib/database/MongoDatabase.js:296:21)
[2026-02-28T10:26:22.278] [INFO] MongoDatabase - spec_getTestResult: Getting test results for period from Sat Feb 28 2026 00:00:00 GMT+0100 (Mitteleuropäische Normalzeit) to Sat Feb 28 2026 23:59:59 GMT+0100 (Mitteleuropäische Normalzeit) spec_getTestResult(/media/udo/Exchange/Dokumente/Development/Node/cismdatabase/lib/database/MongoDatabase.js:152:21)
[2026-02-28T10:26:22.880] [INFO] MongoDatabase - getQuestion: Getting random question ... getQuestion(/media/udo/Exchange/Dokumente/Development/Node/cismdatabase/lib/database/MongoDatabase.js:135:21)
[2026-02-28T10:28:29.744] [DEBUG] MongoDatabase - Logger initilized init(/media/udo/Exchange/Dokumente/Development/Node/cismdatabase/lib/foundation/Base.js:15:21)
[2026-02-28T10:28:30.052] [INFO] MongoDatabase - getQuestion: Getting random question ... getQuestion(/media/udo/Exchange/Dokumente/Development/Node/cismdatabase/lib/database/MongoDatabase.js:135:21)
[2026-02-28T10:28:30.661] [DEBUG] MongoDatabase - Logger initilized init(/media/udo/Exchange/Dokumente/Development/Node/cismdatabase/lib/foundation/Base.js:15:21)
[2026-02-28T10:28:31.224] [INFO] MongoDatabase - spec_getQuestionFull: Getting the full question object for question with ID: 69a2b53f87f697dc5f2e051e spec_getQuestionFull(/media/udo/Exchange/Dokumente/Development/Node/cismdatabase/lib/database/MongoDatabase.js:317:21)
[2026-02-28T10:28:31.327] [INFO] MongoDatabase - spec_calculateTestResult: Calculating test result for test with ID: 69a2b53f87f697dc5f2e0523 spec_calculateTestResult(/media/udo/Exchange/Dokumente/Development/Node/cismdatabase/lib/database/MongoDatabase.js:296:21)
[2026-02-28T10:28:31.973] [INFO] MongoDatabase - spec_getTestResult: Getting test results for period from Sat Feb 28 2026 00:00:00 GMT+0100 (Mitteleuropäische Normalzeit) to Sat Feb 28 2026 23:59:59 GMT+0100 (Mitteleuropäische Normalzeit) spec_getTestResult(/media/udo/Exchange/Dokumente/Development/Node/cismdatabase/lib/database/MongoDatabase.js:152:21)
[2026-02-28T10:28:33.266] [INFO] MongoDatabase - getQuestion: Getting random question ... getQuestion(/media/udo/Exchange/Dokumente/Development/Node/cismdatabase/lib/database/MongoDatabase.js:135:21)
[2026-02-28T10:29:40.201] [DEBUG] MongoDatabase - Logger initilized init(/media/udo/Exchange/Dokumente/Development/Node/cismdatabase/lib/foundation/Base.js:15:21)
[2026-02-28T10:29:41.482] [INFO] MongoDatabase - getQuestion: Getting random question ... getQuestion(/media/udo/Exchange/Dokumente/Development/Node/cismdatabase/lib/database/MongoDatabase.js:135:21)
[2026-02-28T10:29:41.569] [DEBUG] MongoDatabase - Logger initilized init(/media/udo/Exchange/Dokumente/Development/Node/cismdatabase/lib/foundation/Base.js:15:21)
[2026-02-28T10:29:42.182] [INFO] MongoDatabase - spec_getQuestionFull: Getting the full question object for question with ID: 69a2b58585e88cc834f16e04 spec_getQuestionFull(/media/udo/Exchange/Dokumente/Development/Node/cismdatabase/lib/database/MongoDatabase.js:317:21)
[2026-02-28T10:29:42.335] [INFO] MongoDatabase - spec_calculateTestResult: Calculating test result for test with ID: 69a2b58685e88cc834f16e09 spec_calculateTestResult(/media/udo/Exchange/Dokumente/Development/Node/cismdatabase/lib/database/MongoDatabase.js:296:21)
[2026-02-28T10:29:42.723] [INFO] MongoDatabase - spec_getTestResult: Getting test results for period from Sat Feb 28 2026 00:00:00 GMT+0100 (Mitteleuropäische Normalzeit) to Sat Feb 28 2026 23:59:59 GMT+0100 (Mitteleuropäische Normalzeit) spec_getTestResult(/media/udo/Exchange/Dokumente/Development/Node/cismdatabase/lib/database/MongoDatabase.js:152:21)
[2026-02-28T10:29:43.620] [INFO] MongoDatabase - getQuestion: Getting random question ... getQuestion(/media/udo/Exchange/Dokumente/Development/Node/cismdatabase/lib/database/MongoDatabase.js:135:21)
[2026-02-28T10:33:39.960] [DEBUG] MongoDatabase - Logger initilized init(/media/udo/Exchange/Dokumente/Development/Node/cismdatabase/lib/foundation/Base.js:15:21)
[2026-02-28T10:33:40.235] [INFO] MongoDatabase - getQuestion: Getting random question ... getQuestion(/media/udo/Exchange/Dokumente/Development/Node/cismdatabase/lib/database/MongoDatabase.js:135:21)
[2026-02-28T10:33:41.030] [DEBUG] MongoDatabase - Logger initilized init(/media/udo/Exchange/Dokumente/Development/Node/cismdatabase/lib/foundation/Base.js:15:21)
[2026-02-28T10:33:41.637] [INFO] MongoDatabase - spec_getQuestionFull: Getting the full question object for question with ID: 69a2b6755ae95d35dd2c8fe2 spec_getQuestionFull(/media/udo/Exchange/Dokumente/Development/Node/cismdatabase/lib/database/MongoDatabase.js:317:21)
[2026-02-28T10:33:41.721] [INFO] MongoDatabase - spec_calculateTestResult: Calculating test result for test with ID: 69a2b6755ae95d35dd2c8fe7 spec_calculateTestResult(/media/udo/Exchange/Dokumente/Development/Node/cismdatabase/lib/database/MongoDatabase.js:296:21)
[2026-02-28T10:33:42.416] [INFO] MongoDatabase - spec_getTestResult: Getting test results for period from Sat Feb 28 2026 00:00:00 GMT+0100 (Mitteleuropäische Normalzeit) to Sat Feb 28 2026 23:59:59 GMT+0100 (Mitteleuropäische Normalzeit) spec_getTestResult(/media/udo/Exchange/Dokumente/Development/Node/cismdatabase/lib/database/MongoDatabase.js:152:21)
[2026-02-28T10:33:44.316] [INFO] MongoDatabase - getQuestion: Getting random question ... getQuestion(/media/udo/Exchange/Dokumente/Development/Node/cismdatabase/lib/database/MongoDatabase.js:135:21)
[2026-02-28T10:33:48.801] [DEBUG] MongoDatabase - Logger initilized init(/media/udo/Exchange/Dokumente/Development/Node/cismdatabase/lib/foundation/Base.js:15:21)
[2026-02-28T10:33:49.120] [INFO] MongoDatabase - getQuestion: Getting random question ... getQuestion(/media/udo/Exchange/Dokumente/Development/Node/cismdatabase/lib/database/MongoDatabase.js:135:21)
[2026-02-28T10:33:49.735] [DEBUG] MongoDatabase - Logger initilized init(/media/udo/Exchange/Dokumente/Development/Node/cismdatabase/lib/foundation/Base.js:15:21)
[2026-02-28T10:33:50.398] [INFO] MongoDatabase - spec_getQuestionFull: Getting the full question object for question with ID: 69a2b67eaa2eeea9d9c6bc3f spec_getQuestionFull(/media/udo/Exchange/Dokumente/Development/Node/cismdatabase/lib/database/MongoDatabase.js:317:21)
[2026-02-28T10:33:50.477] [INFO] MongoDatabase - spec_calculateTestResult: Calculating test result for test with ID: 69a2b67eaa2eeea9d9c6bc44 spec_calculateTestResult(/media/udo/Exchange/Dokumente/Development/Node/cismdatabase/lib/database/MongoDatabase.js:296:21)
[2026-02-28T10:33:51.271] [INFO] MongoDatabase - spec_getTestResult: Getting test results for period from Sat Feb 28 2026 00:00:00 GMT+0100 (Mitteleuropäische Normalzeit) to Sat Feb 28 2026 23:59:59 GMT+0100 (Mitteleuropäische Normalzeit) spec_getTestResult(/media/udo/Exchange/Dokumente/Development/Node/cismdatabase/lib/database/MongoDatabase.js:152:21)
[2026-02-28T10:33:51.958] [INFO] MongoDatabase - getQuestion: Getting random question ... getQuestion(/media/udo/Exchange/Dokumente/Development/Node/cismdatabase/lib/database/MongoDatabase.js:135:21)
[2026-02-28T10:34:13.039] [DEBUG] MongoDatabase - Logger initilized init(/media/udo/Exchange/Dokumente/Development/Node/cismdatabase/lib/foundation/Base.js:15:21)
[2026-02-28T10:38:23.006] [DEBUG] MongoDatabase - Logger initilized init(/media/udo/Exchange/Dokumente/Development/Node/cismdatabase/lib/foundation/Base.js:15:21)
[2026-02-28T10:38:23.735] [INFO] MongoDatabase - getQuestion: Getting random question ... getQuestion(/media/udo/Exchange/Dokumente/Development/Node/cismdatabase/lib/database/MongoDatabase.js:135:21)
[2026-02-28T10:38:24.118] [DEBUG] MongoDatabase - Logger initilized init(/media/udo/Exchange/Dokumente/Development/Node/cismdatabase/lib/foundation/Base.js:15:21)
[2026-02-28T10:38:24.464] [INFO] MongoDatabase - getQuestion: Getting random question ... getQuestion(/media/udo/Exchange/Dokumente/Development/Node/cismdatabase/lib/database/MongoDatabase.js:135:21)
[2026-02-28T10:39:24.515] [DEBUG] MongoDatabase - Logger initilized init(/media/udo/Exchange/Dokumente/Development/Node/cismdatabase/lib/foundation/Base.js:15:21)
[2026-02-28T10:39:24.934] [INFO] MongoDatabase - getQuestion: Getting random question ... getQuestion(/media/udo/Exchange/Dokumente/Development/Node/cismdatabase/lib/database/MongoDatabase.js:135:21)
[2026-02-28T10:57:15.551] [DEBUG] MongoDatabase - Logger initilized init(/media/udo/Exchange/Dokumente/Development/Node/cismdatabase/lib/foundation/Base.js:15:21)
[2026-02-28T10:57:16.332] [INFO] MongoDatabase - getQuestion: Getting random question ... getQuestion(/media/udo/Exchange/Dokumente/Development/Node/cismdatabase/lib/database/MongoDatabase.js:135:21)
[2026-02-28T10:57:36.154] [DEBUG] MongoDatabase - Logger initilized init(/media/udo/Exchange/Dokumente/Development/Node/cismdatabase/lib/foundation/Base.js:15:21)
[2026-02-28T10:57:36.538] [INFO] MongoDatabase - getQuestion: Getting random question ... getQuestion(/media/udo/Exchange/Dokumente/Development/Node/cismdatabase/lib/database/MongoDatabase.js:135:21)
[2026-02-28T11:34:49.345] [DEBUG] MongoDatabase - Logger initilized init(/media/udo/Exchange/Dokumente/Development/Node/cismdatabase/lib/foundation/Base.js:15:21)
[2026-02-28T11:35:03.779] [DEBUG] MongoDatabase - Logger initilized init(/media/udo/Exchange/Dokumente/Development/Node/cismdatabase/lib/foundation/Base.js:15:21)
[2026-02-28T11:35:04.504] [INFO] MongoDatabase - getQuestion: Getting random question ... getQuestion(/media/udo/Exchange/Dokumente/Development/Node/cismdatabase/lib/database/MongoDatabase.js:135:21)
[2026-02-28T11:37:50.937] [DEBUG] MongoDatabase - Logger initilized init(/media/udo/Exchange/Dokumente/Development/Node/cismdatabase/lib/foundation/Base.js:15:21)
[2026-02-28T11:38:04.773] [DEBUG] MongoDatabase - Logger initilized init(/media/udo/Exchange/Dokumente/Development/Node/cismdatabase/lib/foundation/Base.js:15:21)
[2026-02-28T11:39:49.740] [DEBUG] MongoDatabase - Logger initilized init(/media/udo/Exchange/Dokumente/Development/Node/cismdatabase/lib/foundation/Base.js:15:21)
[2026-02-28T11:39:50.147] [INFO] MongoDatabase - getQuestion: Getting random question ... getQuestion(/media/udo/Exchange/Dokumente/Development/Node/cismdatabase/lib/database/MongoDatabase.js:135:21)
[2026-02-28T11:40:19.198] [DEBUG] MongoDatabase - Logger initilized init(/media/udo/Exchange/Dokumente/Development/Node/cismdatabase/lib/foundation/Base.js:15:21)
[2026-02-28T11:40:19.741] [INFO] MongoDatabase - getQuestion: Getting random question ... getQuestion(/media/udo/Exchange/Dokumente/Development/Node/cismdatabase/lib/database/MongoDatabase.js:135:21)
[2026-02-28T11:40:20.290] [DEBUG] MongoDatabase - Logger initilized init(/media/udo/Exchange/Dokumente/Development/Node/cismdatabase/lib/foundation/Base.js:15:21)
[2026-02-28T11:40:20.663] [INFO] MongoDatabase - getQuestion: Getting random question ... getQuestion(/media/udo/Exchange/Dokumente/Development/Node/cismdatabase/lib/database/MongoDatabase.js:135:21)
[2026-02-28T11:48:20.973] [DEBUG] MongoDatabase - Logger initilized init(/media/udo/Exchange/Dokumente/Development/Node/cismdatabase/lib/foundation/Base.js:15:21)
[2026-02-28T11:50:35.187] [DEBUG] MongoDatabase - Logger initilized init(/media/udo/Exchange/Dokumente/Development/Node/cismdatabase/lib/foundation/Base.js:15:21)
[2026-02-28T11:50:52.068] [DEBUG] MongoDatabase - Logger initilized init(/media/udo/Exchange/Dokumente/Development/Node/cismdatabase/lib/foundation/Base.js:15:21)
[2026-02-28T11:51:32.269] [DEBUG] MongoDatabase - Logger initilized init(/media/udo/Exchange/Dokumente/Development/Node/cismdatabase/lib/foundation/Base.js:15:21)
[2026-02-28T11:51:46.313] [DEBUG] MongoDatabase - Logger initilized init(/media/udo/Exchange/Dokumente/Development/Node/cismdatabase/lib/foundation/Base.js:15:21)
[2026-02-28T11:51:52.136] [DEBUG] MongoDatabase - Logger initilized init(/media/udo/Exchange/Dokumente/Development/Node/cismdatabase/lib/foundation/Base.js:15:21)
[2026-02-28T11:51:56.748] [DEBUG] MongoDatabase - Logger initilized init(/media/udo/Exchange/Dokumente/Development/Node/cismdatabase/lib/foundation/Base.js:15:21)
[2026-02-28T11:51:57.080] [INFO] MongoDatabase - getQuestion: Getting random question ... getQuestion(/media/udo/Exchange/Dokumente/Development/Node/cismdatabase/lib/database/MongoDatabase.js:135:21)
[2026-02-28T12:03:34.717] [DEBUG] MongoDatabase - Logger initilized init(/media/udo/Exchange/Dokumente/Development/Node/cismdatabase/lib/foundation/Base.js:15:21)
[2026-02-28T12:03:34.958] [INFO] MongoDatabase - getQuestion: Getting random question ... getQuestion(/media/udo/Exchange/Dokumente/Development/Node/cismdatabase/lib/database/MongoDatabase.js:135:21)
[2026-02-28T12:03:37.784] [DEBUG] MongoDatabase - Logger initilized init(/media/udo/Exchange/Dokumente/Development/Node/cismdatabase/lib/foundation/Base.js:15:21)
[2026-02-28T12:03:38.126] [INFO] MongoDatabase - getQuestion: Getting random question ... getQuestion(/media/udo/Exchange/Dokumente/Development/Node/cismdatabase/lib/database/MongoDatabase.js:135:21)
[2026-02-28T12:05:03.132] [DEBUG] MongoDatabase - Logger initilized init(/media/udo/Exchange/Dokumente/Development/Node/cismdatabase/lib/foundation/Base.js:15:21)
[2026-02-28T12:05:03.587] [INFO] MongoDatabase - getQuestion: Getting random question ... getQuestion(/media/udo/Exchange/Dokumente/Development/Node/cismdatabase/lib/database/MongoDatabase.js:135:21)
[2026-02-28T12:05:16.411] [DEBUG] MongoDatabase - Logger initilized init(/media/udo/Exchange/Dokumente/Development/Node/cismdatabase/lib/foundation/Base.js:15:21)
[2026-02-28T12:05:16.884] [INFO] MongoDatabase - getQuestion: Getting random question ... getQuestion(/media/udo/Exchange/Dokumente/Development/Node/cismdatabase/lib/database/MongoDatabase.js:135:21)
[2026-02-28T12:05:26.435] [DEBUG] MongoDatabase - Logger initilized init(/media/udo/Exchange/Dokumente/Development/Node/cismdatabase/lib/foundation/Base.js:15:21)
[2026-02-28T12:05:27.039] [INFO] MongoDatabase - getQuestion: Getting random question ... getQuestion(/media/udo/Exchange/Dokumente/Development/Node/cismdatabase/lib/database/MongoDatabase.js:135:21)
[2026-02-28T12:05:53.480] [DEBUG] MongoDatabase - Logger initilized init(/media/udo/Exchange/Dokumente/Development/Node/cismdatabase/lib/foundation/Base.js:15:21)
[2026-02-28T12:05:53.782] [INFO] MongoDatabase - getQuestion: Getting random question ... getQuestion(/media/udo/Exchange/Dokumente/Development/Node/cismdatabase/lib/database/MongoDatabase.js:135:21)
[2026-02-28T12:05:55.888] [DEBUG] MongoDatabase - Logger initilized init(/media/udo/Exchange/Dokumente/Development/Node/cismdatabase/lib/foundation/Base.js:15:21)
[2026-02-28T12:05:56.343] [INFO] MongoDatabase - getQuestion: Getting random question ... getQuestion(/media/udo/Exchange/Dokumente/Development/Node/cismdatabase/lib/database/MongoDatabase.js:135:21)
[2026-02-28T12:06:12.670] [DEBUG] MongoDatabase - Logger initilized init(/media/udo/Exchange/Dokumente/Development/Node/cismdatabase/lib/foundation/Base.js:15:21)
[2026-02-28T12:06:13.051] [INFO] MongoDatabase - getQuestion: Getting random question ... getQuestion(/media/udo/Exchange/Dokumente/Development/Node/cismdatabase/lib/database/MongoDatabase.js:135:21)
[2026-02-28T12:06:46.007] [DEBUG] MongoDatabase - Logger initilized init(/media/udo/Exchange/Dokumente/Development/Node/cismdatabase/lib/foundation/Base.js:15:21)
[2026-02-28T12:06:46.348] [INFO] MongoDatabase - getQuestion: Getting random question ... getQuestion(/media/udo/Exchange/Dokumente/Development/Node/cismdatabase/lib/database/MongoDatabase.js:135:21)
[2026-02-28T12:06:49.451] [DEBUG] MongoDatabase - Logger initilized init(/media/udo/Exchange/Dokumente/Development/Node/cismdatabase/lib/foundation/Base.js:15:21)
[2026-02-28T12:06:49.811] [INFO] MongoDatabase - getQuestion: Getting random question ... getQuestion(/media/udo/Exchange/Dokumente/Development/Node/cismdatabase/lib/database/MongoDatabase.js:135:21)
[2026-02-28T12:06:52.724] [DEBUG] MongoDatabase - Logger initilized init(/media/udo/Exchange/Dokumente/Development/Node/cismdatabase/lib/foundation/Base.js:15:21)
[2026-02-28T12:06:53.101] [INFO] MongoDatabase - getQuestion: Getting random question ... getQuestion(/media/udo/Exchange/Dokumente/Development/Node/cismdatabase/lib/database/MongoDatabase.js:135:21)
[2026-02-28T12:07:19.083] [DEBUG] MongoDatabase - Logger initilized init(/media/udo/Exchange/Dokumente/Development/Node/cismdatabase/lib/foundation/Base.js:15:21)
[2026-02-28T12:07:19.342] [INFO] MongoDatabase - getQuestion: Getting random question ... getQuestion(/media/udo/Exchange/Dokumente/Development/Node/cismdatabase/lib/database/MongoDatabase.js:135:21)
[2026-02-28T12:09:57.606] [DEBUG] MongoDatabase - Logger initilized init(/media/udo/Exchange/Dokumente/Development/Node/cismdatabase/lib/foundation/Base.js:15:21)
[2026-02-28T12:09:57.933] [INFO] MongoDatabase - getQuestion: Getting random question ... getQuestion(/media/udo/Exchange/Dokumente/Development/Node/cismdatabase/lib/database/MongoDatabase.js:135:21)
[2026-02-28T12:10:28.796] [DEBUG] MongoDatabase - Logger initilized init(/media/udo/Exchange/Dokumente/Development/Node/cismdatabase/lib/foundation/Base.js:15:21)
[2026-02-28T12:10:29.457] [INFO] MongoDatabase - getQuestion: Getting random question ... getQuestion(/media/udo/Exchange/Dokumente/Development/Node/cismdatabase/lib/database/MongoDatabase.js:135:21)
[2026-02-28T12:10:34.948] [DEBUG] MongoDatabase - Logger initilized init(/media/udo/Exchange/Dokumente/Development/Node/cismdatabase/lib/foundation/Base.js:15:21)
[2026-02-28T12:10:35.696] [INFO] MongoDatabase - getQuestion: Getting random question ... getQuestion(/media/udo/Exchange/Dokumente/Development/Node/cismdatabase/lib/database/MongoDatabase.js:135:21)
[2026-02-28T12:11:00.011] [DEBUG] MongoDatabase - Logger initilized init(/media/udo/Exchange/Dokumente/Development/Node/cismdatabase/lib/foundation/Base.js:15:21)
[2026-02-28T12:11:00.291] [INFO] MongoDatabase - getQuestion: Getting random question ... getQuestion(/media/udo/Exchange/Dokumente/Development/Node/cismdatabase/lib/database/MongoDatabase.js:135:21)
[2026-02-28T12:11:21.158] [DEBUG] MongoDatabase - Logger initilized init(/media/udo/Exchange/Dokumente/Development/Node/cismdatabase/lib/foundation/Base.js:15:21)
[2026-02-28T12:11:21.706] [INFO] MongoDatabase - getQuestion: Getting random question ... getQuestion(/media/udo/Exchange/Dokumente/Development/Node/cismdatabase/lib/database/MongoDatabase.js:135:21)
[2026-02-28T12:11:44.414] [DEBUG] MongoDatabase - Logger initilized init(/media/udo/Exchange/Dokumente/Development/Node/cismdatabase/lib/foundation/Base.js:15:21)
[2026-02-28T12:11:44.752] [INFO] MongoDatabase - getQuestion: Getting random question ... getQuestion(/media/udo/Exchange/Dokumente/Development/Node/cismdatabase/lib/database/MongoDatabase.js:135:21)
[2026-02-28T12:12:13.756] [DEBUG] MongoDatabase - Logger initilized init(/media/udo/Exchange/Dokumente/Development/Node/cismdatabase/lib/foundation/Base.js:15:21)
[2026-02-28T12:12:14.299] [INFO] MongoDatabase - getQuestion: Getting random question ... getQuestion(/media/udo/Exchange/Dokumente/Development/Node/cismdatabase/lib/database/MongoDatabase.js:135:21)
[2026-02-28T12:12:49.429] [DEBUG] MongoDatabase - Logger initilized init(/media/udo/Exchange/Dokumente/Development/Node/cismdatabase/lib/foundation/Base.js:15:21)
[2026-02-28T12:12:49.781] [INFO] MongoDatabase - getQuestion: Getting random question ... getQuestion(/media/udo/Exchange/Dokumente/Development/Node/cismdatabase/lib/database/MongoDatabase.js:135:21)
[2026-02-28T12:13:48.522] [DEBUG] MongoDatabase - Logger initilized init(/media/udo/Exchange/Dokumente/Development/Node/cismdatabase/lib/foundation/Base.js:15:21)
[2026-02-28T12:13:48.876] [INFO] MongoDatabase - getQuestion: Getting random question ... getQuestion(/media/udo/Exchange/Dokumente/Development/Node/cismdatabase/lib/database/MongoDatabase.js:135:21)
[2026-02-28T12:14:12.952] [DEBUG] MongoDatabase - Logger initilized init(/media/udo/Exchange/Dokumente/Development/Node/cismdatabase/lib/foundation/Base.js:15:21)
[2026-02-28T12:14:13.248] [INFO] MongoDatabase - getQuestion: Getting random question ... getQuestion(/media/udo/Exchange/Dokumente/Development/Node/cismdatabase/lib/database/MongoDatabase.js:135:21)
[2026-02-28T12:15:50.565] [DEBUG] MongoDatabase - Logger initilized init(/media/udo/Exchange/Dokumente/Development/Node/cismdatabase/lib/foundation/Base.js:15:21)
[2026-02-28T12:15:50.934] [INFO] MongoDatabase - getQuestion: Getting random question ... getQuestion(/media/udo/Exchange/Dokumente/Development/Node/cismdatabase/lib/database/MongoDatabase.js:135:21)
[2026-02-28T12:17:22.724] [DEBUG] MongoDatabase - Logger initilized init(/media/udo/Exchange/Dokumente/Development/Node/cismdatabase/lib/foundation/Base.js:15:21)
[2026-02-28T12:17:23.047] [INFO] MongoDatabase - getQuestion: Getting random question ... getQuestion(/media/udo/Exchange/Dokumente/Development/Node/cismdatabase/lib/database/MongoDatabase.js:135:21)
[2026-02-28T12:17:25.791] [DEBUG] MongoDatabase - Logger initilized init(/media/udo/Exchange/Dokumente/Development/Node/cismdatabase/lib/foundation/Base.js:15:21)
[2026-02-28T12:17:26.143] [INFO] MongoDatabase - getQuestion: Getting random question ... getQuestion(/media/udo/Exchange/Dokumente/Development/Node/cismdatabase/lib/database/MongoDatabase.js:135:21)
[2026-02-28T12:19:31.115] [DEBUG] MongoDatabase - Logger initilized init(/media/udo/Exchange/Dokumente/Development/Node/cismdatabase/lib/foundation/Base.js:15:21)
[2026-02-28T12:19:31.390] [INFO] MongoDatabase - getQuestion: Getting random question ... getQuestion(/media/udo/Exchange/Dokumente/Development/Node/cismdatabase/lib/database/MongoDatabase.js:135:21)
[2026-02-28T12:22:49.642] [DEBUG] MongoDatabase - Logger initilized init(/media/udo/Exchange/Dokumente/Development/Node/cismdatabase/lib/foundation/Base.js:15:21)
[2026-02-28T12:22:50.602] [INFO] MongoDatabase - getQuestion: Getting random question ... getQuestion(/media/udo/Exchange/Dokumente/Development/Node/cismdatabase/lib/database/MongoDatabase.js:135:21)
[2026-02-28T12:23:27.894] [DEBUG] MongoDatabase - Logger initilized init(/media/udo/Exchange/Dokumente/Development/Node/cismdatabase/lib/foundation/Base.js:15:21)
[2026-02-28T12:23:29.438] [INFO] MongoDatabase - getQuestion: Getting random question ... getQuestion(/media/udo/Exchange/Dokumente/Development/Node/cismdatabase/lib/database/MongoDatabase.js:135:21)
[2026-02-28T12:24:04.413] [DEBUG] MongoDatabase - Logger initilized init(/media/udo/Exchange/Dokumente/Development/Node/cismdatabase/lib/foundation/Base.js:15:21)
[2026-02-28T12:24:05.256] [INFO] MongoDatabase - getQuestion: Getting random question ... getQuestion(/media/udo/Exchange/Dokumente/Development/Node/cismdatabase/lib/database/MongoDatabase.js:135:21)
[2026-02-28T12:24:32.406] [DEBUG] MongoDatabase - Logger initilized init(/media/udo/Exchange/Dokumente/Development/Node/cismdatabase/lib/foundation/Base.js:15:21)
[2026-02-28T12:24:32.970] [INFO] MongoDatabase - getQuestion: Getting random question ... getQuestion(/media/udo/Exchange/Dokumente/Development/Node/cismdatabase/lib/database/MongoDatabase.js:135:21)
[2026-02-28T12:24:44.121] [DEBUG] MongoDatabase - Logger initilized init(/media/udo/Exchange/Dokumente/Development/Node/cismdatabase/lib/foundation/Base.js:15:21)
[2026-02-28T12:24:45.451] [INFO] MongoDatabase - getQuestion: Getting random question ... getQuestion(/media/udo/Exchange/Dokumente/Development/Node/cismdatabase/lib/database/MongoDatabase.js:135:21)
[2026-02-28T12:28:23.668] [DEBUG] MongoDatabase - Logger initilized init(/media/udo/Exchange/Dokumente/Development/Node/cismdatabase/lib/foundation/Base.js:15:21)
[2026-02-28T12:28:25.073] [INFO] MongoDatabase - getQuestion: Getting random question ... getQuestion(/media/udo/Exchange/Dokumente/Development/Node/cismdatabase/lib/database/MongoDatabase.js:135:21)
[2026-02-28T12:29:26.444] [DEBUG] MongoDatabase - Logger initilized init(/media/udo/Exchange/Dokumente/Development/Node/cismdatabase/lib/foundation/Base.js:15:21)
[2026-02-28T12:29:27.223] [INFO] MongoDatabase - getQuestion: Getting random question ... getQuestion(/media/udo/Exchange/Dokumente/Development/Node/cismdatabase/lib/database/MongoDatabase.js:135:21)
[2026-02-28T12:30:12.364] [DEBUG] MongoDatabase - Logger initilized init(/media/udo/Exchange/Dokumente/Development/Node/cismdatabase/lib/foundation/Base.js:15:21)
[2026-02-28T12:30:13.216] [INFO] MongoDatabase - getQuestion: Getting random question ... getQuestion(/media/udo/Exchange/Dokumente/Development/Node/cismdatabase/lib/database/MongoDatabase.js:135:21)
[2026-02-28T12:31:12.916] [DEBUG] MongoDatabase - Logger initilized init(/media/udo/Exchange/Dokumente/Development/Node/cismdatabase/lib/foundation/Base.js:15:21)
[2026-02-28T12:31:13.606] [INFO] MongoDatabase - getQuestion: Getting random question ... getQuestion(/media/udo/Exchange/Dokumente/Development/Node/cismdatabase/lib/database/MongoDatabase.js:135:21)
[2026-02-28T12:34:58.128] [DEBUG] MongoDatabase - Logger initilized init(/media/udo/Exchange/Dokumente/Development/Node/cismdatabase/lib/foundation/Base.js:15:21)
[2026-02-28T12:34:58.876] [INFO] MongoDatabase - getQuestion: Getting random question ... getQuestion(/media/udo/Exchange/Dokumente/Development/Node/cismdatabase/lib/database/MongoDatabase.js:135:21)
[2026-02-28T12:36:03.822] [DEBUG] MongoDatabase - Logger initilized init(/media/udo/Exchange/Dokumente/Development/Node/cismdatabase/lib/foundation/Base.js:15:21)
[2026-02-28T12:36:04.574] [INFO] MongoDatabase - getQuestion: Getting random question ... getQuestion(/media/udo/Exchange/Dokumente/Development/Node/cismdatabase/lib/database/MongoDatabase.js:135:21)
[2026-02-28T12:36:52.054] [DEBUG] MongoDatabase - Logger initilized init(/media/udo/Exchange/Dokumente/Development/Node/cismdatabase/lib/foundation/Base.js:15:21)
[2026-02-28T12:36:53.349] [INFO] MongoDatabase - getQuestion: Getting random question ... getQuestion(/media/udo/Exchange/Dokumente/Development/Node/cismdatabase/lib/database/MongoDatabase.js:135:21)
[2026-02-28T12:37:05.863] [DEBUG] MongoDatabase - Logger initilized init(/media/udo/Exchange/Dokumente/Development/Node/cismdatabase/lib/foundation/Base.js:15:21)
[2026-02-28T12:37:06.600] [INFO] MongoDatabase - getQuestion: Getting random question ... getQuestion(/media/udo/Exchange/Dokumente/Development/Node/cismdatabase/lib/database/MongoDatabase.js:135:21)
[2026-02-28T12:40:26.879] [DEBUG] MongoDatabase - Logger initilized init(/media/udo/Exchange/Dokumente/Development/Node/cismdatabase/lib/foundation/Base.js:15:21)
[2026-02-28T12:40:27.630] [INFO] MongoDatabase - getQuestion: Getting random question ... getQuestion(/media/udo/Exchange/Dokumente/Development/Node/cismdatabase/lib/database/MongoDatabase.js:135:21)
[2026-02-28T12:42:17.114] [DEBUG] MongoDatabase - Logger initilized init(/media/udo/Exchange/Dokumente/Development/Node/cismdatabase/lib/foundation/Base.js:15:21)
[2026-02-28T12:42:18.107] [INFO] MongoDatabase - getQuestion: Getting random question ... getQuestion(/media/udo/Exchange/Dokumente/Development/Node/cismdatabase/lib/database/MongoDatabase.js:135:21)
[2026-02-28T12:42:28.350] [DEBUG] MongoDatabase - Logger initilized init(/media/udo/Exchange/Dokumente/Development/Node/cismdatabase/lib/foundation/Base.js:15:21)
[2026-02-28T12:42:29.834] [INFO] MongoDatabase - getQuestion: Getting random question ... getQuestion(/media/udo/Exchange/Dokumente/Development/Node/cismdatabase/lib/database/MongoDatabase.js:135:21)
[2026-02-28T12:43:00.404] [DEBUG] MongoDatabase - Logger initilized init(/media/udo/Exchange/Dokumente/Development/Node/cismdatabase/lib/foundation/Base.js:15:21)
[2026-02-28T12:43:01.786] [INFO] MongoDatabase - getQuestion: Getting random question ... getQuestion(/media/udo/Exchange/Dokumente/Development/Node/cismdatabase/lib/database/MongoDatabase.js:135:21)
[2026-02-28T12:43:06.878] [DEBUG] MongoDatabase - Logger initilized init(/media/udo/Exchange/Dokumente/Development/Node/cismdatabase/lib/foundation/Base.js:15:21)
[2026-02-28T12:43:07.808] [INFO] MongoDatabase - getQuestion: Getting random question ... getQuestion(/media/udo/Exchange/Dokumente/Development/Node/cismdatabase/lib/database/MongoDatabase.js:135:21)
[2026-02-28T12:43:11.192] [DEBUG] MongoDatabase - Logger initilized init(/media/udo/Exchange/Dokumente/Development/Node/cismdatabase/lib/foundation/Base.js:15:21)
[2026-02-28T12:43:12.367] [INFO] MongoDatabase - getQuestion: Getting random question ... getQuestion(/media/udo/Exchange/Dokumente/Development/Node/cismdatabase/lib/database/MongoDatabase.js:135:21)
[2026-02-28T12:47:55.329] [DEBUG] MongoDatabase - Logger initilized init(/media/udo/Exchange/Dokumente/Development/Node/cismdatabase/lib/foundation/Base.js:15:21)
[2026-02-28T12:47:56.141] [INFO] MongoDatabase - getQuestion: Getting random question ... getQuestion(/media/udo/Exchange/Dokumente/Development/Node/cismdatabase/lib/database/MongoDatabase.js:135:21)
[2026-02-28T12:48:14.388] [DEBUG] MongoDatabase - Logger initilized init(/media/udo/Exchange/Dokumente/Development/Node/cismdatabase/lib/foundation/Base.js:15:21)
[2026-02-28T12:48:15.805] [INFO] MongoDatabase - getQuestion: Getting random question ... getQuestion(/media/udo/Exchange/Dokumente/Development/Node/cismdatabase/lib/database/MongoDatabase.js:135:21)
[2026-02-28T12:48:22.890] [DEBUG] MongoDatabase - Logger initilized init(/media/udo/Exchange/Dokumente/Development/Node/cismdatabase/lib/foundation/Base.js:15:21)
[2026-02-28T12:48:23.763] [INFO] MongoDatabase - getQuestion: Getting random question ... getQuestion(/media/udo/Exchange/Dokumente/Development/Node/cismdatabase/lib/database/MongoDatabase.js:135:21)
[2026-02-28T12:49:07.195] [DEBUG] MongoDatabase - Logger initilized init(/media/udo/Exchange/Dokumente/Development/Node/cismdatabase/lib/foundation/Base.js:15:21)
[2026-02-28T12:49:08.132] [INFO] MongoDatabase - getQuestion: Getting random question ... getQuestion(/media/udo/Exchange/Dokumente/Development/Node/cismdatabase/lib/database/MongoDatabase.js:135:21)
[2026-02-28T12:49:31.700] [DEBUG] MongoDatabase - Logger initilized init(/media/udo/Exchange/Dokumente/Development/Node/cismdatabase/lib/foundation/Base.js:15:21)
[2026-02-28T12:49:33.393] [INFO] MongoDatabase - getQuestion: Getting random question ... getQuestion(/media/udo/Exchange/Dokumente/Development/Node/cismdatabase/lib/database/MongoDatabase.js:135:21)
[2026-02-28T12:49:40.666] [DEBUG] MongoDatabase - Logger initilized init(/media/udo/Exchange/Dokumente/Development/Node/cismdatabase/lib/foundation/Base.js:15:21)
[2026-02-28T12:49:41.391] [INFO] MongoDatabase - getQuestion: Getting random question ... getQuestion(/media/udo/Exchange/Dokumente/Development/Node/cismdatabase/lib/database/MongoDatabase.js:135:21)
[2026-02-28T12:50:34.064] [DEBUG] MongoDatabase - Logger initilized init(/media/udo/Exchange/Dokumente/Development/Node/cismdatabase/lib/foundation/Base.js:15:21)
[2026-02-28T12:50:36.268] [INFO] MongoDatabase - getQuestion: Getting random question ... getQuestion(/media/udo/Exchange/Dokumente/Development/Node/cismdatabase/lib/database/MongoDatabase.js:135:21)
[2026-02-28T12:51:32.228] [DEBUG] MongoDatabase - Logger initilized init(/media/udo/Exchange/Dokumente/Development/Node/cismdatabase/lib/foundation/Base.js:15:21)
[2026-02-28T12:51:32.997] [INFO] MongoDatabase - getQuestion: Getting random question ... getQuestion(/media/udo/Exchange/Dokumente/Development/Node/cismdatabase/lib/database/MongoDatabase.js:135:21)
[2026-02-28T12:51:53.936] [DEBUG] MongoDatabase - Logger initilized init(/media/udo/Exchange/Dokumente/Development/Node/cismdatabase/lib/foundation/Base.js:15:21)
[2026-02-28T12:51:55.015] [INFO] MongoDatabase - getQuestion: Getting random question ... getQuestion(/media/udo/Exchange/Dokumente/Development/Node/cismdatabase/lib/database/MongoDatabase.js:135:21)
[2026-02-28T12:51:59.157] [DEBUG] MongoDatabase - Logger initilized init(/media/udo/Exchange/Dokumente/Development/Node/cismdatabase/lib/foundation/Base.js:15:21)
[2026-02-28T12:52:00.168] [INFO] MongoDatabase - getQuestion: Getting random question ... getQuestion(/media/udo/Exchange/Dokumente/Development/Node/cismdatabase/lib/database/MongoDatabase.js:135:21)
[2026-02-28T12:52:28.740] [DEBUG] MongoDatabase - Logger initilized init(/media/udo/Exchange/Dokumente/Development/Node/cismdatabase/lib/foundation/Base.js:15:21)
[2026-02-28T12:52:29.538] [INFO] MongoDatabase - getQuestion: Getting random question ... getQuestion(/media/udo/Exchange/Dokumente/Development/Node/cismdatabase/lib/database/MongoDatabase.js:135:21)
[2026-02-28T13:00:00.799] [DEBUG] MongoDatabase - Logger initilized init(/media/udo/Exchange/Dokumente/Development/Node/cismdatabase/lib/foundation/Base.js:15:21)
[2026-02-28T13:00:01.841] [INFO] MongoDatabase - getQuestion: Getting random question ... getQuestion(/media/udo/Exchange/Dokumente/Development/Node/cismdatabase/lib/database/MongoDatabase.js:135:21)
[2026-02-28T13:00:09.149] [DEBUG] MongoDatabase - Logger initilized init(/media/udo/Exchange/Dokumente/Development/Node/cismdatabase/lib/foundation/Base.js:15:21)
[2026-02-28T13:00:10.034] [INFO] MongoDatabase - getQuestion: Getting random question ... getQuestion(/media/udo/Exchange/Dokumente/Development/Node/cismdatabase/lib/database/MongoDatabase.js:135:21)
[2026-02-28T13:00:12.936] [DEBUG] MongoDatabase - Logger initilized init(/media/udo/Exchange/Dokumente/Development/Node/cismdatabase/lib/foundation/Base.js:15:21)
[2026-02-28T13:00:13.905] [INFO] MongoDatabase - getQuestion: Getting random question ... getQuestion(/media/udo/Exchange/Dokumente/Development/Node/cismdatabase/lib/database/MongoDatabase.js:135:21)
[2026-02-28T13:00:54.816] [DEBUG] MongoDatabase - Logger initilized init(/media/udo/Exchange/Dokumente/Development/Node/cismdatabase/lib/foundation/Base.js:15:21)
[2026-02-28T13:00:56.249] [INFO] MongoDatabase - getQuestion: Getting random question ... getQuestion(/media/udo/Exchange/Dokumente/Development/Node/cismdatabase/lib/database/MongoDatabase.js:135:21)
[2026-02-28T13:01:08.946] [DEBUG] MongoDatabase - Logger initilized init(/media/udo/Exchange/Dokumente/Development/Node/cismdatabase/lib/foundation/Base.js:15:21)
[2026-02-28T13:01:09.587] [INFO] MongoDatabase - getQuestion: Getting random question ... getQuestion(/media/udo/Exchange/Dokumente/Development/Node/cismdatabase/lib/database/MongoDatabase.js:135:21)
[2026-02-28T13:01:42.097] [DEBUG] MongoDatabase - Logger initilized init(/media/udo/Exchange/Dokumente/Development/Node/cismdatabase/lib/foundation/Base.js:15:21)
[2026-02-28T13:01:42.838] [INFO] MongoDatabase - getQuestion: Getting random question ... getQuestion(/media/udo/Exchange/Dokumente/Development/Node/cismdatabase/lib/database/MongoDatabase.js:135:21)
[2026-02-28T13:05:09.689] [DEBUG] MongoDatabase - Logger initilized init(/media/udo/Exchange/Dokumente/Development/Node/cismdatabase/lib/foundation/Base.js:15:21)
[2026-02-28T13:05:10.401] [INFO] MongoDatabase - getQuestion: Getting random question ... getQuestion(/media/udo/Exchange/Dokumente/Development/Node/cismdatabase/lib/database/MongoDatabase.js:135:21)
[2026-02-28T13:05:13.481] [DEBUG] MongoDatabase - Logger initilized init(/media/udo/Exchange/Dokumente/Development/Node/cismdatabase/lib/foundation/Base.js:15:21)
[2026-02-28T13:05:14.118] [INFO] MongoDatabase - getQuestion: Getting random question ... getQuestion(/media/udo/Exchange/Dokumente/Development/Node/cismdatabase/lib/database/MongoDatabase.js:135:21)
[2026-02-28T13:06:12.359] [DEBUG] MongoDatabase - Logger initilized init(/media/udo/Exchange/Dokumente/Development/Node/cismdatabase/lib/foundation/Base.js:15:21)
[2026-02-28T13:06:13.245] [INFO] MongoDatabase - getQuestion: Getting random question ... getQuestion(/media/udo/Exchange/Dokumente/Development/Node/cismdatabase/lib/database/MongoDatabase.js:135:21)
[2026-02-28T13:07:03.657] [DEBUG] MongoDatabase - Logger initilized init(/media/udo/Exchange/Dokumente/Development/Node/cismdatabase/lib/foundation/Base.js:15:21)
[2026-02-28T13:07:04.580] [INFO] MongoDatabase - getQuestion: Getting random question ... getQuestion(/media/udo/Exchange/Dokumente/Development/Node/cismdatabase/lib/database/MongoDatabase.js:135:21)
[2026-02-28T13:08:27.950] [DEBUG] MongoDatabase - Logger initilized init(/media/udo/Exchange/Dokumente/Development/Node/cismdatabase/lib/foundation/Base.js:15:21)
[2026-02-28T13:08:29.223] [INFO] MongoDatabase - getQuestion: Getting random question ... getQuestion(/media/udo/Exchange/Dokumente/Development/Node/cismdatabase/lib/database/MongoDatabase.js:135:21)
[2026-02-28T13:08:37.738] [DEBUG] MongoDatabase - Logger initilized init(/media/udo/Exchange/Dokumente/Development/Node/cismdatabase/lib/foundation/Base.js:15:21)
[2026-02-28T13:08:39.398] [INFO] MongoDatabase - getQuestion: Getting random question ... getQuestion(/media/udo/Exchange/Dokumente/Development/Node/cismdatabase/lib/database/MongoDatabase.js:135:21)
[2026-02-28T13:08:48.895] [DEBUG] MongoDatabase - Logger initilized init(/media/udo/Exchange/Dokumente/Development/Node/cismdatabase/lib/foundation/Base.js:15:21)
[2026-02-28T13:08:50.364] [INFO] MongoDatabase - getQuestion: Getting random question ... getQuestion(/media/udo/Exchange/Dokumente/Development/Node/cismdatabase/lib/database/MongoDatabase.js:135:21)
[2026-02-28T13:09:47.898] [DEBUG] MongoDatabase - Logger initilized init(/media/udo/Exchange/Dokumente/Development/Node/cismdatabase/lib/foundation/Base.js:15:21)
[2026-02-28T13:09:48.504] [INFO] MongoDatabase - getQuestion: Getting random question ... getQuestion(/media/udo/Exchange/Dokumente/Development/Node/cismdatabase/lib/database/MongoDatabase.js:135:21)
[2026-02-28T13:10:31.189] [DEBUG] MongoDatabase - Logger initilized init(/media/udo/Exchange/Dokumente/Development/Node/cismdatabase/lib/foundation/Base.js:15:21)
[2026-02-28T13:10:32.348] [DEBUG] MongoDatabase - Logger initilized init(/media/udo/Exchange/Dokumente/Development/Node/cismdatabase/lib/foundation/Base.js:15:21)
[2026-02-28T13:10:32.357] [INFO] MongoDatabase - getQuestion: Getting random question ... getQuestion(/media/udo/Exchange/Dokumente/Development/Node/cismdatabase/lib/database/MongoDatabase.js:135:21)
[2026-02-28T13:10:32.915] [INFO] MongoDatabase - getQuestion: Getting random question ... getQuestion(/media/udo/Exchange/Dokumente/Development/Node/cismdatabase/lib/database/MongoDatabase.js:135:21)
[2026-02-28T13:11:33.282] [DEBUG] MongoDatabase - Logger initilized init(/media/udo/Exchange/Dokumente/Development/Node/cismdatabase/lib/foundation/Base.js:15:21)
[2026-02-28T13:11:34.190] [INFO] MongoDatabase - getQuestion: Getting random question ... getQuestion(/media/udo/Exchange/Dokumente/Development/Node/cismdatabase/lib/database/MongoDatabase.js:135:21)
[2026-02-28T13:12:47.518] [DEBUG] MongoDatabase - Logger initilized init(/media/udo/Exchange/Dokumente/Development/Node/cismdatabase/lib/foundation/Base.js:15:21)
[2026-02-28T13:12:49.102] [INFO] MongoDatabase - getQuestion: Getting random question ... getQuestion(/media/udo/Exchange/Dokumente/Development/Node/cismdatabase/lib/database/MongoDatabase.js:135:21)
[2026-02-28T13:12:50.281] [DEBUG] MongoDatabase - Logger initilized init(/media/udo/Exchange/Dokumente/Development/Node/cismdatabase/lib/foundation/Base.js:15:21)
[2026-02-28T13:12:50.567] [INFO] MongoDatabase - spec_getTestResult: Getting test results for period from 2026-02-27T23:00:00.000Z to 2026-02-28T22:59:59.999Z spec_getTestResult(/media/udo/Exchange/Dokumente/Development/Node/cismdatabase/lib/database/MongoDatabase.js:152:21)
[2026-02-28T13:12:50.873] [INFO] MongoDatabase - getQuestion: Getting random question ... getQuestion(/media/udo/Exchange/Dokumente/Development/Node/cismdatabase/lib/database/MongoDatabase.js:135:21)
