[2026-03-09T07:15:07.197] [INFO] MockExecutor - Logger initialized init(file:///media/udo/Exchange/Dokumente/Development/Node/cismdatabase/lib/foundation/Base.js:11:21)
[2026-03-09T07:15:07.430] [INFO] MockExecutor - MockExecutor is up and running ...  init(file:///media/udo/Exchange/Dokumente/Development/Node/cismdatabase/lib/mock/MockExecutor.js:22:21)
[2026-03-09T07:18:25.953] [INFO] MockExecutor - Logger initialized init(file:///media/udo/Exchange/Dokumente/Development/Node/cismdatabase/lib/foundation/Base.js:11:21)
[2026-03-09T07:18:26.556] [INFO] MockExecutor - MockExecutor is up and running ...  init(file:///media/udo/Exchange/Dokumente/Development/Node/cismdatabase/lib/mock/MockExecutor.js:22:21)
[2026-03-09T07:18:52.150] [INFO] MockExecutor - Logger initialized init(file:///media/udo/Exchange/Dokumente/Development/Node/cismdatabase/lib/foundation/Base.js:11:21)
[2026-03-09T07:18:52.883] [INFO] MockExecutor - MockExecutor is up and running ...  init(file:///media/udo/Exchange/Dokumente/Development/Node/cismdatabase/lib/mock/MockExecutor.js:22:21)
[2026-03-09T07:28:32.095] [INFO] MockExecutor - Logger initialized init(file:///media/udo/Exchange/Dokumente/Development/Node/cismdatabase/lib/foundation/Base.js:11:21)
[2026-03-09T07:28:32.417] [INFO] MockExecutor - MockExecutor is up and running ...  init(file:///media/udo/Exchange/Dokumente/Development/Node/cismdatabase/lib/mock/MockExecutor.js:22:21)
[2026-03-09T07:28:32.419] [INFO] MockExecutor - Adding ${runner} to runner stack ...  add(file:///media/udo/Exchange/Dokumente/Development/Node/cismdatabase/lib/mock/MockExecutor.js:41:23)
[2026-03-09T07:28:32.419] [INFO] MockExecutor - Start mocking ... build(file:///media/udo/Exchange/Dokumente/Development/Node/cismdatabase/lib/mock/MockExecutor.js:51:21)
[2026-03-09T07:29:00.067] [INFO] MockExecutor - Logger initialized init(file:///media/udo/Exchange/Dokumente/Development/Node/cismdatabase/lib/foundation/Base.js:11:21)
[2026-03-09T07:29:00.574] [INFO] MockExecutor - MockExecutor is up and running ...  init(file:///media/udo/Exchange/Dokumente/Development/Node/cismdatabase/lib/mock/MockExecutor.js:22:21)
[2026-03-09T07:29:00.575] [INFO] MockExecutor - Adding ${runner} to runner stack ...  add(file:///media/udo/Exchange/Dokumente/Development/Node/cismdatabase/lib/mock/MockExecutor.js:41:23)
[2026-03-09T07:29:00.575] [INFO] MockExecutor - Start mocking ... build(file:///media/udo/Exchange/Dokumente/Development/Node/cismdatabase/lib/mock/MockExecutor.js:51:21)
[2026-03-09T07:29:29.874] [INFO] MockExecutor - Logger initialized init(file:///media/udo/Exchange/Dokumente/Development/Node/cismdatabase/lib/foundation/Base.js:11:21)
[2026-03-09T07:29:30.175] [INFO] MockExecutor - MockExecutor is up and running ...  init(file:///media/udo/Exchange/Dokumente/Development/Node/cismdatabase/lib/mock/MockExecutor.js:22:21)
[2026-03-09T07:29:30.177] [INFO] MockExecutor - Adding ${runner} to runner stack ...  add(file:///media/udo/Exchange/Dokumente/Development/Node/cismdatabase/lib/mock/MockExecutor.js:41:23)
[2026-03-09T07:29:30.177] [INFO] MockExecutor - Start mocking ... build(file:///media/udo/Exchange/Dokumente/Development/Node/cismdatabase/lib/mock/MockExecutor.js:51:21)
[2026-03-09T07:34:30.797] [INFO] MockExecutor - Logger initialized init(file:///media/udo/Exchange/Dokumente/Development/Node/cismdatabase/lib/foundation/Base.js:11:21)
[2026-03-09T07:34:31.040] [INFO] MockExecutor - MockExecutor is up and running ...  init(file:///media/udo/Exchange/Dokumente/Development/Node/cismdatabase/lib/mock/MockExecutor.js:22:21)
[2026-03-09T07:34:31.042] [INFO] MockExecutor - Adding ${runner} to runner stack ...  add(file:///media/udo/Exchange/Dokumente/Development/Node/cismdatabase/lib/mock/MockExecutor.js:41:23)
[2026-03-09T07:34:31.042] [INFO] MockExecutor - Start mocking ... build(file:///media/udo/Exchange/Dokumente/Development/Node/cismdatabase/lib/mock/MockExecutor.js:51:21)
[2026-03-09T07:35:18.295] [INFO] MockExecutor - Logger initialized init(file:///media/udo/Exchange/Dokumente/Development/Node/cismdatabase/lib/foundation/Base.js:11:21)
[2026-03-09T07:35:18.539] [INFO] MockExecutor - MockExecutor is up and running ...  init(file:///media/udo/Exchange/Dokumente/Development/Node/cismdatabase/lib/mock/MockExecutor.js:22:21)
[2026-03-09T07:35:18.541] [INFO] MockExecutor - Adding ${runner} to runner stack ...  add(file:///media/udo/Exchange/Dokumente/Development/Node/cismdatabase/lib/mock/MockExecutor.js:41:23)
[2026-03-09T07:35:18.541] [INFO] MockExecutor - Start mocking ... build(file:///media/udo/Exchange/Dokumente/Development/Node/cismdatabase/lib/mock/MockExecutor.js:51:21)
[2026-03-09T07:36:29.147] [INFO] MockExecutor - Logger initialized init(file:///media/udo/Exchange/Dokumente/Development/Node/cismdatabase/lib/foundation/Base.js:11:21)
[2026-03-09T07:36:29.368] [INFO] MockExecutor - MockExecutor is up and running ...  init(file:///media/udo/Exchange/Dokumente/Development/Node/cismdatabase/lib/mock/MockExecutor.js:22:21)
[2026-03-09T07:36:29.370] [INFO] MockExecutor - Adding ${runner} to runner stack ...  add(file:///media/udo/Exchange/Dokumente/Development/Node/cismdatabase/lib/mock/MockExecutor.js:41:23)
[2026-03-09T07:36:29.370] [INFO] MockExecutor - Start mocking ... build(file:///media/udo/Exchange/Dokumente/Development/Node/cismdatabase/lib/mock/MockExecutor.js:51:21)
[2026-03-09T07:37:56.740] [INFO] MockExecutor - Logger initialized init(file:///media/udo/Exchange/Dokumente/Development/Node/cismdatabase/lib/foundation/Base.js:11:21)
[2026-03-09T07:37:57.073] [INFO] MockExecutor - MockExecutor is up and running ...  init(file:///media/udo/Exchange/Dokumente/Development/Node/cismdatabase/lib/mock/MockExecutor.js:22:21)
[2026-03-09T07:37:57.075] [INFO] MockExecutor - Adding ${runner} to runner stack ...  add(file:///media/udo/Exchange/Dokumente/Development/Node/cismdatabase/lib/mock/MockExecutor.js:41:23)
[2026-03-09T07:37:57.075] [INFO] MockExecutor - Start mocking ... build(file:///media/udo/Exchange/Dokumente/Development/Node/cismdatabase/lib/mock/MockExecutor.js:51:21)
[2026-03-09T07:38:15.673] [INFO] MockExecutor - Logger initialized init(file:///media/udo/Exchange/Dokumente/Development/Node/cismdatabase/lib/foundation/Base.js:11:21)
[2026-03-09T07:38:15.962] [INFO] MockExecutor - MockExecutor is up and running ...  init(file:///media/udo/Exchange/Dokumente/Development/Node/cismdatabase/lib/mock/MockExecutor.js:22:21)
[2026-03-09T07:38:15.964] [INFO] MockExecutor - Adding ${runner} to runner stack ...  add(file:///media/udo/Exchange/Dokumente/Development/Node/cismdatabase/lib/mock/MockExecutor.js:41:23)
[2026-03-09T07:38:15.964] [INFO] MockExecutor - Start mocking ... build(file:///media/udo/Exchange/Dokumente/Development/Node/cismdatabase/lib/mock/MockExecutor.js:51:21)
[2026-03-09T07:38:50.071] [INFO] MockExecutor - Logger initialized init(file:///media/udo/Exchange/Dokumente/Development/Node/cismdatabase/lib/foundation/Base.js:11:21)
[2026-03-09T07:38:50.392] [INFO] MockExecutor - MockExecutor is up and running ...  init(file:///media/udo/Exchange/Dokumente/Development/Node/cismdatabase/lib/mock/MockExecutor.js:22:21)
[2026-03-09T07:38:50.394] [INFO] MockExecutor - Adding ${runner} to runner stack ...  add(file:///media/udo/Exchange/Dokumente/Development/Node/cismdatabase/lib/mock/MockExecutor.js:41:23)
[2026-03-09T07:38:50.394] [INFO] MockExecutor - Start mocking ... build(file:///media/udo/Exchange/Dokumente/Development/Node/cismdatabase/lib/mock/MockExecutor.js:51:21)
[2026-03-09T07:39:27.066] [INFO] MockExecutor - Logger initialized init(file:///media/udo/Exchange/Dokumente/Development/Node/cismdatabase/lib/foundation/Base.js:11:21)
[2026-03-09T07:39:27.297] [INFO] MockExecutor - MockExecutor is up and running ...  init(file:///media/udo/Exchange/Dokumente/Development/Node/cismdatabase/lib/mock/MockExecutor.js:22:21)
[2026-03-09T07:39:27.298] [INFO] MockExecutor - Adding ${runner} to runner stack ...  add(file:///media/udo/Exchange/Dokumente/Development/Node/cismdatabase/lib/mock/MockExecutor.js:41:23)
[2026-03-09T07:39:27.298] [INFO] MockExecutor - Start mocking ... build(file:///media/udo/Exchange/Dokumente/Development/Node/cismdatabase/lib/mock/MockExecutor.js:51:21)
[2026-03-09T07:40:41.054] [INFO] MockExecutor - Logger initialized init(file:///media/udo/Exchange/Dokumente/Development/Node/cismdatabase/lib/foundation/Base.js:11:21)
[2026-03-09T07:40:41.329] [INFO] MockExecutor - MockExecutor is up and running ...  init(file:///media/udo/Exchange/Dokumente/Development/Node/cismdatabase/lib/mock/MockExecutor.js:22:21)
[2026-03-09T07:40:41.330] [INFO] MockExecutor - Adding ${runner} to runner stack ...  add(file:///media/udo/Exchange/Dokumente/Development/Node/cismdatabase/lib/mock/MockExecutor.js:41:23)
[2026-03-09T07:40:41.331] [INFO] MockExecutor - Start mocking ... build(file:///media/udo/Exchange/Dokumente/Development/Node/cismdatabase/lib/mock/MockExecutor.js:51:21)
[2026-03-09T07:41:17.963] [INFO] MockExecutor - Logger initialized init(file:///media/udo/Exchange/Dokumente/Development/Node/cismdatabase/lib/foundation/Base.js:11:21)
[2026-03-09T07:41:18.304] [INFO] MockExecutor - MockExecutor is up and running ...  init(file:///media/udo/Exchange/Dokumente/Development/Node/cismdatabase/lib/mock/MockExecutor.js:22:21)
[2026-03-09T07:41:18.306] [INFO] MockExecutor - Adding ${runner} to runner stack ...  add(file:///media/udo/Exchange/Dokumente/Development/Node/cismdatabase/lib/mock/MockExecutor.js:41:23)
[2026-03-09T07:41:18.306] [INFO] MockExecutor - Start mocking ... build(file:///media/udo/Exchange/Dokumente/Development/Node/cismdatabase/lib/mock/MockExecutor.js:51:21)
[2026-03-09T07:41:47.663] [INFO] MockExecutor - Logger initialized init(file:///media/udo/Exchange/Dokumente/Development/Node/cismdatabase/lib/foundation/Base.js:11:21)
[2026-03-09T07:41:47.980] [INFO] MockExecutor - MockExecutor is up and running ...  init(file:///media/udo/Exchange/Dokumente/Development/Node/cismdatabase/lib/mock/MockExecutor.js:22:21)
[2026-03-09T07:41:47.982] [INFO] MockExecutor - Adding ${runner} to runner stack ...  add(file:///media/udo/Exchange/Dokumente/Development/Node/cismdatabase/lib/mock/MockExecutor.js:41:23)
[2026-03-09T07:41:47.982] [INFO] MockExecutor - Start mocking ... build(file:///media/udo/Exchange/Dokumente/Development/Node/cismdatabase/lib/mock/MockExecutor.js:51:21)
[2026-03-09T07:42:52.794] [INFO] MockExecutor - Logger initialized init(file:///media/udo/Exchange/Dokumente/Development/Node/cismdatabase/lib/foundation/Base.js:11:21)
[2026-03-09T07:42:53.218] [INFO] MockExecutor - MockExecutor is up and running ...  init(file:///media/udo/Exchange/Dokumente/Development/Node/cismdatabase/lib/mock/MockExecutor.js:22:21)
[2026-03-09T07:42:53.220] [INFO] MockExecutor - Adding ${runner} to runner stack ...  add(file:///media/udo/Exchange/Dokumente/Development/Node/cismdatabase/lib/mock/MockExecutor.js:41:23)
[2026-03-09T07:42:53.220] [INFO] MockExecutor - Start mocking ... build(file:///media/udo/Exchange/Dokumente/Development/Node/cismdatabase/lib/mock/MockExecutor.js:51:21)
[2026-03-09T07:44:12.524] [INFO] MockExecutor - Logger initialized init(file:///media/udo/Exchange/Dokumente/Development/Node/cismdatabase/lib/foundation/Base.js:11:21)
[2026-03-09T07:44:12.976] [INFO] MockExecutor - MockExecutor is up and running ...  init(file:///media/udo/Exchange/Dokumente/Development/Node/cismdatabase/lib/mock/MockExecutor.js:22:21)
[2026-03-09T07:44:12.979] [INFO] MockExecutor - Adding ${runner} to runner stack ...  add(file:///media/udo/Exchange/Dokumente/Development/Node/cismdatabase/lib/mock/MockExecutor.js:41:23)
[2026-03-09T07:44:12.979] [INFO] MockExecutor - Start mocking ... build(file:///media/udo/Exchange/Dokumente/Development/Node/cismdatabase/lib/mock/MockExecutor.js:51:21)
[2026-03-09T07:44:56.893] [INFO] MockExecutor - Logger initialized init(file:///media/udo/Exchange/Dokumente/Development/Node/cismdatabase/lib/foundation/Base.js:11:21)
[2026-03-09T07:44:57.232] [INFO] MockExecutor - MockExecutor is up and running ...  init(file:///media/udo/Exchange/Dokumente/Development/Node/cismdatabase/lib/mock/MockExecutor.js:22:21)
[2026-03-09T07:44:57.234] [INFO] MockExecutor - Adding ${runner} to runner stack ...  add(file:///media/udo/Exchange/Dokumente/Development/Node/cismdatabase/lib/mock/MockExecutor.js:41:23)
[2026-03-09T07:44:57.234] [INFO] MockExecutor - Start mocking ... build(file:///media/udo/Exchange/Dokumente/Development/Node/cismdatabase/lib/mock/MockExecutor.js:51:21)
[2026-03-09T07:45:26.608] [INFO] MockExecutor - Logger initialized init(file:///media/udo/Exchange/Dokumente/Development/Node/cismdatabase/lib/foundation/Base.js:11:21)
[2026-03-09T07:45:26.866] [INFO] MockExecutor - MockExecutor is up and running ...  init(file:///media/udo/Exchange/Dokumente/Development/Node/cismdatabase/lib/mock/MockExecutor.js:22:21)
[2026-03-09T07:45:26.868] [INFO] MockExecutor - Adding ${runner} to runner stack ...  add(file:///media/udo/Exchange/Dokumente/Development/Node/cismdatabase/lib/mock/MockExecutor.js:41:23)
[2026-03-09T07:45:26.868] [INFO] MockExecutor - Start mocking ... build(file:///media/udo/Exchange/Dokumente/Development/Node/cismdatabase/lib/mock/MockExecutor.js:51:21)
[2026-03-09T07:46:01.920] [INFO] MockExecutor - Logger initialized init(file:///media/udo/Exchange/Dokumente/Development/Node/cismdatabase/lib/foundation/Base.js:11:21)
[2026-03-09T07:46:02.196] [INFO] MockExecutor - MockExecutor is up and running ...  init(file:///media/udo/Exchange/Dokumente/Development/Node/cismdatabase/lib/mock/MockExecutor.js:22:21)
[2026-03-09T07:46:02.197] [INFO] MockExecutor - Adding ${runner} to runner stack ...  add(file:///media/udo/Exchange/Dokumente/Development/Node/cismdatabase/lib/mock/MockExecutor.js:41:23)
[2026-03-09T07:46:02.197] [INFO] MockExecutor - Start mocking ... build(file:///media/udo/Exchange/Dokumente/Development/Node/cismdatabase/lib/mock/MockExecutor.js:51:21)
[2026-03-09T07:59:40.519] [INFO] MockExecutor - Logger initialized init(file:///media/udo/Exchange/Dokumente/Development/Node/cismdatabase/lib/foundation/Base.js:11:21)
[2026-03-09T07:59:41.147] [INFO] MockExecutor - MockExecutor is up and running ...  init(file:///media/udo/Exchange/Dokumente/Development/Node/cismdatabase/lib/mock/MockExecutor.js:22:21)
[2026-03-09T08:00:04.320] [INFO] MockExecutor - Logger initialized init(file:///media/udo/Exchange/Dokumente/Development/Node/cismdatabase/lib/foundation/Base.js:11:21)
[2026-03-09T08:00:04.632] [INFO] MockExecutor - MockExecutor is up and running ...  init(file:///media/udo/Exchange/Dokumente/Development/Node/cismdatabase/lib/mock/MockExecutor.js:22:21)
[2026-03-09T08:00:43.923] [INFO] MockExecutor - Logger initialized init(file:///media/udo/Exchange/Dokumente/Development/Node/cismdatabase/lib/foundation/Base.js:11:21)
[2026-03-09T08:00:44.149] [INFO] MockExecutor - MockExecutor is up and running ...  init(file:///media/udo/Exchange/Dokumente/Development/Node/cismdatabase/lib/mock/MockExecutor.js:22:21)
[2026-03-09T08:01:19.047] [INFO] MockExecutor - Logger initialized init(file:///media/udo/Exchange/Dokumente/Development/Node/cismdatabase/lib/foundation/Base.js:11:21)
[2026-03-09T08:01:19.369] [INFO] MockExecutor - MockExecutor is up and running ...  init(file:///media/udo/Exchange/Dokumente/Development/Node/cismdatabase/lib/mock/MockExecutor.js:22:21)
[2026-03-09T08:03:09.330] [INFO] MockExecutor - Logger initialized init(file:///media/udo/Exchange/Dokumente/Development/Node/cismdatabase/lib/foundation/Base.js:11:21)
[2026-03-09T08:03:09.689] [INFO] MockExecutor - MockExecutor is up and running ...  init(file:///media/udo/Exchange/Dokumente/Development/Node/cismdatabase/lib/mock/MockExecutor.js:22:21)
[2026-03-09T08:05:35.292] [INFO] MockExecutor - Logger initialized init(file:///media/udo/Exchange/Dokumente/Development/Node/cismdatabase/lib/foundation/Base.js:11:21)
[2026-03-09T08:05:35.659] [INFO] MockExecutor - MockExecutor is up and running ...  init(file:///media/udo/Exchange/Dokumente/Development/Node/cismdatabase/lib/mock/MockExecutor.js:22:21)
[2026-03-09T08:06:31.464] [INFO] MockExecutor - Logger initialized init(file:///media/udo/Exchange/Dokumente/Development/Node/cismdatabase/lib/foundation/Base.js:11:21)
[2026-03-09T08:06:31.765] [INFO] MockExecutor - MockExecutor is up and running ...  init(file:///media/udo/Exchange/Dokumente/Development/Node/cismdatabase/lib/mock/MockExecutor.js:22:21)
[2026-03-09T08:07:14.830] [INFO] MockExecutor - Logger initialized init(file:///media/udo/Exchange/Dokumente/Development/Node/cismdatabase/lib/foundation/Base.js:11:21)
[2026-03-09T08:07:15.098] [INFO] MockExecutor - MockExecutor is up and running ...  init(file:///media/udo/Exchange/Dokumente/Development/Node/cismdatabase/lib/mock/MockExecutor.js:22:21)
[2026-03-09T08:07:43.373] [INFO] MockExecutor - Logger initialized init(file:///media/udo/Exchange/Dokumente/Development/Node/cismdatabase/lib/foundation/Base.js:11:21)
[2026-03-09T08:07:43.734] [INFO] MockExecutor - MockExecutor is up and running ...  init(file:///media/udo/Exchange/Dokumente/Development/Node/cismdatabase/lib/mock/MockExecutor.js:22:21)
[2026-03-09T08:09:36.843] [INFO] MockExecutor - Logger initialized init(file:///media/udo/Exchange/Dokumente/Development/Node/cismdatabase/lib/foundation/Base.js:11:21)
[2026-03-09T08:09:37.155] [INFO] MockExecutor - MockExecutor is up and running ...  init(file:///media/udo/Exchange/Dokumente/Development/Node/cismdatabase/lib/mock/MockExecutor.js:22:21)
[2026-03-09T08:11:54.965] [INFO] MockExecutor - Logger initialized init(file:///media/udo/Exchange/Dokumente/Development/Node/cismdatabase/lib/foundation/Base.js:11:21)
[2026-03-09T08:11:55.328] [INFO] MockExecutor - MockExecutor is up and running ...  init(file:///media/udo/Exchange/Dokumente/Development/Node/cismdatabase/lib/mock/MockExecutor.js:22:21)
[2026-03-09T08:11:55.329] [INFO] MockExecutor - Adding ${runner} to runner stack ...  add(file:///media/udo/Exchange/Dokumente/Development/Node/cismdatabase/lib/mock/MockExecutor.js:41:23)
[2026-03-09T08:11:55.329] [INFO] MockExecutor - Adding ${runner} to runner stack ...  add(file:///media/udo/Exchange/Dokumente/Development/Node/cismdatabase/lib/mock/MockExecutor.js:41:23)
[2026-03-09T08:11:55.329] [INFO] MockExecutor - Start mocking ... build(file:///media/udo/Exchange/Dokumente/Development/Node/cismdatabase/lib/mock/MockExecutor.js:51:21)
[2026-03-09T08:13:43.717] [INFO] MockExecutor - Logger initialized init(file:///media/udo/Exchange/Dokumente/Development/Node/cismdatabase/lib/foundation/Base.js:11:21)
[2026-03-09T08:13:44.286] [INFO] MockExecutor - MockExecutor is up and running ...  init(file:///media/udo/Exchange/Dokumente/Development/Node/cismdatabase/lib/mock/MockExecutor.js:22:21)
[2026-03-09T08:13:44.287] [INFO] MockExecutor - Adding ${runner} to runner stack ...  add(file:///media/udo/Exchange/Dokumente/Development/Node/cismdatabase/lib/mock/MockExecutor.js:41:23)
[2026-03-09T08:13:56.504] [INFO] MockExecutor - Adding ${runner} to runner stack ...  add(file:///media/udo/Exchange/Dokumente/Development/Node/cismdatabase/lib/mock/MockExecutor.js:41:23)
[2026-03-09T08:13:56.504] [INFO] MockExecutor - Start mocking ... build(file:///media/udo/Exchange/Dokumente/Development/Node/cismdatabase/lib/mock/MockExecutor.js:51:21)
[2026-03-09T08:16:12.078] [INFO] MockExecutor - Logger initialized init(file:///media/udo/Exchange/Dokumente/Development/Node/cismdatabase/lib/foundation/Base.js:11:21)
[2026-03-09T08:16:12.440] [INFO] MockExecutor - MockExecutor is up and running ...  init(file:///media/udo/Exchange/Dokumente/Development/Node/cismdatabase/lib/mock/MockExecutor.js:22:21)
[2026-03-09T08:16:12.441] [INFO] MockExecutor - Adding ${runner} to runner stack ...  add(file:///media/udo/Exchange/Dokumente/Development/Node/cismdatabase/lib/mock/MockExecutor.js:41:23)
[2026-03-09T08:16:15.362] [INFO] MockExecutor - Adding ${runner} to runner stack ...  add(file:///media/udo/Exchange/Dokumente/Development/Node/cismdatabase/lib/mock/MockExecutor.js:41:23)
[2026-03-09T08:16:15.362] [INFO] MockExecutor - Start mocking ... build(file:///media/udo/Exchange/Dokumente/Development/Node/cismdatabase/lib/mock/MockExecutor.js:51:21)
[2026-03-09T08:20:05.557] [INFO] MockExecutor - Logger initialized init(file:///media/udo/Exchange/Dokumente/Development/Node/cismdatabase/lib/foundation/Base.js:11:21)
[2026-03-09T08:20:05.809] [INFO] MockExecutor - MockExecutor is up and running ...  init(file:///media/udo/Exchange/Dokumente/Development/Node/cismdatabase/lib/mock/MockExecutor.js:22:21)
[2026-03-09T08:20:05.810] [INFO] MockExecutor - Adding ${runner} to runner stack ...  add(file:///media/udo/Exchange/Dokumente/Development/Node/cismdatabase/lib/mock/MockExecutor.js:41:23)
[2026-03-09T08:20:09.128] [INFO] MockExecutor - Adding ${runner} to runner stack ...  add(file:///media/udo/Exchange/Dokumente/Development/Node/cismdatabase/lib/mock/MockExecutor.js:41:23)
[2026-03-09T08:20:09.129] [INFO] MockExecutor - Start mocking ... build(file:///media/udo/Exchange/Dokumente/Development/Node/cismdatabase/lib/mock/MockExecutor.js:51:21)
[2026-03-09T08:31:17.152] [INFO] MockExecutor - Logger initialized init(file:///media/udo/Exchange/Dokumente/Development/Node/cismdatabase/lib/foundation/Base.js:11:21)
[2026-03-09T08:31:17.526] [INFO] MockExecutor - MockExecutor is up and running ...  init(file:///media/udo/Exchange/Dokumente/Development/Node/cismdatabase/lib/mock/MockExecutor.js:22:21)
[2026-03-09T08:31:17.528] [INFO] MockExecutor - Adding ${runner} to runner stack ...  add(file:///media/udo/Exchange/Dokumente/Development/Node/cismdatabase/lib/mock/MockExecutor.js:41:23)
[2026-03-09T08:31:17.528] [INFO] MockExecutor - Adding ${runner} to runner stack ...  add(file:///media/udo/Exchange/Dokumente/Development/Node/cismdatabase/lib/mock/MockExecutor.js:41:23)
[2026-03-09T08:31:17.528] [INFO] MockExecutor - Start mocking ... build(file:///media/udo/Exchange/Dokumente/Development/Node/cismdatabase/lib/mock/MockExecutor.js:51:21)
[2026-03-09T08:41:30.096] [INFO] MockExecutor - Logger initialized init(file:///media/udo/Exchange/Dokumente/Development/Node/cismdatabase/lib/foundation/Base.js:11:21)
[2026-03-09T08:41:30.443] [INFO] MockExecutor - MockExecutor is up and running ...  init(file:///media/udo/Exchange/Dokumente/Development/Node/cismdatabase/lib/mock/MockExecutor.js:22:21)
[2026-03-09T08:41:30.444] [INFO] MockExecutor - Adding ${runner} to runner stack ...  add(file:///media/udo/Exchange/Dokumente/Development/Node/cismdatabase/lib/mock/MockExecutor.js:41:23)
[2026-03-09T08:41:30.445] [INFO] MockExecutor - Adding ${runner} to runner stack ...  add(file:///media/udo/Exchange/Dokumente/Development/Node/cismdatabase/lib/mock/MockExecutor.js:41:23)
[2026-03-09T08:41:30.445] [INFO] MockExecutor - Start mocking ... build(file:///media/udo/Exchange/Dokumente/Development/Node/cismdatabase/lib/mock/MockExecutor.js:51:21)
[2026-03-09T08:41:30.502] [INFO] MockExecutor - Cleaning up ... clean(file:///media/udo/Exchange/Dokumente/Development/Node/cismdatabase/lib/mock/MockExecutor.js:62:21)
[2026-03-09T08:41:58.300] [INFO] MockExecutor - Logger initialized init(file:///media/udo/Exchange/Dokumente/Development/Node/cismdatabase/lib/foundation/Base.js:11:21)
[2026-03-09T08:41:58.508] [INFO] MockExecutor - MockExecutor is up and running ...  init(file:///media/udo/Exchange/Dokumente/Development/Node/cismdatabase/lib/mock/MockExecutor.js:22:21)
[2026-03-09T08:41:58.509] [INFO] MockExecutor - Adding ${runner} to runner stack ...  add(file:///media/udo/Exchange/Dokumente/Development/Node/cismdatabase/lib/mock/MockExecutor.js:41:23)
[2026-03-09T08:41:58.510] [INFO] MockExecutor - Adding ${runner} to runner stack ...  add(file:///media/udo/Exchange/Dokumente/Development/Node/cismdatabase/lib/mock/MockExecutor.js:41:23)
[2026-03-09T08:41:58.510] [INFO] MockExecutor - Start mocking ... build(file:///media/udo/Exchange/Dokumente/Development/Node/cismdatabase/lib/mock/MockExecutor.js:51:21)
[2026-03-09T08:41:58.564] [INFO] MockExecutor - Cleaning up ... clean(file:///media/udo/Exchange/Dokumente/Development/Node/cismdatabase/lib/mock/MockExecutor.js:62:21)
[2026-03-09T08:43:09.416] [INFO] MockExecutor - Logger initialized init(file:///media/udo/Exchange/Dokumente/Development/Node/cismdatabase/lib/foundation/Base.js:11:21)
[2026-03-09T08:43:09.638] [INFO] MockExecutor - MockExecutor is up and running ...  init(file:///media/udo/Exchange/Dokumente/Development/Node/cismdatabase/lib/mock/MockExecutor.js:22:21)
[2026-03-09T08:43:09.639] [INFO] MockExecutor - Adding ${runner} to runner stack ...  add(file:///media/udo/Exchange/Dokumente/Development/Node/cismdatabase/lib/mock/MockExecutor.js:41:23)
[2026-03-09T08:43:09.640] [INFO] MockExecutor - Adding ${runner} to runner stack ...  add(file:///media/udo/Exchange/Dokumente/Development/Node/cismdatabase/lib/mock/MockExecutor.js:41:23)
[2026-03-09T08:43:09.640] [INFO] MockExecutor - Start mocking ... build(file:///media/udo/Exchange/Dokumente/Development/Node/cismdatabase/lib/mock/MockExecutor.js:51:21)
[2026-03-09T08:43:09.714] [INFO] MockExecutor - Cleaning up ... clean(file:///media/udo/Exchange/Dokumente/Development/Node/cismdatabase/lib/mock/MockExecutor.js:62:21)
[2026-03-09T08:44:25.791] [INFO] MockExecutor - Logger initialized init(file:///media/udo/Exchange/Dokumente/Development/Node/cismdatabase/lib/foundation/Base.js:11:21)
[2026-03-09T08:44:26.741] [INFO] MockExecutor - MockExecutor is up and running ...  init(file:///media/udo/Exchange/Dokumente/Development/Node/cismdatabase/lib/mock/MockExecutor.js:22:21)
[2026-03-09T08:44:26.742] [INFO] MockExecutor - Adding ${runner} to runner stack ...  add(file:///media/udo/Exchange/Dokumente/Development/Node/cismdatabase/lib/mock/MockExecutor.js:41:23)
[2026-03-09T08:44:26.743] [INFO] MockExecutor - Adding ${runner} to runner stack ...  add(file:///media/udo/Exchange/Dokumente/Development/Node/cismdatabase/lib/mock/MockExecutor.js:41:23)
[2026-03-09T08:44:26.743] [INFO] MockExecutor - Start mocking ... build(file:///media/udo/Exchange/Dokumente/Development/Node/cismdatabase/lib/mock/MockExecutor.js:51:21)
[2026-03-09T08:44:27.046] [INFO] MockExecutor - Cleaning up ... clean(file:///media/udo/Exchange/Dokumente/Development/Node/cismdatabase/lib/mock/MockExecutor.js:62:21)
[2026-03-09T08:47:20.048] [INFO] MockExecutor - Logger initialized init(file:///media/udo/Exchange/Dokumente/Development/Node/cismdatabase/lib/foundation/Base.js:11:21)
[2026-03-09T08:47:20.293] [INFO] MockExecutor - MockExecutor is up and running ...  init(file:///media/udo/Exchange/Dokumente/Development/Node/cismdatabase/lib/mock/MockExecutor.js:22:21)
[2026-03-09T08:47:20.294] [INFO] MockExecutor - Adding ${runner} to runner stack ...  add(file:///media/udo/Exchange/Dokumente/Development/Node/cismdatabase/lib/mock/MockExecutor.js:41:23)
[2026-03-09T08:47:20.295] [INFO] MockExecutor - Adding ${runner} to runner stack ...  add(file:///media/udo/Exchange/Dokumente/Development/Node/cismdatabase/lib/mock/MockExecutor.js:41:23)
[2026-03-09T08:47:20.295] [INFO] MockExecutor - Start mocking ... build(file:///media/udo/Exchange/Dokumente/Development/Node/cismdatabase/lib/mock/MockExecutor.js:51:21)
[2026-03-09T08:47:20.460] [INFO] MockExecutor - Cleaning up ... clean(file:///media/udo/Exchange/Dokumente/Development/Node/cismdatabase/lib/mock/MockExecutor.js:62:21)
[2026-03-09T08:47:20.461] [INFO] MockExecutor - Question {
  collection: Collection {
    db: Db { s: [Object], client: [MongoClient] },
    s: {
      db: [Db],
      options: [Object],
      namespace: [MongoDBCollectionNamespace],
      pkFactory: [Object],
      readPreference: [ReadPreference],
      bsonOptions: [Object],
      readConcern: undefined,
      writeConcern: undefined
    },
    client: MongoClient {
      _events: [Object: null prototype],
      _eventsCount: 1,
      _maxListeners: undefined,
      driverInfoList: [Array],
      options: [Object: null prototype],
      mongoLogger: undefined,
      s: [Object],
      connectionLock: undefined,
      topology: [Topology],
      Symbol(shapeMode): false,
      Symbol(kCapture): false
    }
  },
  collectionName: 'question',
  logger: Logger {
    category: 'MockQuestion',
    context: {},
    callStackSkipIndex: 0,
    parseCallStack: [Function: defaultParseCallStack]
  },
  count: 10
} clean(file:///media/udo/Exchange/Dokumente/Development/Node/cismdatabase/lib/mock/MockExecutor.js:64:23)
[2026-03-09T08:47:20.507] [INFO] MockExecutor - Answer {
  collection: Collection {
    db: Db { s: [Object], client: [MongoClient] },
    s: {
      db: [Db],
      options: [Object],
      namespace: [MongoDBCollectionNamespace],
      pkFactory: [Object],
      readPreference: [ReadPreference],
      bsonOptions: [Object],
      readConcern: undefined,
      writeConcern: undefined
    },
    client: MongoClient {
      _events: [Object: null prototype],
      _eventsCount: 1,
      _maxListeners: undefined,
      driverInfoList: [Array],
      options: [Object: null prototype],
      mongoLogger: undefined,
      s: [Object],
      connectionLock: undefined,
      topology: [Topology],
      Symbol(shapeMode): false,
      Symbol(kCapture): false
    }
  },
  collectionName: 'answer',
  logger: Logger {
    category: 'MockAnswer',
    context: {},
    callStackSkipIndex: 0,
    parseCallStack: [Function: defaultParseCallStack]
  },
  localQuestionIDs: Map(1) {
    'Question' => [
      new ObjectId('69ae7b08f65b50d478d4f2b8'),
      new ObjectId('69ae7b08f65b50d478d4f2b9'),
      new ObjectId('69ae7b08f65b50d478d4f2ba'),
      new ObjectId('69ae7b08f65b50d478d4f2bb'),
      new ObjectId('69ae7b08f65b50d478d4f2bc'),
      new ObjectId('69ae7b08f65b50d478d4f2bd'),
      new ObjectId('69ae7b08f65b50d478d4f2be'),
      new ObjectId('69ae7b08f65b50d478d4f2bf'),
      new ObjectId('69ae7b08f65b50d478d4f2c0'),
      new ObjectId('69ae7b08f65b50d478d4f2c1')
    ]
  },
  joinCollection: Question {
    collection: Collection { db: [Db], s: [Object], client: [MongoClient] },
    collectionName: 'question',
    logger: Logger {
      category: 'MockQuestion',
      context: {},
      callStackSkipIndex: 0,
      parseCallStack: [Function: defaultParseCallStack]
    },
    count: 10
  }
} clean(file:///media/udo/Exchange/Dokumente/Development/Node/cismdatabase/lib/mock/MockExecutor.js:64:23)
[2026-03-09T16:55:12.847] [INFO] MockExecutor - Logger initialized init(file:///media/udo/Exchange/Dokumente/Development/Node/cismdatabase/lib/foundation/Base.js:11:21)
[2026-03-09T16:55:13.267] [INFO] MockExecutor - MockExecutor is up and running ...  init(file:///media/udo/Exchange/Dokumente/Development/Node/cismdatabase/lib/mock/MockExecutor.js:22:21)
[2026-03-09T16:55:13.268] [INFO] MockExecutor - Adding ${runner} to runner stack ...  add(file:///media/udo/Exchange/Dokumente/Development/Node/cismdatabase/lib/mock/MockExecutor.js:41:23)
[2026-03-09T16:55:13.269] [INFO] MockExecutor - Adding ${runner} to runner stack ...  add(file:///media/udo/Exchange/Dokumente/Development/Node/cismdatabase/lib/mock/MockExecutor.js:41:23)
[2026-03-09T16:55:13.269] [INFO] MockExecutor - Start mocking ... build(file:///media/udo/Exchange/Dokumente/Development/Node/cismdatabase/lib/mock/MockExecutor.js:51:21)
[2026-03-09T16:55:13.358] [INFO] MockExecutor - Cleaning up ... clean(file:///media/udo/Exchange/Dokumente/Development/Node/cismdatabase/lib/mock/MockExecutor.js:62:21)
[2026-03-09T16:56:23.114] [INFO] MockExecutor - Logger initialized init(file:///media/udo/Exchange/Dokumente/Development/Node/cismdatabase/lib/foundation/Base.js:11:21)
[2026-03-09T16:56:23.325] [INFO] MockExecutor - MockExecutor is up and running ...  init(file:///media/udo/Exchange/Dokumente/Development/Node/cismdatabase/lib/mock/MockExecutor.js:22:21)
[2026-03-09T16:56:23.326] [INFO] MockExecutor - Adding ${runner} to runner stack ...  add(file:///media/udo/Exchange/Dokumente/Development/Node/cismdatabase/lib/mock/MockExecutor.js:41:23)
[2026-03-09T16:56:23.326] [INFO] MockExecutor - Adding ${runner} to runner stack ...  add(file:///media/udo/Exchange/Dokumente/Development/Node/cismdatabase/lib/mock/MockExecutor.js:41:23)
[2026-03-09T16:56:23.327] [INFO] MockExecutor - Start mocking ... build(file:///media/udo/Exchange/Dokumente/Development/Node/cismdatabase/lib/mock/MockExecutor.js:51:21)
[2026-03-09T16:56:23.389] [INFO] MockExecutor - Cleaning up ... clean(file:///media/udo/Exchange/Dokumente/Development/Node/cismdatabase/lib/mock/MockExecutor.js:62:21)
[2026-03-09T16:56:31.529] [INFO] MockExecutor - Logger initialized init(file:///media/udo/Exchange/Dokumente/Development/Node/cismdatabase/lib/foundation/Base.js:11:21)
[2026-03-09T16:56:31.915] [INFO] MockExecutor - MockExecutor is up and running ...  init(file:///media/udo/Exchange/Dokumente/Development/Node/cismdatabase/lib/mock/MockExecutor.js:22:21)
[2026-03-09T16:56:31.916] [INFO] MockExecutor - Adding ${runner} to runner stack ...  add(file:///media/udo/Exchange/Dokumente/Development/Node/cismdatabase/lib/mock/MockExecutor.js:41:23)
[2026-03-09T16:56:31.916] [INFO] MockExecutor - Adding ${runner} to runner stack ...  add(file:///media/udo/Exchange/Dokumente/Development/Node/cismdatabase/lib/mock/MockExecutor.js:41:23)
[2026-03-09T16:56:31.916] [INFO] MockExecutor - Start mocking ... build(file:///media/udo/Exchange/Dokumente/Development/Node/cismdatabase/lib/mock/MockExecutor.js:51:21)
[2026-03-09T16:56:32.122] [INFO] MockExecutor - Cleaning up ... clean(file:///media/udo/Exchange/Dokumente/Development/Node/cismdatabase/lib/mock/MockExecutor.js:62:21)
[2026-03-09T16:56:58.584] [INFO] MockExecutor - Logger initialized init(file:///media/udo/Exchange/Dokumente/Development/Node/cismdatabase/lib/foundation/Base.js:11:21)
[2026-03-09T16:56:58.928] [INFO] MockExecutor - MockExecutor is up and running ...  init(file:///media/udo/Exchange/Dokumente/Development/Node/cismdatabase/lib/mock/MockExecutor.js:22:21)
[2026-03-09T16:56:58.929] [INFO] MockExecutor - Adding ${runner} to runner stack ...  add(file:///media/udo/Exchange/Dokumente/Development/Node/cismdatabase/lib/mock/MockExecutor.js:41:23)
[2026-03-09T16:56:58.930] [INFO] MockExecutor - Adding ${runner} to runner stack ...  add(file:///media/udo/Exchange/Dokumente/Development/Node/cismdatabase/lib/mock/MockExecutor.js:41:23)
[2026-03-09T16:56:58.930] [INFO] MockExecutor - Start mocking ... build(file:///media/udo/Exchange/Dokumente/Development/Node/cismdatabase/lib/mock/MockExecutor.js:51:21)
[2026-03-09T16:56:59.020] [INFO] MockExecutor - Cleaning up ... clean(file:///media/udo/Exchange/Dokumente/Development/Node/cismdatabase/lib/mock/MockExecutor.js:62:21)
[2026-03-09T16:57:42.033] [INFO] MockExecutor - Logger initialized init(file:///media/udo/Exchange/Dokumente/Development/Node/cismdatabase/lib/foundation/Base.js:11:21)
[2026-03-09T16:57:42.338] [INFO] MockExecutor - MockExecutor is up and running ...  init(file:///media/udo/Exchange/Dokumente/Development/Node/cismdatabase/lib/mock/MockExecutor.js:22:21)
[2026-03-09T16:57:42.339] [INFO] MockExecutor - Adding ${runner} to runner stack ...  add(file:///media/udo/Exchange/Dokumente/Development/Node/cismdatabase/lib/mock/MockExecutor.js:41:23)
[2026-03-09T16:57:42.339] [INFO] MockExecutor - Adding ${runner} to runner stack ...  add(file:///media/udo/Exchange/Dokumente/Development/Node/cismdatabase/lib/mock/MockExecutor.js:41:23)
[2026-03-09T16:57:42.340] [INFO] MockExecutor - Start mocking ... build(file:///media/udo/Exchange/Dokumente/Development/Node/cismdatabase/lib/mock/MockExecutor.js:51:21)
[2026-03-09T16:57:42.402] [INFO] MockExecutor - Cleaning up ... clean(file:///media/udo/Exchange/Dokumente/Development/Node/cismdatabase/lib/mock/MockExecutor.js:62:21)
[2026-03-09T16:58:21.047] [INFO] MockExecutor - Logger initialized init(file:///media/udo/Exchange/Dokumente/Development/Node/cismdatabase/lib/foundation/Base.js:11:21)
[2026-03-09T16:58:21.363] [INFO] MockExecutor - MockExecutor is up and running ...  init(file:///media/udo/Exchange/Dokumente/Development/Node/cismdatabase/lib/mock/MockExecutor.js:22:21)
[2026-03-09T16:58:21.364] [INFO] MockExecutor - Adding ${runner} to runner stack ...  add(file:///media/udo/Exchange/Dokumente/Development/Node/cismdatabase/lib/mock/MockExecutor.js:41:23)
[2026-03-09T16:58:21.365] [INFO] MockExecutor - Adding ${runner} to runner stack ...  add(file:///media/udo/Exchange/Dokumente/Development/Node/cismdatabase/lib/mock/MockExecutor.js:41:23)
[2026-03-09T16:58:21.365] [INFO] MockExecutor - Adding ${runner} to runner stack ...  add(file:///media/udo/Exchange/Dokumente/Development/Node/cismdatabase/lib/mock/MockExecutor.js:41:23)
[2026-03-09T16:58:21.365] [INFO] MockExecutor - Start mocking ... build(file:///media/udo/Exchange/Dokumente/Development/Node/cismdatabase/lib/mock/MockExecutor.js:51:21)
[2026-03-09T17:01:09.204] [INFO] MockExecutor - Logger initialized init(file:///media/udo/Exchange/Dokumente/Development/Node/cismdatabase/lib/foundation/Base.js:11:21)
[2026-03-09T17:01:09.521] [INFO] MockExecutor - MockExecutor is up and running ...  init(file:///media/udo/Exchange/Dokumente/Development/Node/cismdatabase/lib/mock/MockExecutor.js:22:21)
[2026-03-09T17:01:39.683] [INFO] MockExecutor - Logger initialized init(file:///media/udo/Exchange/Dokumente/Development/Node/cismdatabase/lib/foundation/Base.js:11:21)
[2026-03-09T17:01:39.894] [INFO] MockExecutor - MockExecutor is up and running ...  init(file:///media/udo/Exchange/Dokumente/Development/Node/cismdatabase/lib/mock/MockExecutor.js:22:21)
[2026-03-09T17:01:57.687] [INFO] MockExecutor - Logger initialized init(file:///media/udo/Exchange/Dokumente/Development/Node/cismdatabase/lib/foundation/Base.js:11:21)
[2026-03-09T17:01:57.928] [INFO] MockExecutor - MockExecutor is up and running ...  init(file:///media/udo/Exchange/Dokumente/Development/Node/cismdatabase/lib/mock/MockExecutor.js:22:21)
[2026-03-09T17:01:57.929] [INFO] MockExecutor - Adding ${runner} to runner stack ...  add(file:///media/udo/Exchange/Dokumente/Development/Node/cismdatabase/lib/mock/MockExecutor.js:41:23)
[2026-03-09T17:01:57.930] [INFO] MockExecutor - Adding ${runner} to runner stack ...  add(file:///media/udo/Exchange/Dokumente/Development/Node/cismdatabase/lib/mock/MockExecutor.js:41:23)
[2026-03-09T17:01:57.930] [INFO] MockExecutor - Adding ${runner} to runner stack ...  add(file:///media/udo/Exchange/Dokumente/Development/Node/cismdatabase/lib/mock/MockExecutor.js:41:23)
[2026-03-09T17:01:57.930] [INFO] MockExecutor - Adding ${runner} to runner stack ...  add(file:///media/udo/Exchange/Dokumente/Development/Node/cismdatabase/lib/mock/MockExecutor.js:41:23)
[2026-03-09T17:01:57.930] [INFO] MockExecutor - Start mocking ... build(file:///media/udo/Exchange/Dokumente/Development/Node/cismdatabase/lib/mock/MockExecutor.js:51:21)
[2026-03-09T17:03:20.770] [INFO] MockExecutor - Logger initialized init(file:///media/udo/Exchange/Dokumente/Development/Node/cismdatabase/lib/foundation/Base.js:11:21)
[2026-03-09T17:03:21.110] [INFO] MockExecutor - MockExecutor is up and running ...  init(file:///media/udo/Exchange/Dokumente/Development/Node/cismdatabase/lib/mock/MockExecutor.js:22:21)
[2026-03-09T17:03:21.111] [INFO] MockExecutor - Adding ${runner} to runner stack ...  add(file:///media/udo/Exchange/Dokumente/Development/Node/cismdatabase/lib/mock/MockExecutor.js:41:23)
[2026-03-09T17:03:21.112] [INFO] MockExecutor - Adding ${runner} to runner stack ...  add(file:///media/udo/Exchange/Dokumente/Development/Node/cismdatabase/lib/mock/MockExecutor.js:41:23)
[2026-03-09T17:03:21.112] [INFO] MockExecutor - Adding ${runner} to runner stack ...  add(file:///media/udo/Exchange/Dokumente/Development/Node/cismdatabase/lib/mock/MockExecutor.js:41:23)
[2026-03-09T17:03:21.112] [INFO] MockExecutor - Adding ${runner} to runner stack ...  add(file:///media/udo/Exchange/Dokumente/Development/Node/cismdatabase/lib/mock/MockExecutor.js:41:23)
[2026-03-09T17:03:21.112] [INFO] MockExecutor - Start mocking ... build(file:///media/udo/Exchange/Dokumente/Development/Node/cismdatabase/lib/mock/MockExecutor.js:51:21)
[2026-03-09T17:04:02.063] [INFO] MockExecutor - Logger initialized init(file:///media/udo/Exchange/Dokumente/Development/Node/cismdatabase/lib/foundation/Base.js:11:21)
[2026-03-09T17:04:02.418] [INFO] MockExecutor - MockExecutor is up and running ...  init(file:///media/udo/Exchange/Dokumente/Development/Node/cismdatabase/lib/mock/MockExecutor.js:22:21)
[2026-03-09T17:04:02.419] [INFO] MockExecutor - Adding ${runner} to runner stack ...  add(file:///media/udo/Exchange/Dokumente/Development/Node/cismdatabase/lib/mock/MockExecutor.js:41:23)
[2026-03-09T17:04:02.419] [INFO] MockExecutor - Adding ${runner} to runner stack ...  add(file:///media/udo/Exchange/Dokumente/Development/Node/cismdatabase/lib/mock/MockExecutor.js:41:23)
[2026-03-09T17:04:02.420] [INFO] MockExecutor - Adding ${runner} to runner stack ...  add(file:///media/udo/Exchange/Dokumente/Development/Node/cismdatabase/lib/mock/MockExecutor.js:41:23)
[2026-03-09T17:04:02.420] [INFO] MockExecutor - Adding ${runner} to runner stack ...  add(file:///media/udo/Exchange/Dokumente/Development/Node/cismdatabase/lib/mock/MockExecutor.js:41:23)
[2026-03-09T17:04:02.420] [INFO] MockExecutor - Start mocking ... build(file:///media/udo/Exchange/Dokumente/Development/Node/cismdatabase/lib/mock/MockExecutor.js:51:21)
[2026-03-09T17:04:02.744] [INFO] MockExecutor - Cleaning up ... clean(file:///media/udo/Exchange/Dokumente/Development/Node/cismdatabase/lib/mock/MockExecutor.js:62:21)
[2026-03-09T17:04:57.616] [INFO] MockExecutor - Logger initialized init(file:///media/udo/Exchange/Dokumente/Development/Node/cismdatabase/lib/foundation/Base.js:11:21)
[2026-03-09T17:04:58.002] [INFO] MockExecutor - MockExecutor is up and running ...  init(file:///media/udo/Exchange/Dokumente/Development/Node/cismdatabase/lib/mock/MockExecutor.js:22:21)
[2026-03-09T17:04:58.003] [INFO] MockExecutor - Adding ${runner} to runner stack ...  add(file:///media/udo/Exchange/Dokumente/Development/Node/cismdatabase/lib/mock/MockExecutor.js:41:23)
[2026-03-09T17:04:58.003] [INFO] MockExecutor - Adding ${runner} to runner stack ...  add(file:///media/udo/Exchange/Dokumente/Development/Node/cismdatabase/lib/mock/MockExecutor.js:41:23)
[2026-03-09T17:04:58.004] [INFO] MockExecutor - Adding ${runner} to runner stack ...  add(file:///media/udo/Exchange/Dokumente/Development/Node/cismdatabase/lib/mock/MockExecutor.js:41:23)
[2026-03-09T17:04:58.004] [INFO] MockExecutor - Adding ${runner} to runner stack ...  add(file:///media/udo/Exchange/Dokumente/Development/Node/cismdatabase/lib/mock/MockExecutor.js:41:23)
[2026-03-09T17:04:58.004] [INFO] MockExecutor - Start mocking ... build(file:///media/udo/Exchange/Dokumente/Development/Node/cismdatabase/lib/mock/MockExecutor.js:51:21)
[2026-03-09T17:04:58.269] [INFO] MockExecutor - Cleaning up ... clean(file:///media/udo/Exchange/Dokumente/Development/Node/cismdatabase/lib/mock/MockExecutor.js:62:21)
[2026-03-09T17:05:21.080] [INFO] MockExecutor - Logger initialized init(file:///media/udo/Exchange/Dokumente/Development/Node/cismdatabase/lib/foundation/Base.js:11:21)
[2026-03-09T17:05:21.354] [INFO] MockExecutor - MockExecutor is up and running ...  init(file:///media/udo/Exchange/Dokumente/Development/Node/cismdatabase/lib/mock/MockExecutor.js:22:21)
[2026-03-09T17:05:21.355] [INFO] MockExecutor - Adding ${runner} to runner stack ...  add(file:///media/udo/Exchange/Dokumente/Development/Node/cismdatabase/lib/mock/MockExecutor.js:41:23)
[2026-03-09T17:05:21.355] [INFO] MockExecutor - Adding ${runner} to runner stack ...  add(file:///media/udo/Exchange/Dokumente/Development/Node/cismdatabase/lib/mock/MockExecutor.js:41:23)
[2026-03-09T17:05:21.356] [INFO] MockExecutor - Adding ${runner} to runner stack ...  add(file:///media/udo/Exchange/Dokumente/Development/Node/cismdatabase/lib/mock/MockExecutor.js:41:23)
[2026-03-09T17:05:21.356] [INFO] MockExecutor - Adding ${runner} to runner stack ...  add(file:///media/udo/Exchange/Dokumente/Development/Node/cismdatabase/lib/mock/MockExecutor.js:41:23)
[2026-03-09T17:05:21.356] [INFO] MockExecutor - Start mocking ... build(file:///media/udo/Exchange/Dokumente/Development/Node/cismdatabase/lib/mock/MockExecutor.js:51:21)
[2026-03-09T17:11:59.798] [INFO] MockExecutor - Logger initialized init(file:///media/udo/Exchange/Dokumente/Development/Node/cismdatabase/lib/foundation/Base.js:11:21)
[2026-03-09T17:12:00.567] [INFO] MockExecutor - MockExecutor is up and running ...  init(file:///media/udo/Exchange/Dokumente/Development/Node/cismdatabase/lib/mock/MockExecutor.js:22:21)
[2026-03-09T17:12:00.568] [INFO] MockExecutor - Adding ${runner} to runner stack ...  add(file:///media/udo/Exchange/Dokumente/Development/Node/cismdatabase/lib/mock/MockExecutor.js:41:23)
[2026-03-09T17:12:00.569] [INFO] MockExecutor - Adding ${runner} to runner stack ...  add(file:///media/udo/Exchange/Dokumente/Development/Node/cismdatabase/lib/mock/MockExecutor.js:41:23)
[2026-03-09T17:12:00.569] [INFO] MockExecutor - Adding ${runner} to runner stack ...  add(file:///media/udo/Exchange/Dokumente/Development/Node/cismdatabase/lib/mock/MockExecutor.js:41:23)
[2026-03-09T17:12:00.569] [INFO] MockExecutor - Adding ${runner} to runner stack ...  add(file:///media/udo/Exchange/Dokumente/Development/Node/cismdatabase/lib/mock/MockExecutor.js:41:23)
[2026-03-09T17:12:00.569] [INFO] MockExecutor - Start mocking ... build(file:///media/udo/Exchange/Dokumente/Development/Node/cismdatabase/lib/mock/MockExecutor.js:51:21)
[2026-03-09T17:12:52.574] [INFO] MockExecutor - Logger initialized init(file:///media/udo/Exchange/Dokumente/Development/Node/cismdatabase/lib/foundation/Base.js:11:21)
[2026-03-09T17:12:52.784] [INFO] MockExecutor - MockExecutor is up and running ...  init(file:///media/udo/Exchange/Dokumente/Development/Node/cismdatabase/lib/mock/MockExecutor.js:22:21)
[2026-03-09T17:12:52.786] [INFO] MockExecutor - Adding ${runner} to runner stack ...  add(file:///media/udo/Exchange/Dokumente/Development/Node/cismdatabase/lib/mock/MockExecutor.js:41:23)
[2026-03-09T17:12:52.786] [INFO] MockExecutor - Adding ${runner} to runner stack ...  add(file:///media/udo/Exchange/Dokumente/Development/Node/cismdatabase/lib/mock/MockExecutor.js:41:23)
[2026-03-09T17:12:52.786] [INFO] MockExecutor - Adding ${runner} to runner stack ...  add(file:///media/udo/Exchange/Dokumente/Development/Node/cismdatabase/lib/mock/MockExecutor.js:41:23)
[2026-03-09T17:12:52.787] [INFO] MockExecutor - Adding ${runner} to runner stack ...  add(file:///media/udo/Exchange/Dokumente/Development/Node/cismdatabase/lib/mock/MockExecutor.js:41:23)
[2026-03-09T17:12:52.787] [INFO] MockExecutor - Start mocking ... build(file:///media/udo/Exchange/Dokumente/Development/Node/cismdatabase/lib/mock/MockExecutor.js:51:21)
[2026-03-09T17:13:40.321] [INFO] MockExecutor - Logger initialized init(file:///media/udo/Exchange/Dokumente/Development/Node/cismdatabase/lib/foundation/Base.js:11:21)
[2026-03-09T17:13:40.595] [INFO] MockExecutor - MockExecutor is up and running ...  init(file:///media/udo/Exchange/Dokumente/Development/Node/cismdatabase/lib/mock/MockExecutor.js:22:21)
[2026-03-09T17:13:40.597] [INFO] MockExecutor - Adding ${runner} to runner stack ...  add(file:///media/udo/Exchange/Dokumente/Development/Node/cismdatabase/lib/mock/MockExecutor.js:41:23)
[2026-03-09T17:13:40.597] [INFO] MockExecutor - Adding ${runner} to runner stack ...  add(file:///media/udo/Exchange/Dokumente/Development/Node/cismdatabase/lib/mock/MockExecutor.js:41:23)
[2026-03-09T17:13:40.598] [INFO] MockExecutor - Adding ${runner} to runner stack ...  add(file:///media/udo/Exchange/Dokumente/Development/Node/cismdatabase/lib/mock/MockExecutor.js:41:23)
[2026-03-09T17:13:40.598] [INFO] MockExecutor - Adding ${runner} to runner stack ...  add(file:///media/udo/Exchange/Dokumente/Development/Node/cismdatabase/lib/mock/MockExecutor.js:41:23)
[2026-03-09T17:13:40.598] [INFO] MockExecutor - Start mocking ... build(file:///media/udo/Exchange/Dokumente/Development/Node/cismdatabase/lib/mock/MockExecutor.js:51:21)
[2026-03-09T17:15:07.381] [INFO] MockExecutor - Logger initialized init(file:///media/udo/Exchange/Dokumente/Development/Node/cismdatabase/lib/foundation/Base.js:11:21)
[2026-03-09T17:15:07.701] [INFO] MockExecutor - MockExecutor is up and running ...  init(file:///media/udo/Exchange/Dokumente/Development/Node/cismdatabase/lib/mock/MockExecutor.js:22:21)
[2026-03-09T17:15:07.702] [INFO] MockExecutor - Adding ${runner} to runner stack ...  add(file:///media/udo/Exchange/Dokumente/Development/Node/cismdatabase/lib/mock/MockExecutor.js:40:23)
[2026-03-09T17:15:07.702] [INFO] MockExecutor - Adding ${runner} to runner stack ...  add(file:///media/udo/Exchange/Dokumente/Development/Node/cismdatabase/lib/mock/MockExecutor.js:40:23)
[2026-03-09T17:15:07.703] [INFO] MockExecutor - Adding ${runner} to runner stack ...  add(file:///media/udo/Exchange/Dokumente/Development/Node/cismdatabase/lib/mock/MockExecutor.js:40:23)
[2026-03-09T17:15:07.703] [INFO] MockExecutor - Adding ${runner} to runner stack ...  add(file:///media/udo/Exchange/Dokumente/Development/Node/cismdatabase/lib/mock/MockExecutor.js:40:23)
[2026-03-09T17:15:07.703] [INFO] MockExecutor - Start mocking ... build(file:///media/udo/Exchange/Dokumente/Development/Node/cismdatabase/lib/mock/MockExecutor.js:50:21)
[2026-03-09T17:15:07.985] [INFO] MockExecutor - Cleaning up ... clean(file:///media/udo/Exchange/Dokumente/Development/Node/cismdatabase/lib/mock/MockExecutor.js:61:21)
[2026-03-09T17:20:48.940] [INFO] MockExecutor - Logger initialized init(file:///media/udo/Exchange/Dokumente/Development/Node/cismdatabase/lib/foundation/Base.js:11:21)
[2026-03-09T17:20:49.306] [INFO] MockExecutor - MockExecutor is up and running ...  init(file:///media/udo/Exchange/Dokumente/Development/Node/cismdatabase/lib/mock/MockExecutor.js:22:21)
[2026-03-09T17:20:49.307] [INFO] MockExecutor - Adding ${mockRunner} to runner stack ...  add(file:///media/udo/Exchange/Dokumente/Development/Node/cismdatabase/lib/mock/MockExecutor.js:43:23)
[2026-03-09T17:20:49.308] [INFO] MockExecutor - Adding ${mockRunner} to runner stack ...  add(file:///media/udo/Exchange/Dokumente/Development/Node/cismdatabase/lib/mock/MockExecutor.js:43:23)
[2026-03-09T17:20:49.308] [INFO] MockExecutor - Adding ${mockRunner} to runner stack ...  add(file:///media/udo/Exchange/Dokumente/Development/Node/cismdatabase/lib/mock/MockExecutor.js:43:23)
[2026-03-09T17:20:49.309] [INFO] MockExecutor - Adding ${mockRunner} to runner stack ...  add(file:///media/udo/Exchange/Dokumente/Development/Node/cismdatabase/lib/mock/MockExecutor.js:43:23)
[2026-03-09T17:20:49.309] [INFO] MockExecutor - Start mocking ... build(file:///media/udo/Exchange/Dokumente/Development/Node/cismdatabase/lib/mock/MockExecutor.js:53:21)
[2026-03-09T17:20:49.437] [INFO] MockExecutor - Cleaning up ... clean(file:///media/udo/Exchange/Dokumente/Development/Node/cismdatabase/lib/mock/MockExecutor.js:64:21)
[2026-03-09T17:22:28.222] [INFO] MockExecutor - Logger initialized init(file:///media/udo/Exchange/Dokumente/Development/Node/cismdatabase/lib/foundation/Base.js:11:21)
[2026-03-09T17:22:28.723] [INFO] MockExecutor - MockExecutor is up and running ...  init(file:///media/udo/Exchange/Dokumente/Development/Node/cismdatabase/lib/mock/MockExecutor.js:22:21)
[2026-03-09T17:22:28.724] [INFO] MockExecutor - Adding ${mockRunner} to runner stack ...  add(file:///media/udo/Exchange/Dokumente/Development/Node/cismdatabase/lib/mock/MockExecutor.js:43:23)
[2026-03-09T17:22:28.725] [INFO] MockExecutor - Adding ${mockRunner} to runner stack ...  add(file:///media/udo/Exchange/Dokumente/Development/Node/cismdatabase/lib/mock/MockExecutor.js:43:23)
[2026-03-09T17:22:28.725] [INFO] MockExecutor - Adding ${mockRunner} to runner stack ...  add(file:///media/udo/Exchange/Dokumente/Development/Node/cismdatabase/lib/mock/MockExecutor.js:43:23)
[2026-03-09T17:22:28.725] [INFO] MockExecutor - Adding ${mockRunner} to runner stack ...  add(file:///media/udo/Exchange/Dokumente/Development/Node/cismdatabase/lib/mock/MockExecutor.js:43:23)
[2026-03-09T17:22:28.725] [INFO] MockExecutor - Start mocking ... build(file:///media/udo/Exchange/Dokumente/Development/Node/cismdatabase/lib/mock/MockExecutor.js:53:21)
[2026-03-09T17:22:28.847] [INFO] MockExecutor - Cleaning up ... clean(file:///media/udo/Exchange/Dokumente/Development/Node/cismdatabase/lib/mock/MockExecutor.js:64:21)
[2026-03-09T17:25:29.769] [INFO] MockExecutor - Logger initialized init(file:///media/udo/Exchange/Dokumente/Development/Node/cismdatabase/lib/foundation/Base.js:11:21)
[2026-03-09T17:25:30.309] [INFO] MockExecutor - MockExecutor is up and running ...  init(file:///media/udo/Exchange/Dokumente/Development/Node/cismdatabase/lib/mock/MockExecutor.js:22:21)
[2026-03-09T17:25:30.310] [INFO] MockExecutor - Adding ${mockRunner} to runner stack ...  add(file:///media/udo/Exchange/Dokumente/Development/Node/cismdatabase/lib/mock/MockExecutor.js:40:23)
[2026-03-09T17:25:30.311] [INFO] MockExecutor - Adding ${mockRunner} to runner stack ...  add(file:///media/udo/Exchange/Dokumente/Development/Node/cismdatabase/lib/mock/MockExecutor.js:40:23)
[2026-03-09T17:25:30.311] [INFO] MockExecutor - Adding ${mockRunner} to runner stack ...  add(file:///media/udo/Exchange/Dokumente/Development/Node/cismdatabase/lib/mock/MockExecutor.js:40:23)
[2026-03-09T17:25:30.311] [INFO] MockExecutor - Adding ${mockRunner} to runner stack ...  add(file:///media/udo/Exchange/Dokumente/Development/Node/cismdatabase/lib/mock/MockExecutor.js:40:23)
[2026-03-09T17:25:30.311] [INFO] MockExecutor - Start mocking ... build(file:///media/udo/Exchange/Dokumente/Development/Node/cismdatabase/lib/mock/MockExecutor.js:50:21)
[2026-03-09T17:25:30.428] [INFO] MockExecutor - Cleaning up ... clean(file:///media/udo/Exchange/Dokumente/Development/Node/cismdatabase/lib/mock/MockExecutor.js:61:21)
[2026-03-09T17:27:50.971] [INFO] MockExecutor - Logger initialized init(file:///media/udo/Exchange/Dokumente/Development/Node/cismdatabase/lib/foundation/Base.js:11:21)
[2026-03-09T17:27:51.309] [INFO] MockExecutor - MockExecutor is up and running ...  init(file:///media/udo/Exchange/Dokumente/Development/Node/cismdatabase/lib/mock/MockExecutor.js:22:21)
[2026-03-09T17:27:51.310] [INFO] MockExecutor - Adding ${mockRunner} to runner stack ...  add(file:///media/udo/Exchange/Dokumente/Development/Node/cismdatabase/lib/mock/MockExecutor.js:40:23)
[2026-03-09T17:27:51.310] [INFO] MockExecutor - Adding ${mockRunner} to runner stack ...  add(file:///media/udo/Exchange/Dokumente/Development/Node/cismdatabase/lib/mock/MockExecutor.js:40:23)
[2026-03-09T17:27:51.311] [INFO] MockExecutor - Adding ${mockRunner} to runner stack ...  add(file:///media/udo/Exchange/Dokumente/Development/Node/cismdatabase/lib/mock/MockExecutor.js:40:23)
[2026-03-09T17:27:51.311] [INFO] MockExecutor - Adding ${mockRunner} to runner stack ...  add(file:///media/udo/Exchange/Dokumente/Development/Node/cismdatabase/lib/mock/MockExecutor.js:40:23)
[2026-03-09T17:27:51.311] [INFO] MockExecutor - Start mocking ... build(file:///media/udo/Exchange/Dokumente/Development/Node/cismdatabase/lib/mock/MockExecutor.js:50:21)
[2026-03-09T17:28:11.384] [INFO] MockExecutor - Cleaning up ... clean(file:///media/udo/Exchange/Dokumente/Development/Node/cismdatabase/lib/mock/MockExecutor.js:61:21)
[2026-03-09T17:39:58.748] [INFO] MockExecutor - Logger initialized init(file:///media/udo/Exchange/Dokumente/Development/Node/cismdatabase/lib/foundation/Base.js:11:21)
[2026-03-09T17:39:59.223] [INFO] MockExecutor - MockExecutor is up and running ...  init(file:///media/udo/Exchange/Dokumente/Development/Node/cismdatabase/lib/mock/MockExecutor.js:22:21)
[2026-03-09T17:39:59.224] [INFO] MockExecutor - Adding ${mockRunner} to runner stack ...  add(file:///media/udo/Exchange/Dokumente/Development/Node/cismdatabase/lib/mock/MockExecutor.js:40:23)
[2026-03-09T17:39:59.224] [INFO] MockExecutor - Adding ${mockRunner} to runner stack ...  add(file:///media/udo/Exchange/Dokumente/Development/Node/cismdatabase/lib/mock/MockExecutor.js:40:23)
[2026-03-09T17:39:59.224] [INFO] MockExecutor - Adding ${mockRunner} to runner stack ...  add(file:///media/udo/Exchange/Dokumente/Development/Node/cismdatabase/lib/mock/MockExecutor.js:40:23)
[2026-03-09T17:39:59.225] [INFO] MockExecutor - Adding ${mockRunner} to runner stack ...  add(file:///media/udo/Exchange/Dokumente/Development/Node/cismdatabase/lib/mock/MockExecutor.js:40:23)
[2026-03-09T17:39:59.225] [INFO] MockExecutor - Start mocking ... build(file:///media/udo/Exchange/Dokumente/Development/Node/cismdatabase/lib/mock/MockExecutor.js:50:21)
[2026-03-09T17:40:01.302] [INFO] MockExecutor - Cleaning up ... clean(file:///media/udo/Exchange/Dokumente/Development/Node/cismdatabase/lib/mock/MockExecutor.js:61:21)
[2026-03-09T17:41:49.237] [INFO] MockExecutor - Logger initialized init(file:///media/udo/Exchange/Dokumente/Development/Node/cismdatabase/lib/foundation/Base.js:11:21)
[2026-03-09T17:41:49.554] [INFO] MockExecutor - MockExecutor is up and running ...  init(file:///media/udo/Exchange/Dokumente/Development/Node/cismdatabase/lib/mock/MockExecutor.js:22:21)
[2026-03-09T17:41:49.555] [INFO] MockExecutor - Adding ${mockRunner} to runner stack ...  add(file:///media/udo/Exchange/Dokumente/Development/Node/cismdatabase/lib/mock/MockExecutor.js:40:23)
[2026-03-09T17:41:49.555] [INFO] MockExecutor - Adding ${mockRunner} to runner stack ...  add(file:///media/udo/Exchange/Dokumente/Development/Node/cismdatabase/lib/mock/MockExecutor.js:40:23)
[2026-03-09T17:41:49.556] [INFO] MockExecutor - Adding ${mockRunner} to runner stack ...  add(file:///media/udo/Exchange/Dokumente/Development/Node/cismdatabase/lib/mock/MockExecutor.js:40:23)
[2026-03-09T17:41:49.556] [INFO] MockExecutor - Adding ${mockRunner} to runner stack ...  add(file:///media/udo/Exchange/Dokumente/Development/Node/cismdatabase/lib/mock/MockExecutor.js:40:23)
[2026-03-09T17:41:49.556] [INFO] MockExecutor - Start mocking ... build(file:///media/udo/Exchange/Dokumente/Development/Node/cismdatabase/lib/mock/MockExecutor.js:50:21)
[2026-03-09T17:41:50.698] [INFO] MockExecutor - Cleaning up ... clean(file:///media/udo/Exchange/Dokumente/Development/Node/cismdatabase/lib/mock/MockExecutor.js:61:21)
[2026-03-09T19:12:03.196] [INFO] MockExecutor - Logger initialized init(file:///media/udo/Exchange/Dokumente/Development/Node/cismdatabase/lib/foundation/Base.js:11:21)
[2026-03-09T19:12:04.057] [INFO] MockExecutor - MockExecutor is up and running ...  init(file:///media/udo/Exchange/Dokumente/Development/Node/cismdatabase/lib/mock/MockExecutor.js:22:21)
[2026-03-09T19:12:04.058] [INFO] MockExecutor - Adding ${mockRunner} to runner stack ...  add(file:///media/udo/Exchange/Dokumente/Development/Node/cismdatabase/lib/mock/MockExecutor.js:40:23)
[2026-03-09T19:12:04.058] [INFO] MockExecutor - Adding ${mockRunner} to runner stack ...  add(file:///media/udo/Exchange/Dokumente/Development/Node/cismdatabase/lib/mock/MockExecutor.js:40:23)
[2026-03-09T19:12:04.058] [INFO] MockExecutor - Adding ${mockRunner} to runner stack ...  add(file:///media/udo/Exchange/Dokumente/Development/Node/cismdatabase/lib/mock/MockExecutor.js:40:23)
[2026-03-09T19:12:04.059] [INFO] MockExecutor - Adding ${mockRunner} to runner stack ...  add(file:///media/udo/Exchange/Dokumente/Development/Node/cismdatabase/lib/mock/MockExecutor.js:40:23)
[2026-03-09T19:12:04.059] [INFO] MockExecutor - Start mocking ... build(file:///media/udo/Exchange/Dokumente/Development/Node/cismdatabase/lib/mock/MockExecutor.js:50:21)
[2026-03-09T19:12:06.036] [INFO] MockExecutor - Cleaning up ... clean(file:///media/udo/Exchange/Dokumente/Development/Node/cismdatabase/lib/mock/MockExecutor.js:61:21)
