[2026-02-28T10:24:06.479] [DEBUG] QuestionDAO - Logger initilized init(/media/udo/Exchange/Dokumente/Development/Node/cismdatabase/lib/foundation/Base.js:15:21)
[2026-02-28T10:24:06.479] [DEBUG] QuestionDAO - QuestionDAO initialisiert! init(/media/udo/Exchange/Dokumente/Development/Node/cismdatabase/lib/database/dao/MongoCollectionReadOnly.js:28:21)
[2026-02-28T10:24:06.887] [DEBUG] QuestionDAO - Logger initilized init(/media/udo/Exchange/Dokumente/Development/Node/cismdatabase/lib/foundation/Base.js:15:21)
[2026-02-28T10:24:06.887] [DEBUG] QuestionDAO - QuestionDAO initialisiert! init(/media/udo/Exchange/Dokumente/Development/Node/cismdatabase/lib/database/dao/MongoCollectionReadOnly.js:28:21)
[2026-02-28T10:24:07.194] [DEBUG] QuestionDAO - Getting aggregation:  aggregate(/media/udo/Exchange/Dokumente/Development/Node/cismdatabase/lib/database/dao/MongoCollectionReadOnly.js:169:23)
[2026-02-28T10:24:07.194] [DEBUG] QuestionDAO - [
  {
    "$match": {
      "_id": "69a2b437910bcdf7c56b3074"
    }
  },
  {
    "$lookup": {
      "from": "answer",
      "let": {
        "qid": {
          "$toString": "$_id"
        }
      },
      "pipeline": [
        {
          "$match": {
            "$expr": {
              "$eq": [
                "$question_id",
                "$$qid"
              ]
            }
          }
        }
      ],
      "as": "answers"
    }
  }
] aggregate(/media/udo/Exchange/Dokumente/Development/Node/cismdatabase/lib/database/dao/MongoCollectionReadOnly.js:170:23)
[2026-02-28T10:24:45.928] [DEBUG] QuestionDAO - Logger initilized init(/media/udo/Exchange/Dokumente/Development/Node/cismdatabase/lib/foundation/Base.js:15:21)
[2026-02-28T10:24:45.928] [DEBUG] QuestionDAO - QuestionDAO initialisiert! init(/media/udo/Exchange/Dokumente/Development/Node/cismdatabase/lib/database/dao/MongoCollectionReadOnly.js:28:21)
[2026-02-28T10:24:47.267] [DEBUG] QuestionDAO - Logger initilized init(/media/udo/Exchange/Dokumente/Development/Node/cismdatabase/lib/foundation/Base.js:15:21)
[2026-02-28T10:24:47.268] [DEBUG] QuestionDAO - QuestionDAO initialisiert! init(/media/udo/Exchange/Dokumente/Development/Node/cismdatabase/lib/database/dao/MongoCollectionReadOnly.js:28:21)
[2026-02-28T10:24:47.602] [DEBUG] QuestionDAO - Getting aggregation:  aggregate(/media/udo/Exchange/Dokumente/Development/Node/cismdatabase/lib/database/dao/MongoCollectionReadOnly.js:169:23)
[2026-02-28T10:24:47.602] [DEBUG] QuestionDAO - [
  {
    "$match": {
      "_id": "69a2b45fb621f2388455a1d2"
    }
  },
  {
    "$lookup": {
      "from": "answer",
      "let": {
        "qid": {
          "$toString": "$_id"
        }
      },
      "pipeline": [
        {
          "$match": {
            "$expr": {
              "$eq": [
                "$question_id",
                "$$qid"
              ]
            }
          }
        }
      ],
      "as": "answers"
    }
  }
] aggregate(/media/udo/Exchange/Dokumente/Development/Node/cismdatabase/lib/database/dao/MongoCollectionReadOnly.js:170:23)
[2026-02-28T10:26:13.554] [DEBUG] QuestionDAO - Logger initilized init(/media/udo/Exchange/Dokumente/Development/Node/cismdatabase/lib/foundation/Base.js:15:21)
[2026-02-28T10:26:13.555] [DEBUG] QuestionDAO - QuestionDAO initialisiert! init(/media/udo/Exchange/Dokumente/Development/Node/cismdatabase/lib/database/dao/MongoCollectionReadOnly.js:28:21)
[2026-02-28T10:26:14.811] [DEBUG] QuestionDAO - Logger initilized init(/media/udo/Exchange/Dokumente/Development/Node/cismdatabase/lib/foundation/Base.js:15:21)
[2026-02-28T10:26:14.811] [DEBUG] QuestionDAO - QuestionDAO initialisiert! init(/media/udo/Exchange/Dokumente/Development/Node/cismdatabase/lib/database/dao/MongoCollectionReadOnly.js:28:21)
[2026-02-28T10:26:14.997] [DEBUG] QuestionDAO - Getting aggregation:  aggregate(/media/udo/Exchange/Dokumente/Development/Node/cismdatabase/lib/database/dao/MongoCollectionReadOnly.js:169:23)
[2026-02-28T10:26:14.997] [DEBUG] QuestionDAO - [
  {
    "$match": {
      "_id": "69a2b4b66bb28c5d0e95b133"
    }
  },
  {
    "$lookup": {
      "from": "answer",
      "let": {
        "qid": {
          "$toString": "$_id"
        }
      },
      "pipeline": [
        {
          "$match": {
            "$expr": {
              "$eq": [
                "$question_id",
                "$$qid"
              ]
            }
          }
        }
      ],
      "as": "answers"
    }
  }
] aggregate(/media/udo/Exchange/Dokumente/Development/Node/cismdatabase/lib/database/dao/MongoCollectionReadOnly.js:170:23)
[2026-02-28T10:26:20.918] [DEBUG] QuestionDAO - Logger initilized init(/media/udo/Exchange/Dokumente/Development/Node/cismdatabase/lib/foundation/Base.js:15:21)
[2026-02-28T10:26:20.918] [DEBUG] QuestionDAO - QuestionDAO initialisiert! init(/media/udo/Exchange/Dokumente/Development/Node/cismdatabase/lib/database/dao/MongoCollectionReadOnly.js:28:21)
[2026-02-28T10:26:21.486] [DEBUG] QuestionDAO - Logger initilized init(/media/udo/Exchange/Dokumente/Development/Node/cismdatabase/lib/foundation/Base.js:15:21)
[2026-02-28T10:26:21.486] [DEBUG] QuestionDAO - QuestionDAO initialisiert! init(/media/udo/Exchange/Dokumente/Development/Node/cismdatabase/lib/database/dao/MongoCollectionReadOnly.js:28:21)
[2026-02-28T10:26:21.630] [DEBUG] QuestionDAO - Getting aggregation:  aggregate(/media/udo/Exchange/Dokumente/Development/Node/cismdatabase/lib/database/dao/MongoCollectionReadOnly.js:169:23)
[2026-02-28T10:26:21.630] [DEBUG] QuestionDAO - [
  {
    "$match": {
      "_id": "69a2b4bd1810a89641d6ee12"
    }
  },
  {
    "$lookup": {
      "from": "answer",
      "let": {
        "qid": {
          "$toString": "$_id"
        }
      },
      "pipeline": [
        {
          "$match": {
            "$expr": {
              "$eq": [
                "$question_id",
                "$$qid"
              ]
            }
          }
        }
      ],
      "as": "answers"
    }
  }
] aggregate(/media/udo/Exchange/Dokumente/Development/Node/cismdatabase/lib/database/dao/MongoCollectionReadOnly.js:170:23)
[2026-02-28T10:28:30.015] [DEBUG] QuestionDAO - Logger initilized init(/media/udo/Exchange/Dokumente/Development/Node/cismdatabase/lib/foundation/Base.js:15:21)
[2026-02-28T10:28:30.015] [DEBUG] QuestionDAO - QuestionDAO initialisiert! init(/media/udo/Exchange/Dokumente/Development/Node/cismdatabase/lib/database/dao/MongoCollectionReadOnly.js:28:21)
[2026-02-28T10:28:30.966] [DEBUG] QuestionDAO - Logger initilized init(/media/udo/Exchange/Dokumente/Development/Node/cismdatabase/lib/foundation/Base.js:15:21)
[2026-02-28T10:28:30.966] [DEBUG] QuestionDAO - QuestionDAO initialisiert! init(/media/udo/Exchange/Dokumente/Development/Node/cismdatabase/lib/database/dao/MongoCollectionReadOnly.js:28:21)
[2026-02-28T10:28:31.224] [DEBUG] QuestionDAO - Getting aggregation:  aggregate(/media/udo/Exchange/Dokumente/Development/Node/cismdatabase/lib/database/dao/MongoCollectionReadOnly.js:169:23)
[2026-02-28T10:28:31.225] [DEBUG] QuestionDAO - [
  {
    "$match": {
      "_id": "69a2b53f87f697dc5f2e051e"
    }
  },
  {
    "$lookup": {
      "from": "answer",
      "let": {
        "qid": {
          "$toString": "$_id"
        }
      },
      "pipeline": [
        {
          "$match": {
            "$expr": {
              "$eq": [
                "$question_id",
                "$$qid"
              ]
            }
          }
        }
      ],
      "as": "answers"
    }
  }
] aggregate(/media/udo/Exchange/Dokumente/Development/Node/cismdatabase/lib/database/dao/MongoCollectionReadOnly.js:170:23)
[2026-02-28T10:29:41.452] [DEBUG] QuestionDAO - Logger initilized init(/media/udo/Exchange/Dokumente/Development/Node/cismdatabase/lib/foundation/Base.js:15:21)
[2026-02-28T10:29:41.452] [DEBUG] QuestionDAO - QuestionDAO initialisiert! init(/media/udo/Exchange/Dokumente/Development/Node/cismdatabase/lib/database/dao/MongoCollectionReadOnly.js:28:21)
[2026-02-28T10:29:41.777] [DEBUG] QuestionDAO - Logger initilized init(/media/udo/Exchange/Dokumente/Development/Node/cismdatabase/lib/foundation/Base.js:15:21)
[2026-02-28T10:29:41.777] [DEBUG] QuestionDAO - QuestionDAO initialisiert! init(/media/udo/Exchange/Dokumente/Development/Node/cismdatabase/lib/database/dao/MongoCollectionReadOnly.js:28:21)
[2026-02-28T10:29:42.182] [DEBUG] QuestionDAO - Getting aggregation:  aggregate(/media/udo/Exchange/Dokumente/Development/Node/cismdatabase/lib/database/dao/MongoCollectionReadOnly.js:169:23)
[2026-02-28T10:29:42.182] [DEBUG] QuestionDAO - [
  {
    "$match": {
      "_id": "69a2b58585e88cc834f16e04"
    }
  },
  {
    "$lookup": {
      "from": "answer",
      "let": {
        "qid": {
          "$toString": "$_id"
        }
      },
      "pipeline": [
        {
          "$match": {
            "$expr": {
              "$eq": [
                "$question_id",
                "$$qid"
              ]
            }
          }
        }
      ],
      "as": "answers"
    }
  }
] aggregate(/media/udo/Exchange/Dokumente/Development/Node/cismdatabase/lib/database/dao/MongoCollectionReadOnly.js:170:23)
[2026-02-28T10:33:40.208] [DEBUG] QuestionDAO - Logger initilized init(/media/udo/Exchange/Dokumente/Development/Node/cismdatabase/lib/foundation/Base.js:15:21)
[2026-02-28T10:33:40.209] [DEBUG] QuestionDAO - QuestionDAO initialisiert! init(/media/udo/Exchange/Dokumente/Development/Node/cismdatabase/lib/database/dao/MongoCollectionReadOnly.js:28:21)
[2026-02-28T10:33:41.328] [DEBUG] QuestionDAO - Logger initilized init(/media/udo/Exchange/Dokumente/Development/Node/cismdatabase/lib/foundation/Base.js:15:21)
[2026-02-28T10:33:41.328] [DEBUG] QuestionDAO - QuestionDAO initialisiert! init(/media/udo/Exchange/Dokumente/Development/Node/cismdatabase/lib/database/dao/MongoCollectionReadOnly.js:28:21)
[2026-02-28T10:33:41.637] [DEBUG] QuestionDAO - Getting aggregation:  aggregate(/media/udo/Exchange/Dokumente/Development/Node/cismdatabase/lib/database/dao/MongoCollectionReadOnly.js:169:23)
[2026-02-28T10:33:41.637] [DEBUG] QuestionDAO - [
  {
    "$match": {
      "_id": "69a2b6755ae95d35dd2c8fe2"
    }
  },
  {
    "$lookup": {
      "from": "answer",
      "let": {
        "qid": {
          "$toString": "$_id"
        }
      },
      "pipeline": [
        {
          "$match": {
            "$expr": {
              "$eq": [
                "$question_id",
                "$$qid"
              ]
            }
          }
        }
      ],
      "as": "answers"
    }
  }
] aggregate(/media/udo/Exchange/Dokumente/Development/Node/cismdatabase/lib/database/dao/MongoCollectionReadOnly.js:170:23)
[2026-02-28T10:33:49.090] [DEBUG] QuestionDAO - Logger initilized init(/media/udo/Exchange/Dokumente/Development/Node/cismdatabase/lib/foundation/Base.js:15:21)
[2026-02-28T10:33:49.090] [DEBUG] QuestionDAO - QuestionDAO initialisiert! init(/media/udo/Exchange/Dokumente/Development/Node/cismdatabase/lib/database/dao/MongoCollectionReadOnly.js:28:21)
[2026-02-28T10:33:50.136] [DEBUG] QuestionDAO - Logger initilized init(/media/udo/Exchange/Dokumente/Development/Node/cismdatabase/lib/foundation/Base.js:15:21)
[2026-02-28T10:33:50.136] [DEBUG] QuestionDAO - QuestionDAO initialisiert! init(/media/udo/Exchange/Dokumente/Development/Node/cismdatabase/lib/database/dao/MongoCollectionReadOnly.js:28:21)
[2026-02-28T10:33:50.398] [DEBUG] QuestionDAO - Getting aggregation:  aggregate(/media/udo/Exchange/Dokumente/Development/Node/cismdatabase/lib/database/dao/MongoCollectionReadOnly.js:169:23)
[2026-02-28T10:33:50.398] [DEBUG] QuestionDAO - [
  {
    "$match": {
      "_id": "69a2b67eaa2eeea9d9c6bc3f"
    }
  },
  {
    "$lookup": {
      "from": "answer",
      "let": {
        "qid": {
          "$toString": "$_id"
        }
      },
      "pipeline": [
        {
          "$match": {
            "$expr": {
              "$eq": [
                "$question_id",
                "$$qid"
              ]
            }
          }
        }
      ],
      "as": "answers"
    }
  }
] aggregate(/media/udo/Exchange/Dokumente/Development/Node/cismdatabase/lib/database/dao/MongoCollectionReadOnly.js:170:23)
[2026-02-28T10:38:23.706] [DEBUG] QuestionDAO - Logger initilized init(/media/udo/Exchange/Dokumente/Development/Node/cismdatabase/lib/foundation/Base.js:15:21)
[2026-02-28T10:38:23.706] [DEBUG] QuestionDAO - QuestionDAO initialisiert! init(/media/udo/Exchange/Dokumente/Development/Node/cismdatabase/lib/database/dao/MongoCollectionReadOnly.js:28:21)
[2026-02-28T10:38:24.429] [DEBUG] QuestionDAO - Logger initilized init(/media/udo/Exchange/Dokumente/Development/Node/cismdatabase/lib/foundation/Base.js:15:21)
[2026-02-28T10:38:24.429] [DEBUG] QuestionDAO - QuestionDAO initialisiert! init(/media/udo/Exchange/Dokumente/Development/Node/cismdatabase/lib/database/dao/MongoCollectionReadOnly.js:28:21)
[2026-02-28T10:39:24.904] [DEBUG] QuestionDAO - Logger initilized init(/media/udo/Exchange/Dokumente/Development/Node/cismdatabase/lib/foundation/Base.js:15:21)
[2026-02-28T10:39:24.905] [DEBUG] QuestionDAO - QuestionDAO initialisiert! init(/media/udo/Exchange/Dokumente/Development/Node/cismdatabase/lib/database/dao/MongoCollectionReadOnly.js:28:21)
[2026-02-28T10:57:16.302] [DEBUG] QuestionDAO - Logger initilized init(/media/udo/Exchange/Dokumente/Development/Node/cismdatabase/lib/foundation/Base.js:15:21)
[2026-02-28T10:57:16.302] [DEBUG] QuestionDAO - QuestionDAO initialisiert! init(/media/udo/Exchange/Dokumente/Development/Node/cismdatabase/lib/database/dao/MongoCollectionReadOnly.js:28:21)
[2026-02-28T10:57:36.509] [DEBUG] QuestionDAO - Logger initilized init(/media/udo/Exchange/Dokumente/Development/Node/cismdatabase/lib/foundation/Base.js:15:21)
[2026-02-28T10:57:36.509] [DEBUG] QuestionDAO - QuestionDAO initialisiert! init(/media/udo/Exchange/Dokumente/Development/Node/cismdatabase/lib/database/dao/MongoCollectionReadOnly.js:28:21)
[2026-02-28T11:35:04.472] [DEBUG] QuestionDAO - Logger initilized init(/media/udo/Exchange/Dokumente/Development/Node/cismdatabase/lib/foundation/Base.js:15:21)
[2026-02-28T11:35:04.473] [DEBUG] QuestionDAO - QuestionDAO initialisiert! init(/media/udo/Exchange/Dokumente/Development/Node/cismdatabase/lib/database/dao/MongoCollectionReadOnly.js:28:21)
[2026-02-28T11:39:50.122] [DEBUG] QuestionDAO - Logger initilized init(/media/udo/Exchange/Dokumente/Development/Node/cismdatabase/lib/foundation/Base.js:15:21)
[2026-02-28T11:39:50.123] [DEBUG] QuestionDAO - QuestionDAO initialisiert! init(/media/udo/Exchange/Dokumente/Development/Node/cismdatabase/lib/database/dao/MongoCollectionReadOnly.js:28:21)
[2026-02-28T11:40:19.708] [DEBUG] QuestionDAO - Logger initilized init(/media/udo/Exchange/Dokumente/Development/Node/cismdatabase/lib/foundation/Base.js:15:21)
[2026-02-28T11:40:19.709] [DEBUG] QuestionDAO - QuestionDAO initialisiert! init(/media/udo/Exchange/Dokumente/Development/Node/cismdatabase/lib/database/dao/MongoCollectionReadOnly.js:28:21)
[2026-02-28T11:40:20.620] [DEBUG] QuestionDAO - Logger initilized init(/media/udo/Exchange/Dokumente/Development/Node/cismdatabase/lib/foundation/Base.js:15:21)
[2026-02-28T11:40:20.620] [DEBUG] QuestionDAO - QuestionDAO initialisiert! init(/media/udo/Exchange/Dokumente/Development/Node/cismdatabase/lib/database/dao/MongoCollectionReadOnly.js:28:21)
[2026-02-28T11:51:57.043] [DEBUG] QuestionDAO - Logger initilized init(/media/udo/Exchange/Dokumente/Development/Node/cismdatabase/lib/foundation/Base.js:15:21)
[2026-02-28T11:51:57.043] [DEBUG] QuestionDAO - QuestionDAO initialisiert! init(/media/udo/Exchange/Dokumente/Development/Node/cismdatabase/lib/database/dao/MongoCollectionReadOnly.js:28:21)
[2026-02-28T12:03:34.920] [DEBUG] QuestionDAO - Logger initilized init(/media/udo/Exchange/Dokumente/Development/Node/cismdatabase/lib/foundation/Base.js:15:21)
[2026-02-28T12:03:34.920] [DEBUG] QuestionDAO - QuestionDAO initialisiert! init(/media/udo/Exchange/Dokumente/Development/Node/cismdatabase/lib/database/dao/MongoCollectionReadOnly.js:28:21)
[2026-02-28T12:03:38.085] [DEBUG] QuestionDAO - Logger initilized init(/media/udo/Exchange/Dokumente/Development/Node/cismdatabase/lib/foundation/Base.js:15:21)
[2026-02-28T12:03:38.085] [DEBUG] QuestionDAO - QuestionDAO initialisiert! init(/media/udo/Exchange/Dokumente/Development/Node/cismdatabase/lib/database/dao/MongoCollectionReadOnly.js:28:21)
[2026-02-28T12:05:03.532] [DEBUG] QuestionDAO - Logger initilized init(/media/udo/Exchange/Dokumente/Development/Node/cismdatabase/lib/foundation/Base.js:15:21)
[2026-02-28T12:05:03.533] [DEBUG] QuestionDAO - QuestionDAO initialisiert! init(/media/udo/Exchange/Dokumente/Development/Node/cismdatabase/lib/database/dao/MongoCollectionReadOnly.js:28:21)
[2026-02-28T12:05:16.843] [DEBUG] QuestionDAO - Logger initilized init(/media/udo/Exchange/Dokumente/Development/Node/cismdatabase/lib/foundation/Base.js:15:21)
[2026-02-28T12:05:16.843] [DEBUG] QuestionDAO - QuestionDAO initialisiert! init(/media/udo/Exchange/Dokumente/Development/Node/cismdatabase/lib/database/dao/MongoCollectionReadOnly.js:28:21)
[2026-02-28T12:05:26.999] [DEBUG] QuestionDAO - Logger initilized init(/media/udo/Exchange/Dokumente/Development/Node/cismdatabase/lib/foundation/Base.js:15:21)
[2026-02-28T12:05:27.000] [DEBUG] QuestionDAO - QuestionDAO initialisiert! init(/media/udo/Exchange/Dokumente/Development/Node/cismdatabase/lib/database/dao/MongoCollectionReadOnly.js:28:21)
[2026-02-28T12:05:53.756] [DEBUG] QuestionDAO - Logger initilized init(/media/udo/Exchange/Dokumente/Development/Node/cismdatabase/lib/foundation/Base.js:15:21)
[2026-02-28T12:05:53.756] [DEBUG] QuestionDAO - QuestionDAO initialisiert! init(/media/udo/Exchange/Dokumente/Development/Node/cismdatabase/lib/database/dao/MongoCollectionReadOnly.js:28:21)
[2026-02-28T12:05:56.314] [DEBUG] QuestionDAO - Logger initilized init(/media/udo/Exchange/Dokumente/Development/Node/cismdatabase/lib/foundation/Base.js:15:21)
[2026-02-28T12:05:56.314] [DEBUG] QuestionDAO - QuestionDAO initialisiert! init(/media/udo/Exchange/Dokumente/Development/Node/cismdatabase/lib/database/dao/MongoCollectionReadOnly.js:28:21)
[2026-02-28T12:06:13.009] [DEBUG] QuestionDAO - Logger initilized init(/media/udo/Exchange/Dokumente/Development/Node/cismdatabase/lib/foundation/Base.js:15:21)
[2026-02-28T12:06:13.009] [DEBUG] QuestionDAO - QuestionDAO initialisiert! init(/media/udo/Exchange/Dokumente/Development/Node/cismdatabase/lib/database/dao/MongoCollectionReadOnly.js:28:21)
[2026-02-28T12:06:46.296] [DEBUG] QuestionDAO - Logger initilized init(/media/udo/Exchange/Dokumente/Development/Node/cismdatabase/lib/foundation/Base.js:15:21)
[2026-02-28T12:06:46.296] [DEBUG] QuestionDAO - QuestionDAO initialisiert! init(/media/udo/Exchange/Dokumente/Development/Node/cismdatabase/lib/database/dao/MongoCollectionReadOnly.js:28:21)
[2026-02-28T12:06:49.771] [DEBUG] QuestionDAO - Logger initilized init(/media/udo/Exchange/Dokumente/Development/Node/cismdatabase/lib/foundation/Base.js:15:21)
[2026-02-28T12:06:49.771] [DEBUG] QuestionDAO - QuestionDAO initialisiert! init(/media/udo/Exchange/Dokumente/Development/Node/cismdatabase/lib/database/dao/MongoCollectionReadOnly.js:28:21)
[2026-02-28T12:06:53.058] [DEBUG] QuestionDAO - Logger initilized init(/media/udo/Exchange/Dokumente/Development/Node/cismdatabase/lib/foundation/Base.js:15:21)
[2026-02-28T12:06:53.058] [DEBUG] QuestionDAO - QuestionDAO initialisiert! init(/media/udo/Exchange/Dokumente/Development/Node/cismdatabase/lib/database/dao/MongoCollectionReadOnly.js:28:21)
[2026-02-28T12:07:19.296] [DEBUG] QuestionDAO - Logger initilized init(/media/udo/Exchange/Dokumente/Development/Node/cismdatabase/lib/foundation/Base.js:15:21)
[2026-02-28T12:07:19.296] [DEBUG] QuestionDAO - QuestionDAO initialisiert! init(/media/udo/Exchange/Dokumente/Development/Node/cismdatabase/lib/database/dao/MongoCollectionReadOnly.js:28:21)
[2026-02-28T12:09:57.892] [DEBUG] QuestionDAO - Logger initilized init(/media/udo/Exchange/Dokumente/Development/Node/cismdatabase/lib/foundation/Base.js:15:21)
[2026-02-28T12:09:57.892] [DEBUG] QuestionDAO - QuestionDAO initialisiert! init(/media/udo/Exchange/Dokumente/Development/Node/cismdatabase/lib/database/dao/MongoCollectionReadOnly.js:28:21)
[2026-02-28T12:10:29.407] [DEBUG] QuestionDAO - Logger initilized init(/media/udo/Exchange/Dokumente/Development/Node/cismdatabase/lib/foundation/Base.js:15:21)
[2026-02-28T12:10:29.407] [DEBUG] QuestionDAO - QuestionDAO initialisiert! init(/media/udo/Exchange/Dokumente/Development/Node/cismdatabase/lib/database/dao/MongoCollectionReadOnly.js:28:21)
[2026-02-28T12:10:35.643] [DEBUG] QuestionDAO - Logger initilized init(/media/udo/Exchange/Dokumente/Development/Node/cismdatabase/lib/foundation/Base.js:15:21)
[2026-02-28T12:10:35.643] [DEBUG] QuestionDAO - QuestionDAO initialisiert! init(/media/udo/Exchange/Dokumente/Development/Node/cismdatabase/lib/database/dao/MongoCollectionReadOnly.js:28:21)
[2026-02-28T12:11:00.252] [DEBUG] QuestionDAO - Logger initilized init(/media/udo/Exchange/Dokumente/Development/Node/cismdatabase/lib/foundation/Base.js:15:21)
[2026-02-28T12:11:00.252] [DEBUG] QuestionDAO - QuestionDAO initialisiert! init(/media/udo/Exchange/Dokumente/Development/Node/cismdatabase/lib/database/dao/MongoCollectionReadOnly.js:28:21)
[2026-02-28T12:11:21.666] [DEBUG] QuestionDAO - Logger initilized init(/media/udo/Exchange/Dokumente/Development/Node/cismdatabase/lib/foundation/Base.js:15:21)
[2026-02-28T12:11:21.666] [DEBUG] QuestionDAO - QuestionDAO initialisiert! init(/media/udo/Exchange/Dokumente/Development/Node/cismdatabase/lib/database/dao/MongoCollectionReadOnly.js:28:21)
[2026-02-28T12:11:44.713] [DEBUG] QuestionDAO - Logger initilized init(/media/udo/Exchange/Dokumente/Development/Node/cismdatabase/lib/foundation/Base.js:15:21)
[2026-02-28T12:11:44.713] [DEBUG] QuestionDAO - QuestionDAO initialisiert! init(/media/udo/Exchange/Dokumente/Development/Node/cismdatabase/lib/database/dao/MongoCollectionReadOnly.js:28:21)
[2026-02-28T12:12:14.253] [DEBUG] QuestionDAO - Logger initilized init(/media/udo/Exchange/Dokumente/Development/Node/cismdatabase/lib/foundation/Base.js:15:21)
[2026-02-28T12:12:14.253] [DEBUG] QuestionDAO - QuestionDAO initialisiert! init(/media/udo/Exchange/Dokumente/Development/Node/cismdatabase/lib/database/dao/MongoCollectionReadOnly.js:28:21)
[2026-02-28T12:12:49.741] [DEBUG] QuestionDAO - Logger initilized init(/media/udo/Exchange/Dokumente/Development/Node/cismdatabase/lib/foundation/Base.js:15:21)
[2026-02-28T12:12:49.741] [DEBUG] QuestionDAO - QuestionDAO initialisiert! init(/media/udo/Exchange/Dokumente/Development/Node/cismdatabase/lib/database/dao/MongoCollectionReadOnly.js:28:21)
[2026-02-28T12:13:48.831] [DEBUG] QuestionDAO - Logger initilized init(/media/udo/Exchange/Dokumente/Development/Node/cismdatabase/lib/foundation/Base.js:15:21)
[2026-02-28T12:13:48.831] [DEBUG] QuestionDAO - QuestionDAO initialisiert! init(/media/udo/Exchange/Dokumente/Development/Node/cismdatabase/lib/database/dao/MongoCollectionReadOnly.js:28:21)
[2026-02-28T12:14:13.204] [DEBUG] QuestionDAO - Logger initilized init(/media/udo/Exchange/Dokumente/Development/Node/cismdatabase/lib/foundation/Base.js:15:21)
[2026-02-28T12:14:13.204] [DEBUG] QuestionDAO - QuestionDAO initialisiert! init(/media/udo/Exchange/Dokumente/Development/Node/cismdatabase/lib/database/dao/MongoCollectionReadOnly.js:28:21)
[2026-02-28T12:15:50.896] [DEBUG] QuestionDAO - Logger initilized init(/media/udo/Exchange/Dokumente/Development/Node/cismdatabase/lib/foundation/Base.js:15:21)
[2026-02-28T12:15:50.896] [DEBUG] QuestionDAO - QuestionDAO initialisiert! init(/media/udo/Exchange/Dokumente/Development/Node/cismdatabase/lib/database/dao/MongoCollectionReadOnly.js:28:21)
[2026-02-28T12:17:23.005] [DEBUG] QuestionDAO - Logger initilized init(/media/udo/Exchange/Dokumente/Development/Node/cismdatabase/lib/foundation/Base.js:15:21)
[2026-02-28T12:17:23.005] [DEBUG] QuestionDAO - QuestionDAO initialisiert! init(/media/udo/Exchange/Dokumente/Development/Node/cismdatabase/lib/database/dao/MongoCollectionReadOnly.js:28:21)
[2026-02-28T12:17:26.103] [DEBUG] QuestionDAO - Logger initilized init(/media/udo/Exchange/Dokumente/Development/Node/cismdatabase/lib/foundation/Base.js:15:21)
[2026-02-28T12:17:26.103] [DEBUG] QuestionDAO - QuestionDAO initialisiert! init(/media/udo/Exchange/Dokumente/Development/Node/cismdatabase/lib/database/dao/MongoCollectionReadOnly.js:28:21)
[2026-02-28T12:19:31.352] [DEBUG] QuestionDAO - Logger initilized init(/media/udo/Exchange/Dokumente/Development/Node/cismdatabase/lib/foundation/Base.js:15:21)
[2026-02-28T12:19:31.352] [DEBUG] QuestionDAO - QuestionDAO initialisiert! init(/media/udo/Exchange/Dokumente/Development/Node/cismdatabase/lib/database/dao/MongoCollectionReadOnly.js:28:21)
[2026-02-28T12:22:49.936] [DEBUG] QuestionDAO - Logger initilized init(/media/udo/Exchange/Dokumente/Development/Node/cismdatabase/lib/foundation/Base.js:15:21)
[2026-02-28T12:22:49.936] [DEBUG] QuestionDAO - QuestionDAO initialisiert! init(/media/udo/Exchange/Dokumente/Development/Node/cismdatabase/lib/database/dao/MongoCollectionReadOnly.js:28:21)
[2026-02-28T12:23:28.283] [DEBUG] QuestionDAO - Logger initilized init(/media/udo/Exchange/Dokumente/Development/Node/cismdatabase/lib/foundation/Base.js:15:21)
[2026-02-28T12:23:28.284] [DEBUG] QuestionDAO - QuestionDAO initialisiert! init(/media/udo/Exchange/Dokumente/Development/Node/cismdatabase/lib/database/dao/MongoCollectionReadOnly.js:28:21)
[2026-02-28T12:24:04.777] [DEBUG] QuestionDAO - Logger initilized init(/media/udo/Exchange/Dokumente/Development/Node/cismdatabase/lib/foundation/Base.js:15:21)
[2026-02-28T12:24:04.777] [DEBUG] QuestionDAO - QuestionDAO initialisiert! init(/media/udo/Exchange/Dokumente/Development/Node/cismdatabase/lib/database/dao/MongoCollectionReadOnly.js:28:21)
[2026-02-28T12:24:32.619] [DEBUG] QuestionDAO - Logger initilized init(/media/udo/Exchange/Dokumente/Development/Node/cismdatabase/lib/foundation/Base.js:15:21)
[2026-02-28T12:24:32.619] [DEBUG] QuestionDAO - QuestionDAO initialisiert! init(/media/udo/Exchange/Dokumente/Development/Node/cismdatabase/lib/database/dao/MongoCollectionReadOnly.js:28:21)
[2026-02-28T12:24:44.434] [DEBUG] QuestionDAO - Logger initilized init(/media/udo/Exchange/Dokumente/Development/Node/cismdatabase/lib/foundation/Base.js:15:21)
[2026-02-28T12:24:44.434] [DEBUG] QuestionDAO - QuestionDAO initialisiert! init(/media/udo/Exchange/Dokumente/Development/Node/cismdatabase/lib/database/dao/MongoCollectionReadOnly.js:28:21)
[2026-02-28T12:28:23.939] [DEBUG] QuestionDAO - Logger initilized init(/media/udo/Exchange/Dokumente/Development/Node/cismdatabase/lib/foundation/Base.js:15:21)
[2026-02-28T12:28:23.939] [DEBUG] QuestionDAO - QuestionDAO initialisiert! init(/media/udo/Exchange/Dokumente/Development/Node/cismdatabase/lib/database/dao/MongoCollectionReadOnly.js:28:21)
[2026-02-28T12:29:26.667] [DEBUG] QuestionDAO - Logger initilized init(/media/udo/Exchange/Dokumente/Development/Node/cismdatabase/lib/foundation/Base.js:15:21)
[2026-02-28T12:29:26.667] [DEBUG] QuestionDAO - QuestionDAO initialisiert! init(/media/udo/Exchange/Dokumente/Development/Node/cismdatabase/lib/database/dao/MongoCollectionReadOnly.js:28:21)
[2026-02-28T12:30:12.779] [DEBUG] QuestionDAO - Logger initilized init(/media/udo/Exchange/Dokumente/Development/Node/cismdatabase/lib/foundation/Base.js:15:21)
[2026-02-28T12:30:12.779] [DEBUG] QuestionDAO - QuestionDAO initialisiert! init(/media/udo/Exchange/Dokumente/Development/Node/cismdatabase/lib/database/dao/MongoCollectionReadOnly.js:28:21)
[2026-02-28T12:31:13.119] [DEBUG] QuestionDAO - Logger initilized init(/media/udo/Exchange/Dokumente/Development/Node/cismdatabase/lib/foundation/Base.js:15:21)
[2026-02-28T12:31:13.119] [DEBUG] QuestionDAO - QuestionDAO initialisiert! init(/media/udo/Exchange/Dokumente/Development/Node/cismdatabase/lib/database/dao/MongoCollectionReadOnly.js:28:21)
[2026-02-28T12:34:58.530] [DEBUG] QuestionDAO - Logger initilized init(/media/udo/Exchange/Dokumente/Development/Node/cismdatabase/lib/foundation/Base.js:15:21)
[2026-02-28T12:34:58.531] [DEBUG] QuestionDAO - QuestionDAO initialisiert! init(/media/udo/Exchange/Dokumente/Development/Node/cismdatabase/lib/database/dao/MongoCollectionReadOnly.js:28:21)
[2026-02-28T12:36:04.053] [DEBUG] QuestionDAO - Logger initilized init(/media/udo/Exchange/Dokumente/Development/Node/cismdatabase/lib/foundation/Base.js:15:21)
[2026-02-28T12:36:04.053] [DEBUG] QuestionDAO - QuestionDAO initialisiert! init(/media/udo/Exchange/Dokumente/Development/Node/cismdatabase/lib/database/dao/MongoCollectionReadOnly.js:28:21)
[2026-02-28T12:36:52.746] [DEBUG] QuestionDAO - Logger initilized init(/media/udo/Exchange/Dokumente/Development/Node/cismdatabase/lib/foundation/Base.js:15:21)
[2026-02-28T12:36:52.746] [DEBUG] QuestionDAO - QuestionDAO initialisiert! init(/media/udo/Exchange/Dokumente/Development/Node/cismdatabase/lib/database/dao/MongoCollectionReadOnly.js:28:21)
[2026-02-28T12:37:06.087] [DEBUG] QuestionDAO - Logger initilized init(/media/udo/Exchange/Dokumente/Development/Node/cismdatabase/lib/foundation/Base.js:15:21)
[2026-02-28T12:37:06.087] [DEBUG] QuestionDAO - QuestionDAO initialisiert! init(/media/udo/Exchange/Dokumente/Development/Node/cismdatabase/lib/database/dao/MongoCollectionReadOnly.js:28:21)
[2026-02-28T12:40:27.188] [DEBUG] QuestionDAO - Logger initilized init(/media/udo/Exchange/Dokumente/Development/Node/cismdatabase/lib/foundation/Base.js:15:21)
[2026-02-28T12:40:27.188] [DEBUG] QuestionDAO - QuestionDAO initialisiert! init(/media/udo/Exchange/Dokumente/Development/Node/cismdatabase/lib/database/dao/MongoCollectionReadOnly.js:28:21)
[2026-02-28T12:42:17.411] [DEBUG] QuestionDAO - Logger initilized init(/media/udo/Exchange/Dokumente/Development/Node/cismdatabase/lib/foundation/Base.js:15:21)
[2026-02-28T12:42:17.411] [DEBUG] QuestionDAO - QuestionDAO initialisiert! init(/media/udo/Exchange/Dokumente/Development/Node/cismdatabase/lib/database/dao/MongoCollectionReadOnly.js:28:21)
[2026-02-28T12:42:28.769] [DEBUG] QuestionDAO - Logger initilized init(/media/udo/Exchange/Dokumente/Development/Node/cismdatabase/lib/foundation/Base.js:15:21)
[2026-02-28T12:42:28.769] [DEBUG] QuestionDAO - QuestionDAO initialisiert! init(/media/udo/Exchange/Dokumente/Development/Node/cismdatabase/lib/database/dao/MongoCollectionReadOnly.js:28:21)
[2026-02-28T12:43:00.924] [DEBUG] QuestionDAO - Logger initilized init(/media/udo/Exchange/Dokumente/Development/Node/cismdatabase/lib/foundation/Base.js:15:21)
[2026-02-28T12:43:00.924] [DEBUG] QuestionDAO - QuestionDAO initialisiert! init(/media/udo/Exchange/Dokumente/Development/Node/cismdatabase/lib/database/dao/MongoCollectionReadOnly.js:28:21)
[2026-02-28T12:43:07.262] [DEBUG] QuestionDAO - Logger initilized init(/media/udo/Exchange/Dokumente/Development/Node/cismdatabase/lib/foundation/Base.js:15:21)
[2026-02-28T12:43:07.262] [DEBUG] QuestionDAO - QuestionDAO initialisiert! init(/media/udo/Exchange/Dokumente/Development/Node/cismdatabase/lib/database/dao/MongoCollectionReadOnly.js:28:21)
[2026-02-28T12:43:11.468] [DEBUG] QuestionDAO - Logger initilized init(/media/udo/Exchange/Dokumente/Development/Node/cismdatabase/lib/foundation/Base.js:15:21)
[2026-02-28T12:43:11.468] [DEBUG] QuestionDAO - QuestionDAO initialisiert! init(/media/udo/Exchange/Dokumente/Development/Node/cismdatabase/lib/database/dao/MongoCollectionReadOnly.js:28:21)
[2026-02-28T12:47:55.640] [DEBUG] QuestionDAO - Logger initilized init(/media/udo/Exchange/Dokumente/Development/Node/cismdatabase/lib/foundation/Base.js:15:21)
[2026-02-28T12:47:55.641] [DEBUG] QuestionDAO - QuestionDAO initialisiert! init(/media/udo/Exchange/Dokumente/Development/Node/cismdatabase/lib/database/dao/MongoCollectionReadOnly.js:28:21)
[2026-02-28T12:48:14.907] [DEBUG] QuestionDAO - Logger initilized init(/media/udo/Exchange/Dokumente/Development/Node/cismdatabase/lib/foundation/Base.js:15:21)
[2026-02-28T12:48:14.908] [DEBUG] QuestionDAO - QuestionDAO initialisiert! init(/media/udo/Exchange/Dokumente/Development/Node/cismdatabase/lib/database/dao/MongoCollectionReadOnly.js:28:21)
[2026-02-28T12:48:23.244] [DEBUG] QuestionDAO - Logger initilized init(/media/udo/Exchange/Dokumente/Development/Node/cismdatabase/lib/foundation/Base.js:15:21)
[2026-02-28T12:48:23.244] [DEBUG] QuestionDAO - QuestionDAO initialisiert! init(/media/udo/Exchange/Dokumente/Development/Node/cismdatabase/lib/database/dao/MongoCollectionReadOnly.js:28:21)
[2026-02-28T12:49:07.515] [DEBUG] QuestionDAO - Logger initilized init(/media/udo/Exchange/Dokumente/Development/Node/cismdatabase/lib/foundation/Base.js:15:21)
[2026-02-28T12:49:07.515] [DEBUG] QuestionDAO - QuestionDAO initialisiert! init(/media/udo/Exchange/Dokumente/Development/Node/cismdatabase/lib/database/dao/MongoCollectionReadOnly.js:28:21)
[2026-02-28T12:49:31.990] [DEBUG] QuestionDAO - Logger initilized init(/media/udo/Exchange/Dokumente/Development/Node/cismdatabase/lib/foundation/Base.js:15:21)
[2026-02-28T12:49:31.990] [DEBUG] QuestionDAO - QuestionDAO initialisiert! init(/media/udo/Exchange/Dokumente/Development/Node/cismdatabase/lib/database/dao/MongoCollectionReadOnly.js:28:21)
[2026-02-28T12:49:40.998] [DEBUG] QuestionDAO - Logger initilized init(/media/udo/Exchange/Dokumente/Development/Node/cismdatabase/lib/foundation/Base.js:15:21)
[2026-02-28T12:49:40.998] [DEBUG] QuestionDAO - QuestionDAO initialisiert! init(/media/udo/Exchange/Dokumente/Development/Node/cismdatabase/lib/database/dao/MongoCollectionReadOnly.js:28:21)
[2026-02-28T12:50:34.421] [DEBUG] QuestionDAO - Logger initilized init(/media/udo/Exchange/Dokumente/Development/Node/cismdatabase/lib/foundation/Base.js:15:21)
[2026-02-28T12:50:34.421] [DEBUG] QuestionDAO - QuestionDAO initialisiert! init(/media/udo/Exchange/Dokumente/Development/Node/cismdatabase/lib/database/dao/MongoCollectionReadOnly.js:28:21)
[2026-02-28T12:51:32.520] [DEBUG] QuestionDAO - Logger initilized init(/media/udo/Exchange/Dokumente/Development/Node/cismdatabase/lib/foundation/Base.js:15:21)
[2026-02-28T12:51:32.520] [DEBUG] QuestionDAO - QuestionDAO initialisiert! init(/media/udo/Exchange/Dokumente/Development/Node/cismdatabase/lib/database/dao/MongoCollectionReadOnly.js:28:21)
[2026-02-28T12:51:54.218] [DEBUG] QuestionDAO - Logger initilized init(/media/udo/Exchange/Dokumente/Development/Node/cismdatabase/lib/foundation/Base.js:15:21)
[2026-02-28T12:51:54.219] [DEBUG] QuestionDAO - QuestionDAO initialisiert! init(/media/udo/Exchange/Dokumente/Development/Node/cismdatabase/lib/database/dao/MongoCollectionReadOnly.js:28:21)
[2026-02-28T12:51:59.605] [DEBUG] QuestionDAO - Logger initilized init(/media/udo/Exchange/Dokumente/Development/Node/cismdatabase/lib/foundation/Base.js:15:21)
[2026-02-28T12:51:59.606] [DEBUG] QuestionDAO - QuestionDAO initialisiert! init(/media/udo/Exchange/Dokumente/Development/Node/cismdatabase/lib/database/dao/MongoCollectionReadOnly.js:28:21)
[2026-02-28T12:52:29.096] [DEBUG] QuestionDAO - Logger initilized init(/media/udo/Exchange/Dokumente/Development/Node/cismdatabase/lib/foundation/Base.js:15:21)
[2026-02-28T12:52:29.096] [DEBUG] QuestionDAO - QuestionDAO initialisiert! init(/media/udo/Exchange/Dokumente/Development/Node/cismdatabase/lib/database/dao/MongoCollectionReadOnly.js:28:21)
[2026-02-28T13:00:01.248] [DEBUG] QuestionDAO - Logger initilized init(/media/udo/Exchange/Dokumente/Development/Node/cismdatabase/lib/foundation/Base.js:15:21)
[2026-02-28T13:00:01.248] [DEBUG] QuestionDAO - QuestionDAO initialisiert! init(/media/udo/Exchange/Dokumente/Development/Node/cismdatabase/lib/database/dao/MongoCollectionReadOnly.js:28:21)
[2026-02-28T13:00:09.426] [DEBUG] QuestionDAO - Logger initilized init(/media/udo/Exchange/Dokumente/Development/Node/cismdatabase/lib/foundation/Base.js:15:21)
[2026-02-28T13:00:09.426] [DEBUG] QuestionDAO - QuestionDAO initialisiert! init(/media/udo/Exchange/Dokumente/Development/Node/cismdatabase/lib/database/dao/MongoCollectionReadOnly.js:28:21)
[2026-02-28T13:00:13.222] [DEBUG] QuestionDAO - Logger initilized init(/media/udo/Exchange/Dokumente/Development/Node/cismdatabase/lib/foundation/Base.js:15:21)
[2026-02-28T13:00:13.222] [DEBUG] QuestionDAO - QuestionDAO initialisiert! init(/media/udo/Exchange/Dokumente/Development/Node/cismdatabase/lib/database/dao/MongoCollectionReadOnly.js:28:21)
[2026-02-28T13:00:55.117] [DEBUG] QuestionDAO - Logger initilized init(/media/udo/Exchange/Dokumente/Development/Node/cismdatabase/lib/foundation/Base.js:15:21)
[2026-02-28T13:00:55.117] [DEBUG] QuestionDAO - QuestionDAO initialisiert! init(/media/udo/Exchange/Dokumente/Development/Node/cismdatabase/lib/database/dao/MongoCollectionReadOnly.js:28:21)
[2026-02-28T13:01:09.234] [DEBUG] QuestionDAO - Logger initilized init(/media/udo/Exchange/Dokumente/Development/Node/cismdatabase/lib/foundation/Base.js:15:21)
[2026-02-28T13:01:09.234] [DEBUG] QuestionDAO - QuestionDAO initialisiert! init(/media/udo/Exchange/Dokumente/Development/Node/cismdatabase/lib/database/dao/MongoCollectionReadOnly.js:28:21)
[2026-02-28T13:01:42.481] [DEBUG] QuestionDAO - Logger initilized init(/media/udo/Exchange/Dokumente/Development/Node/cismdatabase/lib/foundation/Base.js:15:21)
[2026-02-28T13:01:42.481] [DEBUG] QuestionDAO - QuestionDAO initialisiert! init(/media/udo/Exchange/Dokumente/Development/Node/cismdatabase/lib/database/dao/MongoCollectionReadOnly.js:28:21)
[2026-02-28T13:05:09.983] [DEBUG] QuestionDAO - Logger initilized init(/media/udo/Exchange/Dokumente/Development/Node/cismdatabase/lib/foundation/Base.js:15:21)
[2026-02-28T13:05:09.983] [DEBUG] QuestionDAO - QuestionDAO initialisiert! init(/media/udo/Exchange/Dokumente/Development/Node/cismdatabase/lib/database/dao/MongoCollectionReadOnly.js:28:21)
[2026-02-28T13:05:13.766] [DEBUG] QuestionDAO - Logger initilized init(/media/udo/Exchange/Dokumente/Development/Node/cismdatabase/lib/foundation/Base.js:15:21)
[2026-02-28T13:05:13.766] [DEBUG] QuestionDAO - QuestionDAO initialisiert! init(/media/udo/Exchange/Dokumente/Development/Node/cismdatabase/lib/database/dao/MongoCollectionReadOnly.js:28:21)
[2026-02-28T13:06:12.715] [DEBUG] QuestionDAO - Logger initilized init(/media/udo/Exchange/Dokumente/Development/Node/cismdatabase/lib/foundation/Base.js:15:21)
[2026-02-28T13:06:12.715] [DEBUG] QuestionDAO - QuestionDAO initialisiert! init(/media/udo/Exchange/Dokumente/Development/Node/cismdatabase/lib/database/dao/MongoCollectionReadOnly.js:28:21)
[2026-02-28T13:07:03.957] [DEBUG] QuestionDAO - Logger initilized init(/media/udo/Exchange/Dokumente/Development/Node/cismdatabase/lib/foundation/Base.js:15:21)
[2026-02-28T13:07:03.957] [DEBUG] QuestionDAO - QuestionDAO initialisiert! init(/media/udo/Exchange/Dokumente/Development/Node/cismdatabase/lib/database/dao/MongoCollectionReadOnly.js:28:21)
[2026-02-28T13:08:28.234] [DEBUG] QuestionDAO - Logger initilized init(/media/udo/Exchange/Dokumente/Development/Node/cismdatabase/lib/foundation/Base.js:15:21)
[2026-02-28T13:08:28.234] [DEBUG] QuestionDAO - QuestionDAO initialisiert! init(/media/udo/Exchange/Dokumente/Development/Node/cismdatabase/lib/database/dao/MongoCollectionReadOnly.js:28:21)
[2026-02-28T13:08:38.347] [DEBUG] QuestionDAO - Logger initilized init(/media/udo/Exchange/Dokumente/Development/Node/cismdatabase/lib/foundation/Base.js:15:21)
[2026-02-28T13:08:38.347] [DEBUG] QuestionDAO - QuestionDAO initialisiert! init(/media/udo/Exchange/Dokumente/Development/Node/cismdatabase/lib/database/dao/MongoCollectionReadOnly.js:28:21)
[2026-02-28T13:08:49.698] [DEBUG] QuestionDAO - Logger initilized init(/media/udo/Exchange/Dokumente/Development/Node/cismdatabase/lib/foundation/Base.js:15:21)
[2026-02-28T13:08:49.698] [DEBUG] QuestionDAO - QuestionDAO initialisiert! init(/media/udo/Exchange/Dokumente/Development/Node/cismdatabase/lib/database/dao/MongoCollectionReadOnly.js:28:21)
[2026-02-28T13:09:48.182] [DEBUG] QuestionDAO - Logger initilized init(/media/udo/Exchange/Dokumente/Development/Node/cismdatabase/lib/foundation/Base.js:15:21)
[2026-02-28T13:09:48.182] [DEBUG] QuestionDAO - QuestionDAO initialisiert! init(/media/udo/Exchange/Dokumente/Development/Node/cismdatabase/lib/database/dao/MongoCollectionReadOnly.js:28:21)
[2026-02-28T13:10:31.391] [DEBUG] QuestionDAO - Logger initilized init(/media/udo/Exchange/Dokumente/Development/Node/cismdatabase/lib/foundation/Base.js:15:21)
[2026-02-28T13:10:31.391] [DEBUG] QuestionDAO - QuestionDAO initialisiert! init(/media/udo/Exchange/Dokumente/Development/Node/cismdatabase/lib/database/dao/MongoCollectionReadOnly.js:28:21)
[2026-02-28T13:10:32.600] [DEBUG] QuestionDAO - Logger initilized init(/media/udo/Exchange/Dokumente/Development/Node/cismdatabase/lib/foundation/Base.js:15:21)
[2026-02-28T13:10:32.600] [DEBUG] QuestionDAO - QuestionDAO initialisiert! init(/media/udo/Exchange/Dokumente/Development/Node/cismdatabase/lib/database/dao/MongoCollectionReadOnly.js:28:21)
[2026-02-28T13:11:33.682] [DEBUG] QuestionDAO - Logger initilized init(/media/udo/Exchange/Dokumente/Development/Node/cismdatabase/lib/foundation/Base.js:15:21)
[2026-02-28T13:11:33.682] [DEBUG] QuestionDAO - QuestionDAO initialisiert! init(/media/udo/Exchange/Dokumente/Development/Node/cismdatabase/lib/database/dao/MongoCollectionReadOnly.js:28:21)
[2026-02-28T13:12:47.808] [DEBUG] QuestionDAO - Logger initilized init(/media/udo/Exchange/Dokumente/Development/Node/cismdatabase/lib/foundation/Base.js:15:21)
[2026-02-28T13:12:47.808] [DEBUG] QuestionDAO - QuestionDAO initialisiert! init(/media/udo/Exchange/Dokumente/Development/Node/cismdatabase/lib/database/dao/MongoCollectionReadOnly.js:28:21)
[2026-02-28T13:12:50.568] [DEBUG] QuestionDAO - Logger initilized init(/media/udo/Exchange/Dokumente/Development/Node/cismdatabase/lib/foundation/Base.js:15:21)
[2026-02-28T13:12:50.568] [DEBUG] QuestionDAO - QuestionDAO initialisiert! init(/media/udo/Exchange/Dokumente/Development/Node/cismdatabase/lib/database/dao/MongoCollectionReadOnly.js:28:21)
