[2026-02-28T13:08:27.949] [DEBUG] LogManager - Logger initilized init(/media/udo/Exchange/Dokumente/Development/Node/cismdatabase/lib/foundation/Base.js:15:21)
[2026-02-28T13:08:27.950] [DEBUG] Server - Logger initilized init(/media/udo/Exchange/Dokumente/Development/Node/cismdatabase/lib/foundation/Base.js:15:21)
[2026-02-28T13:08:27.950] [INFO] LogManager - Returning logger for category 'MongoDatabase' ...  getLogger(/media/udo/Exchange/Dokumente/Development/Node/cismdatabase/lib/logging/LogManager.js:61:12)
[2026-02-28T13:08:28.234] [INFO] LogManager - Returning logger for category 'QuestionDAO' ...  getLogger(/media/udo/Exchange/Dokumente/Development/Node/cismdatabase/lib/logging/LogManager.js:61:12)
[2026-02-28T13:08:28.234] [INFO] LogManager - Returning logger for category 'AnswerDAO' ...  getLogger(/media/udo/Exchange/Dokumente/Development/Node/cismdatabase/lib/logging/LogManager.js:61:12)
[2026-02-28T13:08:28.235] [INFO] LogManager - Returning logger for category 'TestDAO' ...  getLogger(/media/udo/Exchange/Dokumente/Development/Node/cismdatabase/lib/logging/LogManager.js:61:12)
[2026-02-28T13:08:28.235] [INFO] LogManager - Returning logger for category 'TestAnswersDAO' ...  getLogger(/media/udo/Exchange/Dokumente/Development/Node/cismdatabase/lib/logging/LogManager.js:61:12)
[2026-02-28T13:08:28.236] [INFO] LogManager - Returning logger for category 'UserDAO' ...  getLogger(/media/udo/Exchange/Dokumente/Development/Node/cismdatabase/lib/logging/LogManager.js:61:12)
[2026-02-28T13:08:29.223] [INFO] Server - /api/question - Getting question object from database <anonymous>(/media/udo/Exchange/Dokumente/Development/Node/cismdatabase/lib/server/routes.js:60:23)
[2026-02-28T13:08:29.239] [DEBUG] Server - Result from database: {"_id":"69a2dabcbaa1710f9131cc74","ID":1,"question":"illo","correct":"a","answers":[{"_id":"69a2dabcbaa1710f9131cc75","question":1,"answer":"a","text":"placeat","question_id":"69a2dabcbaa1710f9131cc74"},{"_id":"69a2dabcbaa1710f9131cc76","question":1,"answer":"a","text":"eaque","question_id":"69a2dabcbaa1710f9131cc74"},{"_id":"69a2dabcbaa1710f9131cc77","question":1,"answer":"a","text":"error","question_id":"69a2dabcbaa1710f9131cc74"},{"_id":"69a2dabcbaa1710f9131cc78","question":1,"answer":"a","text":"deleniti","question_id":"69a2dabcbaa1710f9131cc74"}]} <anonymous>(/media/udo/Exchange/Dokumente/Development/Node/cismdatabase/lib/server/routes.js:63:25)
[2026-02-28T13:08:37.738] [INFO] LogManager - Returning logger for category 'MongoDatabase' ...  getLogger(/media/udo/Exchange/Dokumente/Development/Node/cismdatabase/lib/logging/LogManager.js:61:12)
[2026-02-28T13:08:37.738] [DEBUG] Server - Logger initilized init(/media/udo/Exchange/Dokumente/Development/Node/cismdatabase/lib/foundation/Base.js:15:21)
[2026-02-28T13:08:38.347] [INFO] LogManager - Returning logger for category 'QuestionDAO' ...  getLogger(/media/udo/Exchange/Dokumente/Development/Node/cismdatabase/lib/logging/LogManager.js:61:12)
[2026-02-28T13:08:38.347] [INFO] LogManager - Returning logger for category 'AnswerDAO' ...  getLogger(/media/udo/Exchange/Dokumente/Development/Node/cismdatabase/lib/logging/LogManager.js:61:12)
[2026-02-28T13:08:38.347] [INFO] LogManager - Returning logger for category 'TestDAO' ...  getLogger(/media/udo/Exchange/Dokumente/Development/Node/cismdatabase/lib/logging/LogManager.js:61:12)
[2026-02-28T13:08:38.348] [INFO] LogManager - Returning logger for category 'TestAnswersDAO' ...  getLogger(/media/udo/Exchange/Dokumente/Development/Node/cismdatabase/lib/logging/LogManager.js:61:12)
[2026-02-28T13:08:38.348] [INFO] LogManager - Returning logger for category 'UserDAO' ...  getLogger(/media/udo/Exchange/Dokumente/Development/Node/cismdatabase/lib/logging/LogManager.js:61:12)
[2026-02-28T13:08:39.398] [INFO] Server - /api/question - Getting question object from database <anonymous>(/media/udo/Exchange/Dokumente/Development/Node/cismdatabase/lib/server/routes.js:60:23)
[2026-02-28T13:08:39.556] [DEBUG] Server - Result from database: {"_id":"69a2dac60b755e608087ec0d","ID":1,"question":"mollitia","correct":"a","answers":[{"_id":"69a2dac70b755e608087ec0e","question":1,"answer":"a","text":"voluptas","question_id":"69a2dac60b755e608087ec0d"},{"_id":"69a2dac70b755e608087ec0f","question":1,"answer":"a","text":"esse","question_id":"69a2dac60b755e608087ec0d"},{"_id":"69a2dac70b755e608087ec10","question":1,"answer":"a","text":"sapiente","question_id":"69a2dac60b755e608087ec0d"},{"_id":"69a2dac70b755e608087ec11","question":1,"answer":"a","text":"consectetur","question_id":"69a2dac60b755e608087ec0d"}]} <anonymous>(/media/udo/Exchange/Dokumente/Development/Node/cismdatabase/lib/server/routes.js:63:25)
[2026-02-28T13:08:48.895] [INFO] LogManager - Returning logger for category 'MongoDatabase' ...  getLogger(/media/udo/Exchange/Dokumente/Development/Node/cismdatabase/lib/logging/LogManager.js:61:12)
[2026-02-28T13:08:48.895] [DEBUG] Server - Logger initilized init(/media/udo/Exchange/Dokumente/Development/Node/cismdatabase/lib/foundation/Base.js:15:21)
[2026-02-28T13:08:49.698] [INFO] LogManager - Returning logger for category 'QuestionDAO' ...  getLogger(/media/udo/Exchange/Dokumente/Development/Node/cismdatabase/lib/logging/LogManager.js:61:12)
[2026-02-28T13:08:49.698] [INFO] LogManager - Returning logger for category 'AnswerDAO' ...  getLogger(/media/udo/Exchange/Dokumente/Development/Node/cismdatabase/lib/logging/LogManager.js:61:12)
[2026-02-28T13:08:49.699] [INFO] LogManager - Returning logger for category 'TestDAO' ...  getLogger(/media/udo/Exchange/Dokumente/Development/Node/cismdatabase/lib/logging/LogManager.js:61:12)
[2026-02-28T13:08:49.699] [INFO] LogManager - Returning logger for category 'TestAnswersDAO' ...  getLogger(/media/udo/Exchange/Dokumente/Development/Node/cismdatabase/lib/logging/LogManager.js:61:12)
[2026-02-28T13:08:49.699] [INFO] LogManager - Returning logger for category 'UserDAO' ...  getLogger(/media/udo/Exchange/Dokumente/Development/Node/cismdatabase/lib/logging/LogManager.js:61:12)
[2026-02-28T13:08:50.363] [INFO] Server - /api/question - Getting question object from database <anonymous>(/media/udo/Exchange/Dokumente/Development/Node/cismdatabase/lib/server/routes.js:60:23)
[2026-02-28T13:08:50.411] [DEBUG] Server - Result from database: {"_id":"69a2dad13aa034ed4793e1a5","ID":1,"question":"eum","correct":"a","answers":[{"_id":"69a2dad13aa034ed4793e1a6","question":1,"answer":"a","text":"fugit","question_id":"69a2dad13aa034ed4793e1a5"},{"_id":"69a2dad13aa034ed4793e1a7","question":1,"answer":"a","text":"fugiat","question_id":"69a2dad13aa034ed4793e1a5"},{"_id":"69a2dad13aa034ed4793e1a8","question":1,"answer":"a","text":"natus","question_id":"69a2dad13aa034ed4793e1a5"},{"_id":"69a2dad13aa034ed4793e1a9","question":1,"answer":"a","text":"praesentium","question_id":"69a2dad13aa034ed4793e1a5"}]} <anonymous>(/media/udo/Exchange/Dokumente/Development/Node/cismdatabase/lib/server/routes.js:63:25)
[2026-02-28T13:09:47.898] [INFO] LogManager - Returning logger for category 'MongoDatabase' ...  getLogger(/media/udo/Exchange/Dokumente/Development/Node/cismdatabase/lib/logging/LogManager.js:61:12)
[2026-02-28T13:09:47.898] [DEBUG] Server - Logger initilized init(/media/udo/Exchange/Dokumente/Development/Node/cismdatabase/lib/foundation/Base.js:15:21)
[2026-02-28T13:09:48.182] [INFO] LogManager - Returning logger for category 'QuestionDAO' ...  getLogger(/media/udo/Exchange/Dokumente/Development/Node/cismdatabase/lib/logging/LogManager.js:61:12)
[2026-02-28T13:09:48.182] [INFO] LogManager - Returning logger for category 'AnswerDAO' ...  getLogger(/media/udo/Exchange/Dokumente/Development/Node/cismdatabase/lib/logging/LogManager.js:61:12)
[2026-02-28T13:09:48.183] [INFO] LogManager - Returning logger for category 'TestDAO' ...  getLogger(/media/udo/Exchange/Dokumente/Development/Node/cismdatabase/lib/logging/LogManager.js:61:12)
[2026-02-28T13:09:48.183] [INFO] LogManager - Returning logger for category 'TestAnswersDAO' ...  getLogger(/media/udo/Exchange/Dokumente/Development/Node/cismdatabase/lib/logging/LogManager.js:61:12)
[2026-02-28T13:09:48.184] [INFO] LogManager - Returning logger for category 'UserDAO' ...  getLogger(/media/udo/Exchange/Dokumente/Development/Node/cismdatabase/lib/logging/LogManager.js:61:12)
[2026-02-28T13:09:48.504] [INFO] Server - /api/question - Getting question object from database <anonymous>(/media/udo/Exchange/Dokumente/Development/Node/cismdatabase/lib/server/routes.js:60:23)
[2026-02-28T13:09:48.569] [DEBUG] Server - Result from database: {"_id":"69a2db0c762d6a85fbe2b61d","ID":1,"question":"facere","correct":"a","answers":[{"_id":"69a2db0c762d6a85fbe2b61e","question":1,"answer":"a","text":"quisquam","question_id":"69a2db0c762d6a85fbe2b61d"},{"_id":"69a2db0c762d6a85fbe2b61f","question":1,"answer":"a","text":"repudiandae","question_id":"69a2db0c762d6a85fbe2b61d"},{"_id":"69a2db0c762d6a85fbe2b620","question":1,"answer":"a","text":"culpa","question_id":"69a2db0c762d6a85fbe2b61d"},{"_id":"69a2db0c762d6a85fbe2b621","question":1,"answer":"a","text":"tempora","question_id":"69a2db0c762d6a85fbe2b61d"}]} <anonymous>(/media/udo/Exchange/Dokumente/Development/Node/cismdatabase/lib/server/routes.js:63:25)
[2026-02-28T13:10:31.189] [INFO] LogManager - Returning logger for category 'MongoDatabase' ...  getLogger(/media/udo/Exchange/Dokumente/Development/Node/cismdatabase/lib/logging/LogManager.js:61:12)
[2026-02-28T13:10:31.189] [DEBUG] Server - Logger initilized init(/media/udo/Exchange/Dokumente/Development/Node/cismdatabase/lib/foundation/Base.js:15:21)
[2026-02-28T13:10:31.390] [INFO] LogManager - Returning logger for category 'QuestionDAO' ...  getLogger(/media/udo/Exchange/Dokumente/Development/Node/cismdatabase/lib/logging/LogManager.js:61:12)
[2026-02-28T13:10:31.391] [INFO] LogManager - Returning logger for category 'AnswerDAO' ...  getLogger(/media/udo/Exchange/Dokumente/Development/Node/cismdatabase/lib/logging/LogManager.js:61:12)
[2026-02-28T13:10:31.391] [INFO] LogManager - Returning logger for category 'TestDAO' ...  getLogger(/media/udo/Exchange/Dokumente/Development/Node/cismdatabase/lib/logging/LogManager.js:61:12)
[2026-02-28T13:10:31.391] [INFO] LogManager - Returning logger for category 'TestAnswersDAO' ...  getLogger(/media/udo/Exchange/Dokumente/Development/Node/cismdatabase/lib/logging/LogManager.js:61:12)
[2026-02-28T13:10:31.392] [INFO] LogManager - Returning logger for category 'UserDAO' ...  getLogger(/media/udo/Exchange/Dokumente/Development/Node/cismdatabase/lib/logging/LogManager.js:61:12)
[2026-02-28T13:10:32.348] [INFO] LogManager - Returning logger for category 'MongoDatabase' ...  getLogger(/media/udo/Exchange/Dokumente/Development/Node/cismdatabase/lib/logging/LogManager.js:61:12)
[2026-02-28T13:10:32.347] [DEBUG] Server - Logger initilized init(/media/udo/Exchange/Dokumente/Development/Node/cismdatabase/lib/foundation/Base.js:15:21)
[2026-02-28T13:10:32.356] [INFO] Server - /api/question - Getting question object from database <anonymous>(/media/udo/Exchange/Dokumente/Development/Node/cismdatabase/lib/server/routes.js:60:23)
[2026-02-28T13:10:32.368] [DEBUG] Server - Result from database: {"_id":"69a2db38b7015fddf8309695","ID":1,"question":"perspiciatis","correct":"a","answers":[{"_id":"69a2db38b7015fddf8309696","question":1,"answer":"a","text":"dicta","question_id":"69a2db38b7015fddf8309695"},{"_id":"69a2db38b7015fddf8309697","question":1,"answer":"a","text":"numquam","question_id":"69a2db38b7015fddf8309695"},{"_id":"69a2db38b7015fddf8309698","question":1,"answer":"a","text":"eos","question_id":"69a2db38b7015fddf8309695"},{"_id":"69a2db38b7015fddf8309699","question":1,"answer":"a","text":"reprehenderit","question_id":"69a2db38b7015fddf8309695"}]} <anonymous>(/media/udo/Exchange/Dokumente/Development/Node/cismdatabase/lib/server/routes.js:63:25)
[2026-02-28T13:10:32.599] [INFO] LogManager - Returning logger for category 'QuestionDAO' ...  getLogger(/media/udo/Exchange/Dokumente/Development/Node/cismdatabase/lib/logging/LogManager.js:61:12)
[2026-02-28T13:10:32.600] [INFO] LogManager - Returning logger for category 'AnswerDAO' ...  getLogger(/media/udo/Exchange/Dokumente/Development/Node/cismdatabase/lib/logging/LogManager.js:61:12)
[2026-02-28T13:10:32.600] [INFO] LogManager - Returning logger for category 'TestDAO' ...  getLogger(/media/udo/Exchange/Dokumente/Development/Node/cismdatabase/lib/logging/LogManager.js:61:12)
[2026-02-28T13:10:32.601] [INFO] LogManager - Returning logger for category 'TestAnswersDAO' ...  getLogger(/media/udo/Exchange/Dokumente/Development/Node/cismdatabase/lib/logging/LogManager.js:61:12)
[2026-02-28T13:10:32.601] [INFO] LogManager - Returning logger for category 'UserDAO' ...  getLogger(/media/udo/Exchange/Dokumente/Development/Node/cismdatabase/lib/logging/LogManager.js:61:12)
[2026-02-28T13:10:32.915] [INFO] Server - /api/question - Getting question object from database <anonymous>(/media/udo/Exchange/Dokumente/Development/Node/cismdatabase/lib/server/routes.js:60:23)
[2026-02-28T13:10:32.936] [DEBUG] Server - Result from database: {"_id":"69a2db3888481ba447c01d8e","ID":1,"question":"libero","correct":"a","answers":[{"_id":"69a2db3888481ba447c01d8f","question":1,"answer":"a","text":"rem","question_id":"69a2db3888481ba447c01d8e"},{"_id":"69a2db3888481ba447c01d90","question":1,"answer":"a","text":"nisi","question_id":"69a2db3888481ba447c01d8e"},{"_id":"69a2db3888481ba447c01d91","question":1,"answer":"a","text":"fugit","question_id":"69a2db3888481ba447c01d8e"},{"_id":"69a2db3888481ba447c01d92","question":1,"answer":"a","text":"saepe","question_id":"69a2db3888481ba447c01d8e"}]} <anonymous>(/media/udo/Exchange/Dokumente/Development/Node/cismdatabase/lib/server/routes.js:63:25)
[2026-02-28T13:11:33.281] [INFO] LogManager - Returning logger for category 'MongoDatabase' ...  getLogger(/media/udo/Exchange/Dokumente/Development/Node/cismdatabase/lib/logging/LogManager.js:61:12)
[2026-02-28T13:11:33.281] [DEBUG] Server - Logger initilized init(/media/udo/Exchange/Dokumente/Development/Node/cismdatabase/lib/foundation/Base.js:15:21)
[2026-02-28T13:11:33.681] [INFO] LogManager - Returning logger for category 'QuestionDAO' ...  getLogger(/media/udo/Exchange/Dokumente/Development/Node/cismdatabase/lib/logging/LogManager.js:61:12)
[2026-02-28T13:11:33.682] [INFO] LogManager - Returning logger for category 'AnswerDAO' ...  getLogger(/media/udo/Exchange/Dokumente/Development/Node/cismdatabase/lib/logging/LogManager.js:61:12)
[2026-02-28T13:11:33.682] [INFO] LogManager - Returning logger for category 'TestDAO' ...  getLogger(/media/udo/Exchange/Dokumente/Development/Node/cismdatabase/lib/logging/LogManager.js:61:12)
[2026-02-28T13:11:33.683] [INFO] LogManager - Returning logger for category 'TestAnswersDAO' ...  getLogger(/media/udo/Exchange/Dokumente/Development/Node/cismdatabase/lib/logging/LogManager.js:61:12)
[2026-02-28T13:11:33.683] [INFO] LogManager - Returning logger for category 'UserDAO' ...  getLogger(/media/udo/Exchange/Dokumente/Development/Node/cismdatabase/lib/logging/LogManager.js:61:12)
[2026-02-28T13:11:34.190] [INFO] Server - /api/question - Getting question object from database <anonymous>(/media/udo/Exchange/Dokumente/Development/Node/cismdatabase/lib/server/routes.js:60:23)
[2026-02-28T13:11:34.249] [DEBUG] Server - Result from database: {"_id":"69a2db75e7b6ccc6948d56fa","ID":1,"question":"neque","correct":"a","answers":[{"_id":"69a2db75e7b6ccc6948d56fb","question":1,"answer":"a","text":"veritatis","question_id":"69a2db75e7b6ccc6948d56fa"},{"_id":"69a2db75e7b6ccc6948d56fc","question":1,"answer":"a","text":"natus","question_id":"69a2db75e7b6ccc6948d56fa"},{"_id":"69a2db75e7b6ccc6948d56fd","question":1,"answer":"a","text":"unde","question_id":"69a2db75e7b6ccc6948d56fa"},{"_id":"69a2db75e7b6ccc6948d56fe","question":1,"answer":"a","text":"tempore","question_id":"69a2db75e7b6ccc6948d56fa"}]} <anonymous>(/media/udo/Exchange/Dokumente/Development/Node/cismdatabase/lib/server/routes.js:63:25)
[2026-02-28T13:12:47.518] [INFO] LogManager - Returning logger for category 'MongoDatabase' ...  getLogger(/media/udo/Exchange/Dokumente/Development/Node/cismdatabase/lib/logging/LogManager.js:61:12)
[2026-02-28T13:12:47.518] [DEBUG] Server - Logger initilized init(/media/udo/Exchange/Dokumente/Development/Node/cismdatabase/lib/foundation/Base.js:15:21)
[2026-02-28T13:12:47.808] [INFO] LogManager - Returning logger for category 'QuestionDAO' ...  getLogger(/media/udo/Exchange/Dokumente/Development/Node/cismdatabase/lib/logging/LogManager.js:61:12)
[2026-02-28T13:12:47.808] [INFO] LogManager - Returning logger for category 'AnswerDAO' ...  getLogger(/media/udo/Exchange/Dokumente/Development/Node/cismdatabase/lib/logging/LogManager.js:61:12)
[2026-02-28T13:12:47.808] [INFO] LogManager - Returning logger for category 'TestDAO' ...  getLogger(/media/udo/Exchange/Dokumente/Development/Node/cismdatabase/lib/logging/LogManager.js:61:12)
[2026-02-28T13:12:47.809] [INFO] LogManager - Returning logger for category 'TestAnswersDAO' ...  getLogger(/media/udo/Exchange/Dokumente/Development/Node/cismdatabase/lib/logging/LogManager.js:61:12)
[2026-02-28T13:12:47.809] [INFO] LogManager - Returning logger for category 'UserDAO' ...  getLogger(/media/udo/Exchange/Dokumente/Development/Node/cismdatabase/lib/logging/LogManager.js:61:12)
[2026-02-28T13:12:49.101] [INFO] Server - /api/question - Getting question object from database <anonymous>(/media/udo/Exchange/Dokumente/Development/Node/cismdatabase/lib/server/routes.js:60:23)
[2026-02-28T13:12:49.205] [DEBUG] Server - Result from database: {"_id":"69a2dbc0e64bddd4657df6ea","ID":1,"question":"tempore","correct":"a","answers":[{"_id":"69a2dbc0e64bddd4657df6eb","question":1,"answer":"a","text":"quam","question_id":"69a2dbc0e64bddd4657df6ea"},{"_id":"69a2dbc0e64bddd4657df6ec","question":1,"answer":"a","text":"temporibus","question_id":"69a2dbc0e64bddd4657df6ea"},{"_id":"69a2dbc0e64bddd4657df6ed","question":1,"answer":"a","text":"nisi","question_id":"69a2dbc0e64bddd4657df6ea"},{"_id":"69a2dbc0e64bddd4657df6ee","question":1,"answer":"a","text":"quos","question_id":"69a2dbc0e64bddd4657df6ea"}]} <anonymous>(/media/udo/Exchange/Dokumente/Development/Node/cismdatabase/lib/server/routes.js:63:25)
[2026-02-28T13:12:50.281] [INFO] LogManager - Returning logger for category 'MongoDatabase' ...  getLogger(/media/udo/Exchange/Dokumente/Development/Node/cismdatabase/lib/logging/LogManager.js:61:12)
[2026-02-28T13:12:50.281] [DEBUG] Server - Logger initilized init(/media/udo/Exchange/Dokumente/Development/Node/cismdatabase/lib/foundation/Base.js:15:21)
[2026-02-28T13:12:50.567] [INFO] Server - /api/get/test/for/period - Getting test(s) for a given period <anonymous>(/media/udo/Exchange/Dokumente/Development/Node/cismdatabase/lib/server/routes.js:83:23)
[2026-02-28T13:12:50.567] [DEBUG] Server - Given period is start_data:2026-02-27T23:00:00.000Z, end_data: 2026-02-28T22:59:59.999Z <anonymous>(/media/udo/Exchange/Dokumente/Development/Node/cismdatabase/lib/server/routes.js:87:25)
[2026-02-28T13:12:50.567] [INFO] LogManager - Returning logger for category 'QuestionDAO' ...  getLogger(/media/udo/Exchange/Dokumente/Development/Node/cismdatabase/lib/logging/LogManager.js:61:12)
[2026-02-28T13:12:50.568] [INFO] LogManager - Returning logger for category 'AnswerDAO' ...  getLogger(/media/udo/Exchange/Dokumente/Development/Node/cismdatabase/lib/logging/LogManager.js:61:12)
[2026-02-28T13:12:50.568] [INFO] LogManager - Returning logger for category 'TestDAO' ...  getLogger(/media/udo/Exchange/Dokumente/Development/Node/cismdatabase/lib/logging/LogManager.js:61:12)
[2026-02-28T13:12:50.569] [INFO] LogManager - Returning logger for category 'TestAnswersDAO' ...  getLogger(/media/udo/Exchange/Dokumente/Development/Node/cismdatabase/lib/logging/LogManager.js:61:12)
[2026-02-28T13:12:50.569] [INFO] LogManager - Returning logger for category 'UserDAO' ...  getLogger(/media/udo/Exchange/Dokumente/Development/Node/cismdatabase/lib/logging/LogManager.js:61:12)
[2026-02-28T13:12:50.873] [INFO] Server - /api/question - Getting question object from database <anonymous>(/media/udo/Exchange/Dokumente/Development/Node/cismdatabase/lib/server/routes.js:60:23)
[2026-02-28T13:12:50.884] [DEBUG] Server - Result from database: {"_id":"69a2dbc2431577348b566354","ID":1,"question":"ea","correct":"a","answers":[{"_id":"69a2dbc2431577348b566355","question":1,"answer":"a","text":"esse","question_id":"69a2dbc2431577348b566354"},{"_id":"69a2dbc2431577348b566356","question":1,"answer":"a","text":"commodi","question_id":"69a2dbc2431577348b566354"},{"_id":"69a2dbc2431577348b566357","question":1,"answer":"a","text":"ullam","question_id":"69a2dbc2431577348b566354"},{"_id":"69a2dbc2431577348b566358","question":1,"answer":"a","text":"impedit","question_id":"69a2dbc2431577348b566354"}]} <anonymous>(/media/udo/Exchange/Dokumente/Development/Node/cismdatabase/lib/server/routes.js:63:25)
